<!DOCTYPE html>
<html>
	<head>
        <meta http-equiv="content-type" content="text/html; charset=UTF-8" />
		<title>Philips.CDP.Automation.IAP.Tests.Workflows Test Execution Report</title>
        <script type="text/javascript" src="http://code.jquery.com/jquery-1.6.2.min.js"></script>
        <script type="text/javascript">
            /**
            * jQuery.fn.sortElements
            * --------------
            * #author James Padolsey (http://james.padolsey.com)
            * #version 0.11
            * #updated 18-MAR-2010
            * #url https://raw.github.com/jamespadolsey/jQuery-Plugins/master/sortElements/jquery.sortElements.js
            * --------------
            * #param Function comparator:
            *   Exactly the same behaviour as [1,2,3].sort(comparator)
            *   
            * #param Function getSortable
            *   A function that should return the element that is
            *   to be sorted. The comparator will run on the
            *   current collection, but you may want the actual
            *   resulting sort to occur on a parent or another
            *   associated element.
            *   
            *   E.g. $('td').sortElements(comparator, function(){
            *      return this.parentNode; 
            *   })
            *   
            *   The <td>'s parent (<tr>) will be sorted instead
            *   of the <td> itself.
            */
            jQuery.fn.sortElements = (function () {

                var sort = [].sort;

                return function (comparator, getSortable) {

                    getSortable = getSortable || function () { return this; };

                    var placements = this.map(function () {

                        var sortElement = getSortable.call(this),
                parentNode = sortElement.parentNode,

                        // Since the element itself will change position, we have
                        // to have some way of storing it's original position in
                        // the DOM. The easiest way is to have a 'flag' node:
                nextSibling = parentNode.insertBefore(
                    document.createTextNode(''),
                    sortElement.nextSibling
                );

                        return function () {

                            if (parentNode === this) {
                                throw new Error(
                        "You can't sort elements if any one is a descendant of another."
                    );
                            }

                            // Insert before flag:
                            parentNode.insertBefore(this, nextSibling);
                            // Remove flag:
                            parentNode.removeChild(nextSibling);

                        };

                    });

                    return sort.call(this, comparator).each(function (i) {
                        placements[i].call(getSortable.call(this));
                    });

                };

            })();
        </script>
        <script type="text/javascript">
            jQuery.fn.setBarSizes = (function () {
                return function (metricName, maxBarSize, min) {
                    var max = Math.max.apply(Math, $.makeArray($(this).map(function () { return Number($(this).attr('data-sr-' + metricName)); })));
                    var scale = 1.0;
                    while (max > 0.0 && max <= 10.0) {
                        scale = scale * 10.0;
                        max = max * 10.0;
                    }
                    max = (Math.ceil(max / 2) * 2) / scale;

                    this.each(function () {
                        var barAnchor = $(this).find('a');
                        var actual = $(this).attr('data-sr-' + metricName);
                        var newHeight = Math.max(Math.round(maxBarSize * (actual - min) / (max - min)), 2);
                        barAnchor.css({ height: newHeight });
                    });

                    var unit = "";
                    if (metricName.substr(metricName.length - 4, 4) === "time")
                        unit = "s";

                    $('#testview .scale-min-label').each(function () {
                        $(this).text(min.toString() + unit);
                    });
                    $('#testview .scale-max-label').each(function () {
                        $(this).text(max.toString() + unit);
                    });
                    var mid = max / 2;
                    $('#testview .scale-mid-label').each(function () {
                        $(this).text(mid.toString() + unit);
                    });
                };
            })();

            function getComparer(metricName, isDesc) {
                return function (a, b) {
                    var aNumber = Number($(a).attr('data-sr-' + metricName));
                    var bNumber = Number($(b).attr('data-sr-' + metricName));
                    var result = aNumber > bNumber ? 1 : (aNumber < bNumber ? -1 : 0);
                    if (isDesc)
                        result = -1 * result;

                    if (result == 0 && metricName != "order")
                        result = getComparer("order", false)(a, b);

                    return result;
                };
            }

            var currentSort = "";
            function doSort(allowToggleDesc) {
                var newSort = $("input[name='barSortOrder']:checked").val();
                if (allowToggleDesc && currentSort == newSort) {
                    $('#barSortDesc').click();
                    doSort(false);
                    return;
                }
                currentSort = newSort;
                $('#testview td.testview-item').sortElements(getComparer(newSort, $('#barSortDesc').is(':checked')));
            }


            function doSetHeights(allowSort) {
                var selectedMetric = $("input[name='barHeight']:checked").val();
                $('#testview td.testview-item').setBarSizes(selectedMetric, 60, 0.0);

                if (allowSort && currentSort != selectedMetric) {
                    var $radios = $("input[name='barSortOrder']");
                    $radios.filter('[value=' + selectedMetric + ']').attr('checked', true);
                    $("#barSortDesc").attr("checked", [true]);
                    doSort(false);
                }
            }

            $(document).ready(function () {
                $("input[name='barSortOrder']").click(function () { doSort(true); return true; });
                $("input[name='barSortDesc']").change(function () { doSort(false); });
                $("input[name='barHeight']").change(function () { doSetHeights(true); });

                doSort(false);
                doSetHeights(false);

                $("div.scrollable").css({ 'overflow': 'auto' });
            });
        </script>

        <style type="text/css">
            body 
            {
                color: #000000;
                font-family: Arial,Liberation Sans,DejaVu Sans,sans-serif;
                line-height: 130%;
            }
            h1 {
                font-family: Trebuchet MS,Liberation Sans,DejaVu Sans,sans-serif;
                font-size: 170%;
                font-weight: bold;
            }            
            h2 {
                font-family: Trebuchet MS,Liberation Sans,DejaVu Sans,sans-serif;
                font-size: 130%;
                font-weight: bold;
                margin-bottom: 5px;
            }            
            h3 {
                font-family: Trebuchet MS,Liberation Sans,DejaVu Sans,sans-serif;
                font-size: 120%;
                font-weight: bold;
                margin-bottom: 5px;
            }            
            a.bar
            {
                text-decoration: none;
                display: block;
                line-height: 1px;
            }
            .description
            {
                font-style: italic;
            }
            .log 
            {
                width: 600px;
                white-space: pre-wrap;
                display: block;
                margin: 0px;
            }
            .errorMessage 
            {
                width: 600px;
                color: Red;
                font-weight: bold;
            }
            .stackTrace 
            {
                width: 600px;
                white-space: pre-wrap;
                font-style: italic;
                color: Red;
                display: block;
            }
            table.testEvents
            {
                border: solid 1px #e8eef4;
                border-collapse: collapse;
            }
            table.testEvents td
            {
                vertical-align: top;
                padding: 5px;
                border: solid 1px #e8eef4;
            }
            table.testEvents th
            {
                padding: 6px 5px;
                text-align: left;
                background-color: #e8eef4;
                border: solid 1px #e8eef4;                
            }
            .comment
            {
                font-style: italic;
                font-size: smaller;
            }
            .startupBar
            {
                background-color: #EEEEEE;
                cursor: default;
            }
            
            .colorSucceeded
            {
                background-color: #90ED7B;
            }
            .colorIgnored
            {
                background-color: #FFFF85;
            }
            .colorPending
            {
                background-color: #D47BED;
            }
            .colorNothingToRun
            {
                background-color: #CCCCFF;
            }
            .colorSkipped
            {
                background-color: #CCCCFF;
            }
            .colorInconclusive
            {
                background-color: #7BEDED;
            }
            .colorCleanupFailed
            {
                background-color: #FFCCCC;
            }
            .colorRandomlyFailed
            {
                background-color: #EDB07B;
            }
            .colorFailed
            {
                background-color: #ED5F5F;
            }
            .colorInitializationFailed
            {
                background-color: #FF0000;
            }
            .colorFrameworkError
            {
                background-color: #FF0000;
            }
            ul.subNodeLinks
            {
                padding-left: 20px;
                margin: 0px;
            }
            ul.subNodeLinks li
            {
                list-style: none;
            }
            
            /* views general */
            div.scrollable
            {
                /*overflow: auto; - thsi has to be set from js, because of an IE9 bug */
            }
            div.viewbox
            {
                position: relative;
                border: 3px solid #e8eef4;
            }
            div.viewbox table
            {
                border: 0px;
            }
                        
            /* testview */
            #testview
            {
                padding-top: 23px;
            }
            
            table.testview-items td
            {
                vertical-align: bottom;
                padding: 0px 1px 0px 1px;
            }
            td.right-padding, td.left-padding
            {
                width: 25px;
                min-width: 25px;
            }
            table.testview-items a.bar
            {
                width: 5px;
            }
            table.testview-items tr.testview-items-row
            {
                height: 60px;
            }
            
            /* scale */
            table.vertical-scale 
            {
                position: absolute;
                top: 23px;
                left: 0px;
                width: 100%;
                z-index: -100;
            }
            table.vertical-scale td, tr.horizontal-scale td
            {
                font-size: 60%;
                line-height: normal;
            }
            table.vertical-scale tr.scale-max, table.vertical-scale tr.scale-mid 
            {
                height: 30px;
            }
            tr.horizontal-scale, table.vertical-scale tr.scale-min 
            {
                height: 12px;
            }
            
            td.scale-max-label, td.scale-mid-label, td.scale-min-label
            {
                border-top: solid 1px #E6E6E6;
                text-align: left;
                vertical-align: top;
            }
            td.scale-10-label
            {
                border-left: solid 1px #E6E6E6;
                text-align: left;
                vertical-align: bottom;
                padding-left: 1px;
            }
            tr.scale-mid td, tr.scale-min td, tr.scale-max td
            {
                border-top: solid 1px #E6E6E6;
            }
           
            
            /* bar-control */
            #bar-control
            {
                font-size: 60%;
                line-height: normal;
                position: absolute;
                right: 0px;
                top: 0px;
            }
            #bar-control label
            {
                font-weight: bold;
                vertical-align: middle;
            }
            #bar-control .option
            {
                vertical-align: middle;
                text-transform: lowercase;
            }
            #bar-control input[type="checkbox"]
            {
                padding: 0 2px 0 3px;
            }
            #bar-control input
            {
                vertical-align: top;
                height: 12px;
                margin: 0px;
                padding: 0px;
            }
            #bar-control div
            {
                float: right;
                margin: 3px 5px 3px 5px;
            }
            
            
            /* timeline view */
            #timelineview
            {
                padding-top: 5px;
            }
            table.timelineview a
            {
                height: 20px;
            }
            table.timelineview td
            {
                vertical-align: bottom;
                padding: 0px 1px 0px 0px;
                border: 0px;
            }
            tr.thread-items-row
            {
                height: 25px;
            }
            tr.thread-items-row td
            {
                vertical-align: bottom;
            }
            td.thread-label
            {
                padding: 0px 6px 0px 6px;
                text-align: right;
                line-height: 18px;
                vertical-align: bottom;
            }
            th.thread-label
            {
                padding: 3px 6px 0px 6px;
                line-height: 18px;
                text-align: left;
                vertical-align: bottom;
            }
        </style>
	</head>
	<body>
        <h1>Philips.CDP.Automation.IAP.Tests.Workflows Test Execution Report</h1>
        <ul>
            <li>Project: Philips.CDP.Automation.IAP.Tests.Workflows</li>
            <li>Configuration: Default</li>
            <li>Test Assemblies: Philips.CDP.Automation.IAP.Tests.Workflows.dll</li>
            <li>Start Time: 8/2/2016 7:21:11 PM</li>
            <li>Duration: 00:07:23.4090304</li>
            <li>Test Threads: 1</li>
        </ul>

        <h2>Result: 10 failed</h2>
        <table class="testEvents">
                <tr>
        <th colspan="2">Success rate</th>
        <th>Tests</th>
        <th>Succeeded</th>
        <th>Failed</th>
        <th>Pending</th>
        <th>Ignored</th>
        <th>Skipped</th>
    </tr>

                <tr>
            <td>
            0%
    </td>
    <td>
        <table class="timelineview" cellpadding="0" cellspacing="0">
            <tr>
                    <td>
                        <a class="bar colorFailed" 
                                style="width: 181px;" 
                                title="10 failed" 
                                                    href="#error_summary"
                                />
                    </td>
                    <td>
                        <a class="bar colorPending" 
                                style="width: 17px;" 
                                title="1 pending" 
                                                        />
                    </td>
            </tr>
        </table>
    </td>
    <td>11</td>
    <td>0</td>
    <td>10</td>
    <td>1</td>
    <td>0</td>
    <td>0</td>

    </tr>

        </table>
        
        <h2>Test Timeline Summary</h2>

        <div id="timelineview" class="viewbox">
            <div class="scrollable">
                <table cellpadding="0" cellspacing="0">
                    <tr>
                        <th class="thread-label" colspan="2">thread</th>
                    </tr>
                        <tr class="thread-items-row">
                            <td class="thread-label" title="Machine: YY040616">#0</td>
                            <td colspan="2">
                                <table class="timelineview" cellpadding="0" cellspacing="0">
                                    <tr>

                                            <td>
        <a
            class="bar startupBar" 
            style="width: 3px;" 
                title="test thread startup" 
        >&nbsp;</a>
    </td>

    <td>
        <a
            class="bar colorFailed" 
            style="width: 7px;" 
                title="Login into MyPhilips Account and change the account settings (in As a USER i want to login into MyPhilipsAccount via Appframework application)" 
                href="#t-1191336048.0"
        >&nbsp;</a>
    </td>
    <td>
        <a
            class="bar colorPending" 
            style="width: 3px;" 
                title="UserJourney-1 (in User Journey - 1)" 
                href="#t-1984000755.0"
        >&nbsp;</a>
    </td>
    <td>
        <a
            class="bar colorFailed" 
            style="width: 6px;" 
                title="UserJourney-2 (in UJ02)" 
                href="#t173245540.0"
        >&nbsp;</a>
    </td>
    <td>
        <a
            class="bar colorFailed" 
            style="width: 6px;" 
                title="UserJourney-3 (in UJ03)" 
                href="#t1476074462.0"
        >&nbsp;</a>
    </td>
    <td>
        <a
            class="bar colorFailed" 
            style="width: 6px;" 
                title="UserJourney-4 (in UJ04)" 
                href="#t-1256165560.0"
        >&nbsp;</a>
    </td>
    <td>
        <a
            class="bar colorFailed" 
            style="width: 6px;" 
                title="UserJourney-5 (in UJ05)" 
                href="#t306832110.0"
        >&nbsp;</a>
    </td>
    <td>
        <a
            class="bar colorFailed" 
            style="width: 5px;" 
                title="UserJourney-6 (in UJ06)" 
                href="#t2146530828.0"
        >&nbsp;</a>
    </td>
    <td>
        <a
            class="bar colorFailed" 
            style="width: 6px;" 
                title="UserJourney-7 (in UJ07)" 
                href="#t-585183978.0"
        >&nbsp;</a>
    </td>
    <td>
        <a
            class="bar colorFailed" 
            style="width: 6px;" 
                title="UserJourney-8 (in UJ08)" 
                href="#t977682616.0"
        >&nbsp;</a>
    </td>
    <td>
        <a
            class="bar colorFailed" 
            style="width: 5px;" 
                title="UserJourney-9 (in UJ09)" 
                href="#t-2014325690.0"
        >&nbsp;</a>
    </td>
    <td>
        <a
            class="bar colorFailed" 
            style="width: 6px;" 
                title="UserJourney-10 (in UJ10)" 
                href="#t-1668282660.0"
        >&nbsp;</a>
    </td>
                                    </tr>
                                </table>
                            </td>
                        </tr>
                    <tr class="horizontal-scale">
                        <td>&nbsp;</td>
                            <td class="scale-10-label" style="width: 70px;min-width: 70px;">0s</td>
                        <td class="scale-10-label">404s</td>
                    </tr>
                </table>
            </div>
        </div>

        <h2>Test Result View</h2>
        <div id="testview" class="viewbox">
            <div id="bar-control">
                <div id="bar-control-sort">
                    <label>sort by:</label>
                    <span class="option"><input type="radio" name="barSortOrder" value="exectime" />Time</span>
                    <span class="option"><input type="radio" name="barSortOrder" value="acttime" />Act Time</span>
                    <span class="option"><input type="radio" name="barSortOrder" value="order" />Execution</span>
                    <span class="option"><input type="radio" name="barSortOrder" value="rescode" checked="checked" />Result</span>
                    <span class="option"><input type="checkbox" name="barSortDesc" id="barSortDesc" checked="checked" />desc</span>
                </div>
                <div id="bar-control-heights">
                    <label>heights:</label>
                    <span class="option"><input type="radio" checked="checked" name="barHeight" value="exectime" />Time</span>
                    <span class="option"><input type="radio" name="barHeight" value="acttime" />Act Time</span>
                    
                </div>
            </div>
            <table class="vertical-scale" cellpadding="0" cellspacing="0">
                <tr class="scale-max">
                    <td class="left-padding scale-max-label">&nbsp;</td>
                    <td colspan="11">&nbsp;</td>
                    <td class="right-padding">&nbsp;</td>
                </tr>
                <tr class="scale-mid">
                    <td class="left-padding scale-mid-label">&nbsp;</td>
                    <td colspan="11">&nbsp;</td>
                    <td class="right-padding">&nbsp;</td>
                </tr>
                <tr class="scale-min">
                    <td class="left-padding scale-min-label">&nbsp;</td>
                    <td colspan="11">&nbsp;</td>
                    <td class="right-padding">&nbsp;</td>
                </tr>
            </table>
            <div class="scrollable">
                <table class="testview-items" cellpadding="0" cellspacing="0">
                    <tr class="testview-items-row">
                        <td class="left-padding">&nbsp;</td>
    <td class="testview-item" 
        data-sr-exectime="24.533" data-sr-rescode="210" data-sr-order="1" data-sr-acttime="0.0">
        <a
            class="bar colorPending" 
            style="height: 22px;"
            title="UserJourney-1 (in User Journey - 1)"
            href="#t-1984000755.0">&nbsp;</a>
    </td>
    <td class="testview-item" 
        data-sr-exectime="67.421" data-sr-rescode="440" data-sr-order="0" data-sr-acttime="0.0">
        <a
            class="bar colorFailed" 
            style="height: 60px;"
            title="Login into MyPhilips Account and change the account settings (in As a USER i want to login into MyPhilipsAccount via Appframework application)"
            href="#t-1191336048.0">&nbsp;</a>
    </td>
    <td class="testview-item" 
        data-sr-exectime="38.082" data-sr-rescode="440" data-sr-order="2" data-sr-acttime="0.043">
        <a
            class="bar colorFailed" 
            style="height: 34px;"
            title="UserJourney-2 (in UJ02)"
            href="#t173245540.0">&nbsp;</a>
    </td>
    <td class="testview-item" 
        data-sr-exectime="44.751" data-sr-rescode="440" data-sr-order="3" data-sr-acttime="0.002">
        <a
            class="bar colorFailed" 
            style="height: 40px;"
            title="UserJourney-3 (in UJ03)"
            href="#t1476074462.0">&nbsp;</a>
    </td>
    <td class="testview-item" 
        data-sr-exectime="37.553" data-sr-rescode="440" data-sr-order="4" data-sr-acttime="0.001">
        <a
            class="bar colorFailed" 
            style="height: 33px;"
            title="UserJourney-4 (in UJ04)"
            href="#t-1256165560.0">&nbsp;</a>
    </td>
    <td class="testview-item" 
        data-sr-exectime="39.3367326" data-sr-rescode="440" data-sr-order="5" data-sr-acttime="0.0">
        <a
            class="bar colorFailed" 
            style="height: 35px;"
            title="UserJourney-5 (in UJ05)"
            href="#t306832110.0">&nbsp;</a>
    </td>
    <td class="testview-item" 
        data-sr-exectime="37.6065198" data-sr-rescode="440" data-sr-order="6" data-sr-acttime="0.001">
        <a
            class="bar colorFailed" 
            style="height: 33px;"
            title="UserJourney-6 (in UJ06)"
            href="#t2146530828.0">&nbsp;</a>
    </td>
    <td class="testview-item" 
        data-sr-exectime="38.0136012" data-sr-rescode="440" data-sr-order="7" data-sr-acttime="0.001">
        <a
            class="bar colorFailed" 
            style="height: 34px;"
            title="UserJourney-7 (in UJ07)"
            href="#t-585183978.0">&nbsp;</a>
    </td>
    <td class="testview-item" 
        data-sr-exectime="38.5036992" data-sr-rescode="440" data-sr-order="8" data-sr-acttime="0.0">
        <a
            class="bar colorFailed" 
            style="height: 34px;"
            title="UserJourney-8 (in UJ08)"
            href="#t977682616.0">&nbsp;</a>
    </td>
    <td class="testview-item" 
        data-sr-exectime="38.022603" data-sr-rescode="440" data-sr-order="9" data-sr-acttime="0.001">
        <a
            class="bar colorFailed" 
            style="height: 34px;"
            title="UserJourney-9 (in UJ09)"
            href="#t-2014325690.0">&nbsp;</a>
    </td>
    <td class="testview-item" 
        data-sr-exectime="39.317862" data-sr-rescode="440" data-sr-order="10" data-sr-acttime="0.0">
        <a
            class="bar colorFailed" 
            style="height: 35px;"
            title="UserJourney-10 (in UJ10)"
            href="#t-1668282660.0">&nbsp;</a>
    </td>
                        <td class="right-padding">&nbsp;</td>
                    </tr>
                    <tr class="horizontal-scale">
                        <td class="left-padding">&nbsp;</td>
                        <td colspan="10">&nbsp;</td>
                    </tr>
                </table>
            </div>
        </div>

        <h2>Feature Summary</h2>
        <table class="testEvents">
                <tr>
            <th>Feature</th>
        <th colspan="2">Success rate</th>
        <th>Tests</th>
        <th>Succeeded</th>
        <th>Failed</th>
        <th>Pending</th>
        <th>Ignored</th>
        <th>Skipped</th>
    </tr>

    <tr>
            <td><a href="#f1165018177">As a USER i want to login into MyPhilipsAccount via Appframework application</a></td>
            <td>
            0%
    </td>
    <td>
        <table class="timelineview" cellpadding="0" cellspacing="0">
            <tr>
                    <td>
                        <a class="bar colorFailed" 
                                style="width: 199px;" 
                                title="1 failed" 
                                                    href="#error_summary"
                                />
                    </td>
            </tr>
        </table>
    </td>
    <td>1</td>
    <td>0</td>
    <td>1</td>
    <td>0</td>
    <td>0</td>
    <td>0</td>

    </tr>
    <tr>
            <td><a href="#f1988240800">UJ02</a></td>
            <td>
            0%
    </td>
    <td>
        <table class="timelineview" cellpadding="0" cellspacing="0">
            <tr>
                    <td>
                        <a class="bar colorFailed" 
                                style="width: 199px;" 
                                title="1 failed" 
                                                    href="#error_summary"
                                />
                    </td>
            </tr>
        </table>
    </td>
    <td>1</td>
    <td>0</td>
    <td>1</td>
    <td>0</td>
    <td>0</td>
    <td>0</td>

    </tr>
    <tr>
            <td><a href="#f724220445">UJ03</a></td>
            <td>
            0%
    </td>
    <td>
        <table class="timelineview" cellpadding="0" cellspacing="0">
            <tr>
                    <td>
                        <a class="bar colorFailed" 
                                style="width: 199px;" 
                                title="1 failed" 
                                                    href="#error_summary"
                                />
                    </td>
            </tr>
        </table>
    </td>
    <td>1</td>
    <td>0</td>
    <td>1</td>
    <td>0</td>
    <td>0</td>
    <td>0</td>

    </tr>
    <tr>
            <td><a href="#f-906899722">UJ04</a></td>
            <td>
            0%
    </td>
    <td>
        <table class="timelineview" cellpadding="0" cellspacing="0">
            <tr>
                    <td>
                        <a class="bar colorFailed" 
                                style="width: 199px;" 
                                title="1 failed" 
                                                    href="#error_summary"
                                />
                    </td>
            </tr>
        </table>
    </td>
    <td>1</td>
    <td>0</td>
    <td>1</td>
    <td>0</td>
    <td>0</td>
    <td>0</td>

    </tr>
    <tr>
            <td><a href="#f1855472467">UJ05</a></td>
            <td>
            0%
    </td>
    <td>
        <table class="timelineview" cellpadding="0" cellspacing="0">
            <tr>
                    <td>
                        <a class="bar colorFailed" 
                                style="width: 199px;" 
                                title="1 failed" 
                                                    href="#error_summary"
                                />
                    </td>
            </tr>
        </table>
    </td>
    <td>1</td>
    <td>0</td>
    <td>1</td>
    <td>0</td>
    <td>0</td>
    <td>0</td>

    </tr>
    <tr>
            <td><a href="#f52484044">UJ06</a></td>
            <td>
            0%
    </td>
    <td>
        <table class="timelineview" cellpadding="0" cellspacing="0">
            <tr>
                    <td>
                        <a class="bar colorFailed" 
                                style="width: 199px;" 
                                title="1 failed" 
                                                    href="#error_summary"
                                />
                    </td>
            </tr>
        </table>
    </td>
    <td>1</td>
    <td>0</td>
    <td>1</td>
    <td>0</td>
    <td>0</td>
    <td>0</td>

    </tr>
    <tr>
            <td><a href="#f-1580241751">UJ07</a></td>
            <td>
            0%
    </td>
    <td>
        <table class="timelineview" cellpadding="0" cellspacing="0">
            <tr>
                    <td>
                        <a class="bar colorFailed" 
                                style="width: 199px;" 
                                title="1 failed" 
                                                    href="#error_summary"
                                />
                    </td>
            </tr>
        </table>
    </td>
    <td>1</td>
    <td>0</td>
    <td>1</td>
    <td>0</td>
    <td>0</td>
    <td>0</td>

    </tr>
    <tr>
            <td><a href="#f1184358658">UJ08</a></td>
            <td>
            0%
    </td>
    <td>
        <table class="timelineview" cellpadding="0" cellspacing="0">
            <tr>
                    <td>
                        <a class="bar colorFailed" 
                                style="width: 199px;" 
                                title="1 failed" 
                                                    href="#error_summary"
                                />
                    </td>
            </tr>
        </table>
    </td>
    <td>1</td>
    <td>0</td>
    <td>1</td>
    <td>0</td>
    <td>0</td>
    <td>0</td>

    </tr>
    <tr>
            <td><a href="#f-79792641">UJ09</a></td>
            <td>
            0%
    </td>
    <td>
        <table class="timelineview" cellpadding="0" cellspacing="0">
            <tr>
                    <td>
                        <a class="bar colorFailed" 
                                style="width: 199px;" 
                                title="1 failed" 
                                                    href="#error_summary"
                                />
                    </td>
            </tr>
        </table>
    </td>
    <td>1</td>
    <td>0</td>
    <td>1</td>
    <td>0</td>
    <td>0</td>
    <td>0</td>

    </tr>
    <tr>
            <td><a href="#f861084781">UJ10</a></td>
            <td>
            0%
    </td>
    <td>
        <table class="timelineview" cellpadding="0" cellspacing="0">
            <tr>
                    <td>
                        <a class="bar colorFailed" 
                                style="width: 199px;" 
                                title="1 failed" 
                                                    href="#error_summary"
                                />
                    </td>
            </tr>
        </table>
    </td>
    <td>1</td>
    <td>0</td>
    <td>1</td>
    <td>0</td>
    <td>0</td>
    <td>0</td>

    </tr>
    <tr>
            <td><a href="#f-177263412">User Journey - 1</a></td>
            <td>
            0%
    </td>
    <td>
        <table class="timelineview" cellpadding="0" cellspacing="0">
            <tr>
                    <td>
                        <a class="bar colorPending" 
                                style="width: 199px;" 
                                title="1 pending" 
                                                        />
                    </td>
            </tr>
        </table>
    </td>
    <td>1</td>
    <td>0</td>
    <td>0</td>
    <td>1</td>
    <td>0</td>
    <td>0</td>

    </tr>
        </table>

        <a name="error_summary" />
        <h2>Error Summary</h2>
        <table class="testEvents">
                <tr>
            <th>Test</th>
        <th colspan="2">Success rate</th>
        <th>Tests</th>
        <th>Succeeded</th>
        <th>Failed</th>
        <th>Pending</th>
        <th>Ignored</th>
        <th>Skipped</th>
    </tr>

                <tr>
                    <td>
                        <a href="#t-1191336048.0">Login into MyPhilips Account and change the account settings (in Philips.CDP.Automation.IAP.Tests.Workflows, As a USER i want to login into MyPhilipsAccount via Appframework application)</a>
                    </td>
                        <td>
            0%
    </td>
    <td>
        <table class="timelineview" cellpadding="0" cellspacing="0">
            <tr>
                    <td>
                        <a class="bar colorFailed" 
                                style="width: 199px;" 
                                title="1 failed" 
                                                    href="#error_summary"
                                />
                    </td>
            </tr>
        </table>
    </td>
    <td>1</td>
    <td>0</td>
    <td>1</td>
    <td>0</td>
    <td>0</td>
    <td>0</td>

                </tr>
                <tr>
                    <td colspan="9" style="padding-left: 20px;"><div class="errorMessage">Error: Object reference not set to an instance of an object.</div></td>
                </tr>
                <tr>
                    <td>
                        <a href="#t173245540.0">UserJourney-2 (in Philips.CDP.Automation.IAP.Tests.Workflows, UJ02)</a>
                    </td>
                        <td>
            0%
    </td>
    <td>
        <table class="timelineview" cellpadding="0" cellspacing="0">
            <tr>
                    <td>
                        <a class="bar colorFailed" 
                                style="width: 199px;" 
                                title="1 failed" 
                                                    href="#error_summary"
                                />
                    </td>
            </tr>
        </table>
    </td>
    <td>1</td>
    <td>0</td>
    <td>1</td>
    <td>0</td>
    <td>0</td>
    <td>0</td>

                </tr>
                <tr>
                    <td colspan="9" style="padding-left: 20px;"><div class="errorMessage">Error: Assert.Fail failed. Failure Message: 
Object reference not set to an instance of an object.
    at Philips.H2H.Foundation.AutomationCore.MobilePageInstance.GetTextById(String sId) in d:\MM\Latest\CDP_TestAutomation\CDP_TestAutomation\CDP_TestAutomation\Src\Src\01Foundation\Common\Mobile\MobilePageInstance.cs:line 259
   at Philips.SIG.Automation.Android.CDP.IAPTestPlugin.LoginScreen.GetScreenTitle() in d:\MM\Latest\CDP_TestAutomation\CDP_TestAutomation\CDP_TestAutomation\Src\Src\02TestAuthoring API\CDP_TestPlugin\LoginScreen.cs:line 213
   at Philips.CDP.Automation.IAP.Tests.Regression.UJ01.GivenUserIsOnTheHomeScreen() in d:\MM\Latest\CDP_TestAutomation\CDP_TestAutomation\CDP_TestAutomation\Src\Src\03Test\WorkFlowTests\UJ01.cs:line 72</div></td>
                </tr>
                <tr>
                    <td>
                        <a href="#t1476074462.0">UserJourney-3 (in Philips.CDP.Automation.IAP.Tests.Workflows, UJ03)</a>
                    </td>
                        <td>
            0%
    </td>
    <td>
        <table class="timelineview" cellpadding="0" cellspacing="0">
            <tr>
                    <td>
                        <a class="bar colorFailed" 
                                style="width: 199px;" 
                                title="1 failed" 
                                                    href="#error_summary"
                                />
                    </td>
            </tr>
        </table>
    </td>
    <td>1</td>
    <td>0</td>
    <td>1</td>
    <td>0</td>
    <td>0</td>
    <td>0</td>

                </tr>
                <tr>
                    <td colspan="9" style="padding-left: 20px;"><div class="errorMessage">Error: Assert.Fail failed. Failure Message: 
Object reference not set to an instance of an object.
    at Philips.H2H.Foundation.AutomationCore.MobilePageInstance.GetTextById(String sId) in d:\MM\Latest\CDP_TestAutomation\CDP_TestAutomation\CDP_TestAutomation\Src\Src\01Foundation\Common\Mobile\MobilePageInstance.cs:line 259
   at Philips.SIG.Automation.Android.CDP.IAPTestPlugin.LoginScreen.GetScreenTitle() in d:\MM\Latest\CDP_TestAutomation\CDP_TestAutomation\CDP_TestAutomation\Src\Src\02TestAuthoring API\CDP_TestPlugin\LoginScreen.cs:line 213
   at Philips.CDP.Automation.IAP.Tests.Regression.UJ01.GivenUserIsOnTheHomeScreen() in d:\MM\Latest\CDP_TestAutomation\CDP_TestAutomation\CDP_TestAutomation\Src\Src\03Test\WorkFlowTests\UJ01.cs:line 72</div></td>
                </tr>
                <tr>
                    <td>
                        <a href="#t-1256165560.0">UserJourney-4 (in Philips.CDP.Automation.IAP.Tests.Workflows, UJ04)</a>
                    </td>
                        <td>
            0%
    </td>
    <td>
        <table class="timelineview" cellpadding="0" cellspacing="0">
            <tr>
                    <td>
                        <a class="bar colorFailed" 
                                style="width: 199px;" 
                                title="1 failed" 
                                                    href="#error_summary"
                                />
                    </td>
            </tr>
        </table>
    </td>
    <td>1</td>
    <td>0</td>
    <td>1</td>
    <td>0</td>
    <td>0</td>
    <td>0</td>

                </tr>
                <tr>
                    <td colspan="9" style="padding-left: 20px;"><div class="errorMessage">Error: Assert.Fail failed. Failure Message: 
Object reference not set to an instance of an object.
    at Philips.H2H.Foundation.AutomationCore.MobilePageInstance.GetTextById(String sId) in d:\MM\Latest\CDP_TestAutomation\CDP_TestAutomation\CDP_TestAutomation\Src\Src\01Foundation\Common\Mobile\MobilePageInstance.cs:line 259
   at Philips.SIG.Automation.Android.CDP.IAPTestPlugin.LoginScreen.GetScreenTitle() in d:\MM\Latest\CDP_TestAutomation\CDP_TestAutomation\CDP_TestAutomation\Src\Src\02TestAuthoring API\CDP_TestPlugin\LoginScreen.cs:line 213
   at Philips.CDP.Automation.IAP.Tests.Regression.UJ01.GivenUserIsOnTheHomeScreen() in d:\MM\Latest\CDP_TestAutomation\CDP_TestAutomation\CDP_TestAutomation\Src\Src\03Test\WorkFlowTests\UJ01.cs:line 72</div></td>
                </tr>
                <tr>
                    <td>
                        <a href="#t306832110.0">UserJourney-5 (in Philips.CDP.Automation.IAP.Tests.Workflows, UJ05)</a>
                    </td>
                        <td>
            0%
    </td>
    <td>
        <table class="timelineview" cellpadding="0" cellspacing="0">
            <tr>
                    <td>
                        <a class="bar colorFailed" 
                                style="width: 199px;" 
                                title="1 failed" 
                                                    href="#error_summary"
                                />
                    </td>
            </tr>
        </table>
    </td>
    <td>1</td>
    <td>0</td>
    <td>1</td>
    <td>0</td>
    <td>0</td>
    <td>0</td>

                </tr>
                <tr>
                    <td colspan="9" style="padding-left: 20px;"><div class="errorMessage">Error: Assert.Fail failed. Failure Message: 
Object reference not set to an instance of an object.
    at Philips.H2H.Foundation.AutomationCore.MobilePageInstance.GetTextById(String sId) in d:\MM\Latest\CDP_TestAutomation\CDP_TestAutomation\CDP_TestAutomation\Src\Src\01Foundation\Common\Mobile\MobilePageInstance.cs:line 259
   at Philips.SIG.Automation.Android.CDP.IAPTestPlugin.LoginScreen.GetScreenTitle() in d:\MM\Latest\CDP_TestAutomation\CDP_TestAutomation\CDP_TestAutomation\Src\Src\02TestAuthoring API\CDP_TestPlugin\LoginScreen.cs:line 213
   at Philips.CDP.Automation.IAP.Tests.Regression.UJ01.GivenUserIsOnTheHomeScreen() in d:\MM\Latest\CDP_TestAutomation\CDP_TestAutomation\CDP_TestAutomation\Src\Src\03Test\WorkFlowTests\UJ01.cs:line 72</div></td>
                </tr>
                <tr>
                    <td>
                        <a href="#t2146530828.0">UserJourney-6 (in Philips.CDP.Automation.IAP.Tests.Workflows, UJ06)</a>
                    </td>
                        <td>
            0%
    </td>
    <td>
        <table class="timelineview" cellpadding="0" cellspacing="0">
            <tr>
                    <td>
                        <a class="bar colorFailed" 
                                style="width: 199px;" 
                                title="1 failed" 
                                                    href="#error_summary"
                                />
                    </td>
            </tr>
        </table>
    </td>
    <td>1</td>
    <td>0</td>
    <td>1</td>
    <td>0</td>
    <td>0</td>
    <td>0</td>

                </tr>
                <tr>
                    <td colspan="9" style="padding-left: 20px;"><div class="errorMessage">Error: Assert.Fail failed. Failure Message: 
Object reference not set to an instance of an object.
    at Philips.H2H.Foundation.AutomationCore.MobilePageInstance.GetTextById(String sId) in d:\MM\Latest\CDP_TestAutomation\CDP_TestAutomation\CDP_TestAutomation\Src\Src\01Foundation\Common\Mobile\MobilePageInstance.cs:line 259
   at Philips.SIG.Automation.Android.CDP.IAPTestPlugin.LoginScreen.GetScreenTitle() in d:\MM\Latest\CDP_TestAutomation\CDP_TestAutomation\CDP_TestAutomation\Src\Src\02TestAuthoring API\CDP_TestPlugin\LoginScreen.cs:line 213
   at Philips.CDP.Automation.IAP.Tests.Regression.UJ01.GivenUserIsOnTheHomeScreen() in d:\MM\Latest\CDP_TestAutomation\CDP_TestAutomation\CDP_TestAutomation\Src\Src\03Test\WorkFlowTests\UJ01.cs:line 72</div></td>
                </tr>
                <tr>
                    <td>
                        <a href="#t-585183978.0">UserJourney-7 (in Philips.CDP.Automation.IAP.Tests.Workflows, UJ07)</a>
                    </td>
                        <td>
            0%
    </td>
    <td>
        <table class="timelineview" cellpadding="0" cellspacing="0">
            <tr>
                    <td>
                        <a class="bar colorFailed" 
                                style="width: 199px;" 
                                title="1 failed" 
                                                    href="#error_summary"
                                />
                    </td>
            </tr>
        </table>
    </td>
    <td>1</td>
    <td>0</td>
    <td>1</td>
    <td>0</td>
    <td>0</td>
    <td>0</td>

                </tr>
                <tr>
                    <td colspan="9" style="padding-left: 20px;"><div class="errorMessage">Error: Assert.Fail failed. Failure Message: 
Object reference not set to an instance of an object.
    at Philips.H2H.Foundation.AutomationCore.MobilePageInstance.GetTextById(String sId) in d:\MM\Latest\CDP_TestAutomation\CDP_TestAutomation\CDP_TestAutomation\Src\Src\01Foundation\Common\Mobile\MobilePageInstance.cs:line 259
   at Philips.SIG.Automation.Android.CDP.IAPTestPlugin.LoginScreen.GetScreenTitle() in d:\MM\Latest\CDP_TestAutomation\CDP_TestAutomation\CDP_TestAutomation\Src\Src\02TestAuthoring API\CDP_TestPlugin\LoginScreen.cs:line 213
   at Philips.CDP.Automation.IAP.Tests.Regression.UJ01.GivenUserIsOnTheHomeScreen() in d:\MM\Latest\CDP_TestAutomation\CDP_TestAutomation\CDP_TestAutomation\Src\Src\03Test\WorkFlowTests\UJ01.cs:line 72</div></td>
                </tr>
                <tr>
                    <td>
                        <a href="#t977682616.0">UserJourney-8 (in Philips.CDP.Automation.IAP.Tests.Workflows, UJ08)</a>
                    </td>
                        <td>
            0%
    </td>
    <td>
        <table class="timelineview" cellpadding="0" cellspacing="0">
            <tr>
                    <td>
                        <a class="bar colorFailed" 
                                style="width: 199px;" 
                                title="1 failed" 
                                                    href="#error_summary"
                                />
                    </td>
            </tr>
        </table>
    </td>
    <td>1</td>
    <td>0</td>
    <td>1</td>
    <td>0</td>
    <td>0</td>
    <td>0</td>

                </tr>
                <tr>
                    <td colspan="9" style="padding-left: 20px;"><div class="errorMessage">Error: Assert.Fail failed. Failure Message: 
Object reference not set to an instance of an object.
    at Philips.H2H.Foundation.AutomationCore.MobilePageInstance.GetTextById(String sId) in d:\MM\Latest\CDP_TestAutomation\CDP_TestAutomation\CDP_TestAutomation\Src\Src\01Foundation\Common\Mobile\MobilePageInstance.cs:line 259
   at Philips.SIG.Automation.Android.CDP.IAPTestPlugin.LoginScreen.GetScreenTitle() in d:\MM\Latest\CDP_TestAutomation\CDP_TestAutomation\CDP_TestAutomation\Src\Src\02TestAuthoring API\CDP_TestPlugin\LoginScreen.cs:line 213
   at Philips.CDP.Automation.IAP.Tests.Regression.UJ01.GivenUserIsOnTheHomeScreen() in d:\MM\Latest\CDP_TestAutomation\CDP_TestAutomation\CDP_TestAutomation\Src\Src\03Test\WorkFlowTests\UJ01.cs:line 72</div></td>
                </tr>
                <tr>
                    <td>
                        <a href="#t-2014325690.0">UserJourney-9 (in Philips.CDP.Automation.IAP.Tests.Workflows, UJ09)</a>
                    </td>
                        <td>
            0%
    </td>
    <td>
        <table class="timelineview" cellpadding="0" cellspacing="0">
            <tr>
                    <td>
                        <a class="bar colorFailed" 
                                style="width: 199px;" 
                                title="1 failed" 
                                                    href="#error_summary"
                                />
                    </td>
            </tr>
        </table>
    </td>
    <td>1</td>
    <td>0</td>
    <td>1</td>
    <td>0</td>
    <td>0</td>
    <td>0</td>

                </tr>
                <tr>
                    <td colspan="9" style="padding-left: 20px;"><div class="errorMessage">Error: Assert.Fail failed. Failure Message: 
Object reference not set to an instance of an object.
    at Philips.H2H.Foundation.AutomationCore.MobilePageInstance.GetTextById(String sId) in d:\MM\Latest\CDP_TestAutomation\CDP_TestAutomation\CDP_TestAutomation\Src\Src\01Foundation\Common\Mobile\MobilePageInstance.cs:line 259
   at Philips.SIG.Automation.Android.CDP.IAPTestPlugin.LoginScreen.GetScreenTitle() in d:\MM\Latest\CDP_TestAutomation\CDP_TestAutomation\CDP_TestAutomation\Src\Src\02TestAuthoring API\CDP_TestPlugin\LoginScreen.cs:line 213
   at Philips.CDP.Automation.IAP.Tests.Regression.UJ01.GivenUserIsOnTheHomeScreen() in d:\MM\Latest\CDP_TestAutomation\CDP_TestAutomation\CDP_TestAutomation\Src\Src\03Test\WorkFlowTests\UJ01.cs:line 72</div></td>
                </tr>
                <tr>
                    <td>
                        <a href="#t-1668282660.0">UserJourney-10 (in Philips.CDP.Automation.IAP.Tests.Workflows, UJ10)</a>
                    </td>
                        <td>
            0%
    </td>
    <td>
        <table class="timelineview" cellpadding="0" cellspacing="0">
            <tr>
                    <td>
                        <a class="bar colorFailed" 
                                style="width: 199px;" 
                                title="1 failed" 
                                                    href="#error_summary"
                                />
                    </td>
            </tr>
        </table>
    </td>
    <td>1</td>
    <td>0</td>
    <td>1</td>
    <td>0</td>
    <td>0</td>
    <td>0</td>

                </tr>
                <tr>
                    <td colspan="9" style="padding-left: 20px;"><div class="errorMessage">Error: Assert.Fail failed. Failure Message: 
Object reference not set to an instance of an object.
    at Philips.H2H.Foundation.AutomationCore.MobilePageInstance.GetTextById(String sId) in d:\MM\Latest\CDP_TestAutomation\CDP_TestAutomation\CDP_TestAutomation\Src\Src\01Foundation\Common\Mobile\MobilePageInstance.cs:line 259
   at Philips.SIG.Automation.Android.CDP.IAPTestPlugin.LoginScreen.GetScreenTitle() in d:\MM\Latest\CDP_TestAutomation\CDP_TestAutomation\CDP_TestAutomation\Src\Src\02TestAuthoring API\CDP_TestPlugin\LoginScreen.cs:line 213
   at Philips.CDP.Automation.IAP.Tests.Regression.UJ01.GivenUserIsOnTheHomeScreen() in d:\MM\Latest\CDP_TestAutomation\CDP_TestAutomation\CDP_TestAutomation\Src\Src\03Test\WorkFlowTests\UJ01.cs:line 72</div></td>
                </tr>
        </table>

        <h2>Scenario Summary</h2>
            <a name="f1165018177" />
            <h3>Feature: As a USER i want to login into MyPhilipsAccount via Appframework application</h3>
            <table class="testEvents">
                    <tr>
            <th>Test</th>
        <th colspan="2">Success rate</th>
        <th>Tests</th>
        <th>Succeeded</th>
        <th>Failed</th>
        <th>Pending</th>
        <th>Ignored</th>
        <th>Skipped</th>
    </tr>

                    <tr>
                        <td>
                                    <a href="#t-1191336048.0">Scenario: Login into MyPhilips Account and change the account settings</a>

                        </td>
                            <td>
            0%
    </td>
    <td>
        <table class="timelineview" cellpadding="0" cellspacing="0">
            <tr>
                    <td>
                        <a class="bar colorFailed" 
                                style="width: 199px;" 
                                title="1 failed" 
                                                    href="#error_summary"
                                />
                    </td>
            </tr>
        </table>
    </td>
    <td>1</td>
    <td>0</td>
    <td>1</td>
    <td>0</td>
    <td>0</td>
    <td>0</td>

                    </tr>
            </table>
            <a name="f1988240800" />
            <h3>Feature: UJ02</h3>
                <div class="description">
                    In order to avoid silly mistakes
As a math idiot
I want to be told the sum of two numbers
                </div>
            <table class="testEvents">
                    <tr>
            <th>Test</th>
        <th colspan="2">Success rate</th>
        <th>Tests</th>
        <th>Succeeded</th>
        <th>Failed</th>
        <th>Pending</th>
        <th>Ignored</th>
        <th>Skipped</th>
    </tr>

                    <tr>
                        <td>
                                    <a href="#t173245540.0">Scenario: UserJourney-2</a>

                        </td>
                            <td>
            0%
    </td>
    <td>
        <table class="timelineview" cellpadding="0" cellspacing="0">
            <tr>
                    <td>
                        <a class="bar colorFailed" 
                                style="width: 199px;" 
                                title="1 failed" 
                                                    href="#error_summary"
                                />
                    </td>
            </tr>
        </table>
    </td>
    <td>1</td>
    <td>0</td>
    <td>1</td>
    <td>0</td>
    <td>0</td>
    <td>0</td>

                    </tr>
            </table>
            <a name="f724220445" />
            <h3>Feature: UJ03</h3>
                <div class="description">
                    In order to avoid silly mistakes
As a math idiot
I want to be told the sum of two numbers
                </div>
            <table class="testEvents">
                    <tr>
            <th>Test</th>
        <th colspan="2">Success rate</th>
        <th>Tests</th>
        <th>Succeeded</th>
        <th>Failed</th>
        <th>Pending</th>
        <th>Ignored</th>
        <th>Skipped</th>
    </tr>

                    <tr>
                        <td>
                                    <a href="#t1476074462.0">Scenario: UserJourney-3</a>

                        </td>
                            <td>
            0%
    </td>
    <td>
        <table class="timelineview" cellpadding="0" cellspacing="0">
            <tr>
                    <td>
                        <a class="bar colorFailed" 
                                style="width: 199px;" 
                                title="1 failed" 
                                                    href="#error_summary"
                                />
                    </td>
            </tr>
        </table>
    </td>
    <td>1</td>
    <td>0</td>
    <td>1</td>
    <td>0</td>
    <td>0</td>
    <td>0</td>

                    </tr>
            </table>
            <a name="f-906899722" />
            <h3>Feature: UJ04</h3>
                <div class="description">
                    In order to avoid silly mistakes
As a math idiot
I want to be told the sum of two numbers
                </div>
            <table class="testEvents">
                    <tr>
            <th>Test</th>
        <th colspan="2">Success rate</th>
        <th>Tests</th>
        <th>Succeeded</th>
        <th>Failed</th>
        <th>Pending</th>
        <th>Ignored</th>
        <th>Skipped</th>
    </tr>

                    <tr>
                        <td>
                                    <a href="#t-1256165560.0">Scenario: UserJourney-4</a>

                        </td>
                            <td>
            0%
    </td>
    <td>
        <table class="timelineview" cellpadding="0" cellspacing="0">
            <tr>
                    <td>
                        <a class="bar colorFailed" 
                                style="width: 199px;" 
                                title="1 failed" 
                                                    href="#error_summary"
                                />
                    </td>
            </tr>
        </table>
    </td>
    <td>1</td>
    <td>0</td>
    <td>1</td>
    <td>0</td>
    <td>0</td>
    <td>0</td>

                    </tr>
            </table>
            <a name="f1855472467" />
            <h3>Feature: UJ05</h3>
                <div class="description">
                    Repeat user
Multiple shipping addresses
                </div>
            <table class="testEvents">
                    <tr>
            <th>Test</th>
        <th colspan="2">Success rate</th>
        <th>Tests</th>
        <th>Succeeded</th>
        <th>Failed</th>
        <th>Pending</th>
        <th>Ignored</th>
        <th>Skipped</th>
    </tr>

                    <tr>
                        <td>
                                    <a href="#t306832110.0">Scenario: UserJourney-5</a>

                        </td>
                            <td>
            0%
    </td>
    <td>
        <table class="timelineview" cellpadding="0" cellspacing="0">
            <tr>
                    <td>
                        <a class="bar colorFailed" 
                                style="width: 199px;" 
                                title="1 failed" 
                                                    href="#error_summary"
                                />
                    </td>
            </tr>
        </table>
    </td>
    <td>1</td>
    <td>0</td>
    <td>1</td>
    <td>0</td>
    <td>0</td>
    <td>0</td>

                    </tr>
            </table>
            <a name="f52484044" />
            <h3>Feature: UJ06</h3>
                <div class="description">
                    In order to avoid silly mistakes
As a math idiot
I want to be told the sum of two numbers
                </div>
            <table class="testEvents">
                    <tr>
            <th>Test</th>
        <th colspan="2">Success rate</th>
        <th>Tests</th>
        <th>Succeeded</th>
        <th>Failed</th>
        <th>Pending</th>
        <th>Ignored</th>
        <th>Skipped</th>
    </tr>

                    <tr>
                        <td>
                                    <a href="#t2146530828.0">Scenario: UserJourney-6</a>

                        </td>
                            <td>
            0%
    </td>
    <td>
        <table class="timelineview" cellpadding="0" cellspacing="0">
            <tr>
                    <td>
                        <a class="bar colorFailed" 
                                style="width: 199px;" 
                                title="1 failed" 
                                                    href="#error_summary"
                                />
                    </td>
            </tr>
        </table>
    </td>
    <td>1</td>
    <td>0</td>
    <td>1</td>
    <td>0</td>
    <td>0</td>
    <td>0</td>

                    </tr>
            </table>
            <a name="f-1580241751" />
            <h3>Feature: UJ07</h3>
                <div class="description">
                    In order to avoid silly mistake
As a math idiot
I want to be told the sum of two numbers
                </div>
            <table class="testEvents">
                    <tr>
            <th>Test</th>
        <th colspan="2">Success rate</th>
        <th>Tests</th>
        <th>Succeeded</th>
        <th>Failed</th>
        <th>Pending</th>
        <th>Ignored</th>
        <th>Skipped</th>
    </tr>

                    <tr>
                        <td>
                                    <a href="#t-585183978.0">Scenario: UserJourney-7</a>

                        </td>
                            <td>
            0%
    </td>
    <td>
        <table class="timelineview" cellpadding="0" cellspacing="0">
            <tr>
                    <td>
                        <a class="bar colorFailed" 
                                style="width: 199px;" 
                                title="1 failed" 
                                                    href="#error_summary"
                                />
                    </td>
            </tr>
        </table>
    </td>
    <td>1</td>
    <td>0</td>
    <td>1</td>
    <td>0</td>
    <td>0</td>
    <td>0</td>

                    </tr>
            </table>
            <a name="f1184358658" />
            <h3>Feature: UJ08</h3>
                <div class="description">
                    In order to avoid silly mistakes
As a math idiot
I want to be told the sum of two numbers
                </div>
            <table class="testEvents">
                    <tr>
            <th>Test</th>
        <th colspan="2">Success rate</th>
        <th>Tests</th>
        <th>Succeeded</th>
        <th>Failed</th>
        <th>Pending</th>
        <th>Ignored</th>
        <th>Skipped</th>
    </tr>

                    <tr>
                        <td>
                                    <a href="#t977682616.0">Scenario: UserJourney-8</a>

                        </td>
                            <td>
            0%
    </td>
    <td>
        <table class="timelineview" cellpadding="0" cellspacing="0">
            <tr>
                    <td>
                        <a class="bar colorFailed" 
                                style="width: 199px;" 
                                title="1 failed" 
                                                    href="#error_summary"
                                />
                    </td>
            </tr>
        </table>
    </td>
    <td>1</td>
    <td>0</td>
    <td>1</td>
    <td>0</td>
    <td>0</td>
    <td>0</td>

                    </tr>
            </table>
            <a name="f-79792641" />
            <h3>Feature: UJ09</h3>
                <div class="description">
                    In order to avoid silly mistakes
As a math idiot
I want to be told the sum of two numbers
                </div>
            <table class="testEvents">
                    <tr>
            <th>Test</th>
        <th colspan="2">Success rate</th>
        <th>Tests</th>
        <th>Succeeded</th>
        <th>Failed</th>
        <th>Pending</th>
        <th>Ignored</th>
        <th>Skipped</th>
    </tr>

                    <tr>
                        <td>
                                    <a href="#t-2014325690.0">Scenario: UserJourney-9</a>

                        </td>
                            <td>
            0%
    </td>
    <td>
        <table class="timelineview" cellpadding="0" cellspacing="0">
            <tr>
                    <td>
                        <a class="bar colorFailed" 
                                style="width: 199px;" 
                                title="1 failed" 
                                                    href="#error_summary"
                                />
                    </td>
            </tr>
        </table>
    </td>
    <td>1</td>
    <td>0</td>
    <td>1</td>
    <td>0</td>
    <td>0</td>
    <td>0</td>

                    </tr>
            </table>
            <a name="f861084781" />
            <h3>Feature: UJ10</h3>
                <div class="description">
                    In order to avoid silly mistakes
As a math idiot
I want to be told the sum of two numbers
                </div>
            <table class="testEvents">
                    <tr>
            <th>Test</th>
        <th colspan="2">Success rate</th>
        <th>Tests</th>
        <th>Succeeded</th>
        <th>Failed</th>
        <th>Pending</th>
        <th>Ignored</th>
        <th>Skipped</th>
    </tr>

                    <tr>
                        <td>
                                    <a href="#t-1668282660.0">Scenario: UserJourney-10</a>

                        </td>
                            <td>
            0%
    </td>
    <td>
        <table class="timelineview" cellpadding="0" cellspacing="0">
            <tr>
                    <td>
                        <a class="bar colorFailed" 
                                style="width: 199px;" 
                                title="1 failed" 
                                                    href="#error_summary"
                                />
                    </td>
            </tr>
        </table>
    </td>
    <td>1</td>
    <td>0</td>
    <td>1</td>
    <td>0</td>
    <td>0</td>
    <td>0</td>

                    </tr>
            </table>
            <a name="f-177263412" />
            <h3>Feature: User Journey - 1</h3>
                <div class="description">
                    Select a Product from the Homepage, Go to Shopping cart, add quantities, Checkout
Enter the Shipping address, Continue shopping.
                </div>
            <table class="testEvents">
                    <tr>
            <th>Test</th>
        <th colspan="2">Success rate</th>
        <th>Tests</th>
        <th>Succeeded</th>
        <th>Failed</th>
        <th>Pending</th>
        <th>Ignored</th>
        <th>Skipped</th>
    </tr>

                    <tr>
                        <td>
                                    <a href="#t-1984000755.0">Scenario: UserJourney-1</a>

                        </td>
                            <td>
            0%
    </td>
    <td>
        <table class="timelineview" cellpadding="0" cellspacing="0">
            <tr>
                    <td>
                        <a class="bar colorPending" 
                                style="width: 199px;" 
                                title="1 pending" 
                                                        />
                    </td>
            </tr>
        </table>
    </td>
    <td>1</td>
    <td>0</td>
    <td>0</td>
    <td>1</td>
    <td>0</td>
    <td>0</td>

                    </tr>
            </table>

        <h2>Execution Details</h2>
            <a name="t-1191336048.0" />
            <h3>Scenario: Login into MyPhilips Account and change the account settings (in Philips.CDP.Automation.IAP.Tests.Workflows, As a USER i want to login into MyPhilipsAccount via Appframework application)</h3>
                <div class="description">
                    tags: MyPhilips
                </div>
            <ul>
                <li>Status: Failed</li>
                <li>Start time: 8/2/2016 7:21:11 PM</li>
                <li>Execution time (sec): 67.421</li>
                <li>Thread: #0</li>
                <li>Error: Object reference not set to an instance of an object.</li>
            </ul>
            <table class="testEvents">
                <tr>
                    <th>Steps</th>
                    <th>Trace</th>
                    <th>Result</th>
                </tr>
                    <tr>
                        <td>
                            <pre class="log">Given I am on the AppFramework Screen</pre>
                        </td>
                        <td>
                            <!-- [TestArrange: Scenario - Login into MyPhilips Account and change the account settings] -->
                            <pre class="log">done: MyPhilips.GivenIAmOnTheAppFrameworkScreen() (10.7s)</pre>
                        </td>
                        <td>Succeeded in 10.787s</td>
                    </tr>
                    <tr>
                        <td>
                            <pre class="log">Then I click on Skip</pre>
                        </td>
                        <td>
                            <!-- [TestAssert: Scenario - Login into MyPhilips Account and change the account settings] -->
                            <pre class="log">done: MyPhilips.ThenIClickOnSkip() (0.5s)</pre>
                        </td>
                        <td>Succeeded in 0.715s</td>
                    </tr>
                    <tr>
                        <td>
                            <pre class="log">Then Verify that the user is in User Registration screen</pre>
                        </td>
                        <td>
                            <!-- [TestAssert: Scenario - Login into MyPhilips Account and change the account settings] -->
                            <pre class="log">done: MyPhilips.ThenVerifyThatTheUserIsInUserRegistrationScreen() (8.1s)</pre>
                        </td>
                        <td>Succeeded in 8.147s</td>
                    </tr>
                    <tr>
                        <td>
                            <pre class="log">Then I register using My Philips account</pre>
                        </td>
                        <td>
                            <!-- [TestAssert: Scenario - Login into MyPhilips Account and change the account settings] -->
                            <pre class="log">error: Object reference not set to an instance of an object.</pre>
                                <div class="errorMessage">Object reference not set to an instance of an object.</div>
                                <pre class="stackTrace">System.NullReferenceException: Object reference not set to an instance of an object.
   at Philips.SIG.Automation.Android.CDPP.AppFramework_TestPlugin.Log_In.EnterText(TextField fld, String str) in d:\MM\Latest\CDP_TestAutomation\CDP_TestAutomation\CDP_TestAutomation\Src\Src\02TestAuthoring API\AppFramework_TestPlugin\HamburgerMenu.cs:line 91
   at Philips.SIG.Automation.Android.CDPP.AppFramework_TestPlugin.Log_In.SignIn(String username, String password) in d:\MM\Latest\CDP_TestAutomation\CDP_TestAutomation\CDP_TestAutomation\Src\Src\02TestAuthoring API\AppFramework_TestPlugin\HamburgerMenu.cs:line 73
   at Philips.SIG.Automation.Android.CDPP.Tests.Workflows.MyPhilips.ThenIRegisterUsingMyPhilipsAccount() in d:\MM\Latest\CDP_TestAutomation\CDP_TestAutomation\CDP_TestAutomation\Src\Src\03Test\WorkFlowTests\MyPhilips.cs:line 70
   at TechTalk.SpecFlow.Bindings.BindingInvoker.InvokeBinding(IBinding binding, IContextManager contextManager, Object[] arguments, ITestTracer testTracer, TimeSpan&amp; duration)
   at TechTalk.SpecFlow.Infrastructure.TestExecutionEngine.ExecuteStepMatch(BindingMatch match, Object[] arguments)
   at TechTalk.SpecFlow.Infrastructure.TestExecutionEngine.ExecuteStep(StepInstance stepInstance)
   at TechTalk.SpecFlow.Infrastructure.TestExecutionEngine.OnAfterLastStep()
   at Philips.CDP.Automation.IAP.Tests.Workflows.AsAUSERIWantToLoginIntoMyPhilipsAccountViaAppframeworkApplicationFeature.ScenarioCleanup() in d:\MM\Latest\CDP_TestAutomation\CDP_TestAutomation\CDP_TestAutomation\Src\Src\03Test\WorkFlowTests\MyPhilips.feature.cs:line 0
   at Philips.CDP.Automation.IAP.Tests.Workflows.AsAUSERIWantToLoginIntoMyPhilipsAccountViaAppframeworkApplicationFeature.LoginIntoMyPhilipsAccountAndChangeTheAccountSettings() in d:\MM\Latest\CDP_TestAutomation\CDP_TestAutomation\CDP_TestAutomation\Src\Src\03Test\WorkFlowTests\MyPhilips.feature:line 12
   at TechTalk.SpecRun.Framework.TaskExecutors.StaticOrInstanceMethodExecutor.ExecuteInternal(ITestThreadExecutionContext testThreadExecutionContext) in c:\TeamCity\BuildAgent\work\245a3e4d646c0875\TechTalk.SpecRun.Framework.Interfaces\TaskExecutors\StaticOrInstanceMethodExecutor.cs:line 40
   at TechTalk.SpecRun.Framework.TestAssemblyExecutor.ExecuteTestNodeTask(TestNode testNode, ITaskExecutor task, TraceEventType eventType) in c:\TeamCity\BuildAgent\work\245a3e4d646c0875\TechTalk.SpecRun.Framework.Executor\TestAssemblyExecutor.cs:line 215</pre>
                        </td>
                        <td>Failed in 13.732s</td>
                    </tr>
                    <tr>
                        <td>
                            <pre class="log">Then I click on Hamburger Menu Icon</pre>
                        </td>
                        <td>
                            <!-- [TestAssert: Scenario - Login into MyPhilips Account and change the account settings] -->
                            <pre class="log">skipped because of previous errors</pre>
                        </td>
                        <td>Skipped in 0s</td>
                    </tr>
                    <tr>
                        <td>
                            <pre class="log">Then I click on Settings from the Hamburger Menu List</pre>
                        </td>
                        <td>
                            <!-- [TestAssert: Scenario - Login into MyPhilips Account and change the account settings] -->
                            <pre class="log">skipped because of previous errors</pre>
                        </td>
                        <td>Skipped in 0.001s</td>
                    </tr>
                    <tr>
                        <td>
                            <pre class="log">And I verify that under my account the user status is Log out</pre>
                        </td>
                        <td>
                            <!-- [TestAssert: Scenario - Login into MyPhilips Account and change the account settings] -->
                            <pre class="log">skipped because of previous errors</pre>
                        </td>
                        <td>Skipped in 0.009s</td>
                    </tr>
            </table>
            <a name="t-1984000755.0" />
            <h3>Scenario: UserJourney-1 (in Philips.CDP.Automation.IAP.Tests.Workflows, User Journey - 1)</h3>
                <div class="description">
                    tags: mytag
                </div>
            <ul>
                <li>Status: Pending</li>
                <li>Start time: 8/2/2016 7:22:19 PM</li>
                <li>Execution time (sec): 24.533</li>
                <li>Thread: #0</li>
            </ul>
            <table class="testEvents">
                <tr>
                    <th>Steps</th>
                    <th>Trace</th>
                    <th>Result</th>
                </tr>
                    <tr>
                        <td>
                            <pre class="log">Given I am on the AppFramework Screen</pre>
                        </td>
                        <td>
                            <!-- [TestArrange: Scenario - UserJourney-1] -->
                            <pre class="log">done: MyPhilips.GivenIAmOnTheAppFrameworkScreen() (17.0s)</pre>
                        </td>
                        <td>Succeeded in 16.957s</td>
                    </tr>
                    <tr>
                        <td>
                            <pre class="log">Then I click on Skip</pre>
                        </td>
                        <td>
                            <!-- [TestAssert: Scenario - UserJourney-1] -->
                            <pre class="log">done: MyPhilips.ThenIClickOnSkip() (7.4s)</pre>
                        </td>
                        <td>Succeeded in 7.432s</td>
                    </tr>
                    <tr>
                        <td>
                            <pre class="log">Then I Click on phone back button</pre>
                        </td>
                        <td>
                            <!-- [TestAssert: Scenario - UserJourney-1] -->
                            <pre class="log">No matching step definition found for the step. Use the following code to create one:
        [Then(@&quot;I Click on phone back button&quot;)]
        public void ThenIClickOnPhoneBackButton()
        {
            ScenarioContext.Current.Pending();
        }</pre>
                        </td>
                        <td>Pending in 0.122s</td>
                    </tr>
                    <tr>
                        <td>
                            <pre class="log">Then Verify that the user can see the Home Screen</pre>
                        </td>
                        <td>
                            <!-- [TestAssert: Scenario - UserJourney-1] -->
                            <pre class="log">skipped because of previous errors</pre>
                        </td>
                        <td>Skipped in 0.001s</td>
                    </tr>
                    <tr>
                        <td>
                            <pre class="log">Then I click on Hamburger Menu Icon</pre>
                        </td>
                        <td>
                            <!-- [TestAssert: Scenario - UserJourney-1] -->
                            <pre class="log">skipped because of previous errors</pre>
                        </td>
                        <td>Skipped in 0s</td>
                    </tr>
                    <tr>
                        <td>
                            <pre class="log">And I click on &quot;Shop&quot; from the Hamburger Menu List</pre>
                        </td>
                        <td>
                            <!-- [TestAssert: Scenario - UserJourney-1] -->
                            <pre class="log">skipped because of previous errors
Pending: No matching step definition found for one or more steps.
using System;
using TechTalk.SpecFlow;

namespace MyNamespace
{
    [Binding]
    public class StepDefinitions
    {
        [Then(@&quot;I Click on phone back button&quot;)]
        public void ThenIClickOnPhoneBackButton()
        {
            ScenarioContext.Current.Pending();
        }
    }
}</pre>
                        </td>
                        <td>Skipped in 0.018s</td>
                    </tr>
            </table>
            <a name="t173245540.0" />
            <h3>Scenario: UserJourney-2 (in Philips.CDP.Automation.IAP.Tests.Workflows, UJ02)</h3>
                <div class="description">
                    tags: mytag
                </div>
            <ul>
                <li>Status: Failed</li>
                <li>Start time: 8/2/2016 7:22:43 PM</li>
                <li>Execution time (sec): 38.082</li>
                <li>Thread: #0</li>
                <li>Error: Assert.Fail failed. Failure Message: 
Object reference not set to an instance of an object.
    at Philips.H2H.Foundation.AutomationCore.MobilePageInstance.GetTextById(String sId) in d:\MM\Latest\CDP_TestAutomation\CDP_TestAutomation\CDP_TestAutomation\Src\Src\01Foundation\Common\Mobile\MobilePageInstance.cs:line 259
   at Philips.SIG.Automation.Android.CDP.IAPTestPlugin.LoginScreen.GetScreenTitle() in d:\MM\Latest\CDP_TestAutomation\CDP_TestAutomation\CDP_TestAutomation\Src\Src\02TestAuthoring API\CDP_TestPlugin\LoginScreen.cs:line 213
   at Philips.CDP.Automation.IAP.Tests.Regression.UJ01.GivenUserIsOnTheHomeScreen() in d:\MM\Latest\CDP_TestAutomation\CDP_TestAutomation\CDP_TestAutomation\Src\Src\03Test\WorkFlowTests\UJ01.cs:line 72</li>
            </ul>
            <table class="testEvents">
                <tr>
                    <th>Steps</th>
                    <th>Trace</th>
                    <th>Result</th>
                </tr>
                    <tr>
                        <td>
                            <pre class="log">Given User is on the Home Screen</pre>
                        </td>
                        <td>
                            <!-- [TestArrange: Scenario - UserJourney-2] -->
                            <pre class="log">Failure Message: 
Exception occur in Home Page
 Exception Message: 
Object reference not set to an instance of an object.
error: Assert.Fail failed. Failure Message: 
Object reference not set to an instance of an object.
    at Philips.H2H.Foundation.AutomationCore.MobilePageInstance.GetTextById(String sId) in d:\MM\Latest\CDP_TestAutomation\CDP_TestAutomation\CDP_TestAutomation\Src\Src\01Foundation\Common\Mobile\MobilePageInstance.cs:line 259
   at Philips.SIG.Automation.Android.CDP.IAPTestPlugin.LoginScreen.GetScreenTitle() in d:\MM\Latest\CDP_TestAutomation\CDP_TestAutomation\CDP_TestAutomation\Src\Src\02TestAuthoring API\CDP_TestPlugin\LoginScreen.cs:line 213
   at Philips.CDP.Automation.IAP.Tests.Regression.UJ01.GivenUserIsOnTheHomeScreen() in d:\MM\Latest\CDP_TestAutomation\CDP_TestAutomation\CDP_TestAutomation\Src\Src\03Test\WorkFlowTests\UJ01.cs:line 72</pre>
                                <div class="errorMessage">Assert.Fail failed. Failure Message: 
Object reference not set to an instance of an object.
    at Philips.H2H.Foundation.AutomationCore.MobilePageInstance.GetTextById(String sId) in d:\MM\Latest\CDP_TestAutomation\CDP_TestAutomation\CDP_TestAutomation\Src\Src\01Foundation\Common\Mobile\MobilePageInstance.cs:line 259
   at Philips.SIG.Automation.Android.CDP.IAPTestPlugin.LoginScreen.GetScreenTitle() in d:\MM\Latest\CDP_TestAutomation\CDP_TestAutomation\CDP_TestAutomation\Src\Src\02TestAuthoring API\CDP_TestPlugin\LoginScreen.cs:line 213
   at Philips.CDP.Automation.IAP.Tests.Regression.UJ01.GivenUserIsOnTheHomeScreen() in d:\MM\Latest\CDP_TestAutomation\CDP_TestAutomation\CDP_TestAutomation\Src\Src\03Test\WorkFlowTests\UJ01.cs:line 72</div>
                                <pre class="stackTrace">Microsoft.VisualStudio.TestTools.UnitTesting.AssertFailedException: Assert.Fail failed. Failure Message: 
Object reference not set to an instance of an object.
    at Philips.H2H.Foundation.AutomationCore.MobilePageInstance.GetTextById(String sId) in d:\MM\Latest\CDP_TestAutomation\CDP_TestAutomation\CDP_TestAutomation\Src\Src\01Foundation\Common\Mobile\MobilePageInstance.cs:line 259
   at Philips.SIG.Automation.Android.CDP.IAPTestPlugin.LoginScreen.GetScreenTitle() in d:\MM\Latest\CDP_TestAutomation\CDP_TestAutomation\CDP_TestAutomation\Src\Src\02TestAuthoring API\CDP_TestPlugin\LoginScreen.cs:line 213
   at Philips.CDP.Automation.IAP.Tests.Regression.UJ01.GivenUserIsOnTheHomeScreen() in d:\MM\Latest\CDP_TestAutomation\CDP_TestAutomation\CDP_TestAutomation\Src\Src\03Test\WorkFlowTests\UJ01.cs:line 72
   at Microsoft.VisualStudio.TestTools.UnitTesting.Assert.HandleFailure(String assertionName, String message)
   at Microsoft.VisualStudio.TestTools.UnitTesting.Assert.Fail(String message)
   at Philips.H2H.Foundation.AutomationCore.Logger.Fail(String text) in d:\MM\Latest\CDP_TestAutomation\CDP_TestAutomation\CDP_TestAutomation\Src\Src\01Foundation\Common\Logging\Logger.cs:line 54
   at Philips.CDP.Automation.IAP.Tests.Workflows.IapReport.Fail(String message, Exception e) in d:\MM\Latest\CDP_TestAutomation\CDP_TestAutomation\CDP_TestAutomation\Src\Src\03Test\WorkFlowTests\IapReport.cs:line 41
   at Philips.CDP.Automation.IAP.Tests.Regression.UJ01.GivenUserIsOnTheHomeScreen() in d:\MM\Latest\CDP_TestAutomation\CDP_TestAutomation\CDP_TestAutomation\Src\Src\03Test\WorkFlowTests\UJ01.cs:line 89
   at TechTalk.SpecFlow.Bindings.BindingInvoker.InvokeBinding(IBinding binding, IContextManager contextManager, Object[] arguments, ITestTracer testTracer, TimeSpan&amp; duration)
   at TechTalk.SpecFlow.Infrastructure.TestExecutionEngine.ExecuteStepMatch(BindingMatch match, Object[] arguments)
   at TechTalk.SpecFlow.Infrastructure.TestExecutionEngine.ExecuteStep(StepInstance stepInstance)
   at TechTalk.SpecFlow.Infrastructure.TestExecutionEngine.OnAfterLastStep()
   at Philips.CDP.Automation.IAP.Tests.Workflows.UJ02Feature.ScenarioCleanup() in d:\MM\Latest\CDP_TestAutomation\CDP_TestAutomation\CDP_TestAutomation\Src\Src\03Test\WorkFlowTests\UJ02.feature.cs:line 0
   at Philips.CDP.Automation.IAP.Tests.Workflows.UJ02Feature.UserJourney_2() in d:\MM\Latest\CDP_TestAutomation\CDP_TestAutomation\CDP_TestAutomation\Src\Src\03Test\WorkFlowTests\UJ02.feature:line 40
   at TechTalk.SpecRun.Framework.TaskExecutors.StaticOrInstanceMethodExecutor.ExecuteInternal(ITestThreadExecutionContext testThreadExecutionContext) in c:\TeamCity\BuildAgent\work\245a3e4d646c0875\TechTalk.SpecRun.Framework.Interfaces\TaskExecutors\StaticOrInstanceMethodExecutor.cs:line 40
   at TechTalk.SpecRun.Framework.TestAssemblyExecutor.ExecuteTestNodeTask(TestNode testNode, ITaskExecutor task, TraceEventType eventType) in c:\TeamCity\BuildAgent\work\245a3e4d646c0875\TechTalk.SpecRun.Framework.Executor\TestAssemblyExecutor.cs:line 215</pre>
                        </td>
                        <td>Failed in 38.03s</td>
                    </tr>
                    <tr>
                        <td>
                            <pre class="log">And is a first time user</pre>
                        </td>
                        <td>
                            <!-- [TestArrange: Scenario - UserJourney-2] -->
                            <pre class="log">skipped because of previous errors</pre>
                        </td>
                        <td>Skipped in 0.001s</td>
                    </tr>
                    <tr>
                        <td>
                            <pre class="log">When User selects country store and clicks on Shop Now</pre>
                        </td>
                        <td>
                            <!-- [TestAct: Scenario - UserJourney-2] -->
                            <pre class="log">skipped because of previous errors</pre>
                        </td>
                        <td>Skipped in 0.043s</td>
                    </tr>
                    <tr>
                        <td>
                            <pre class="log">Then verify user is in product catalog view</pre>
                        </td>
                        <td>
                            <!-- [TestAssert: Scenario - UserJourney-2] -->
                            <pre class="log">skipped because of previous errors</pre>
                        </td>
                        <td>Skipped in 0s</td>
                    </tr>
                    <tr>
                        <td>
                            <pre class="log">Then select &quot;HX9042/64&quot; from product catalog view</pre>
                        </td>
                        <td>
                            <!-- [TestAssert: Scenario - UserJourney-2] -->
                            <pre class="log">skipped because of previous errors</pre>
                        </td>
                        <td>Skipped in 0s</td>
                    </tr>
                    <tr>
                        <td>
                            <pre class="log">Then select &quot;HX8071/10&quot; from product catalog view</pre>
                        </td>
                        <td>
                            <!-- [TestAssert: Scenario - UserJourney-2] -->
                            <pre class="log">skipped because of previous errors</pre>
                        </td>
                        <td>Skipped in 0s</td>
                    </tr>
                    <tr>
                        <td>
                            <pre class="log">Then Verify shopping cart icon is &quot;2&quot; in all views</pre>
                        </td>
                        <td>
                            <!-- [TestAssert: Scenario - UserJourney-2] -->
                            <pre class="log">skipped because of previous errors</pre>
                        </td>
                        <td>Skipped in 0.003s</td>
                    </tr>
                    <tr>
                        <td>
                            <pre class="log">Then go to shopping cart</pre>
                        </td>
                        <td>
                            <!-- [TestAssert: Scenario - UserJourney-2] -->
                            <pre class="log">skipped because of previous errors</pre>
                        </td>
                        <td>Skipped in 0s</td>
                    </tr>
                    <tr>
                        <td>
                            <pre class="log">When User increments quantity of &quot;Sonicare AdaptiveClean Standard sonic toothbrush heads&quot; to &quot;2&quot;</pre>
                        </td>
                        <td>
                            <!-- [TestAct: Scenario - UserJourney-2] -->
                            <pre class="log">skipped because of previous errors</pre>
                        </td>
                        <td>Skipped in 0s</td>
                    </tr>
                    <tr>
                        <td>
                            <pre class="log">Then Verify shopping cart icon is &quot;3&quot; in all views</pre>
                        </td>
                        <td>
                            <!-- [TestAssert: Scenario - UserJourney-2] -->
                            <pre class="log">skipped because of previous errors</pre>
                        </td>
                        <td>Skipped in 0s</td>
                    </tr>
                    <tr>
                        <td>
                            <pre class="log">Then go to shopping cart</pre>
                        </td>
                        <td>
                            <!-- [TestAssert: Scenario - UserJourney-2] -->
                            <pre class="log">skipped because of previous errors</pre>
                        </td>
                        <td>Skipped in 0s</td>
                    </tr>
                    <tr>
                        <td>
                            <pre class="log">When User increments quantity of &quot;Sonicare TongueCare+ Tongue cleaning starter kit&quot; to &quot;2&quot;</pre>
                        </td>
                        <td>
                            <!-- [TestAct: Scenario - UserJourney-2] -->
                            <pre class="log">skipped because of previous errors</pre>
                        </td>
                        <td>Skipped in 0s</td>
                    </tr>
                    <tr>
                        <td>
                            <pre class="log">Then Verify shopping cart icon is &quot;4&quot; in all views</pre>
                        </td>
                        <td>
                            <!-- [TestAssert: Scenario - UserJourney-2] -->
                            <pre class="log">skipped because of previous errors</pre>
                        </td>
                        <td>Skipped in 0s</td>
                    </tr>
                    <tr>
                        <td>
                            <pre class="log">Then go to shopping cart</pre>
                        </td>
                        <td>
                            <!-- [TestAssert: Scenario - UserJourney-2] -->
                            <pre class="log">skipped because of previous errors</pre>
                        </td>
                        <td>Skipped in 0s</td>
                    </tr>
                    <tr>
                        <td>
                            <pre class="log">Then verify delivery and VAT</pre>
                        </td>
                        <td>
                            <!-- [TestAssert: Scenario - UserJourney-2] -->
                            <pre class="log">skipped because of previous errors</pre>
                        </td>
                        <td>Skipped in 0s</td>
                    </tr>
                    <tr>
                        <td>
                            <pre class="log">Then verify the total number of product list and the total cost</pre>
                        </td>
                        <td>
                            <!-- [TestAssert: Scenario - UserJourney-2] -->
                            <pre class="log">skipped because of previous errors</pre>
                        </td>
                        <td>Skipped in 0.001s</td>
                    </tr>
                    <tr>
                        <td>
                            <pre class="log">Then user clicks on checkout</pre>
                        </td>
                        <td>
                            <!-- [TestAssert: Scenario - UserJourney-2] -->
                            <pre class="log">skipped because of previous errors</pre>
                        </td>
                        <td>Skipped in 0s</td>
                    </tr>
                    <tr>
                        <td>
                            <pre class="log">Then Verify that the user is in address screen</pre>
                        </td>
                        <td>
                            <!-- [TestAssert: Scenario - UserJourney-2] -->
                            <pre class="log">skipped because of previous errors</pre>
                        </td>
                        <td>Skipped in 0s</td>
                    </tr>
                    <tr>
                        <td>
                            <pre class="log">Then Enter a valid shipping address and click continue</pre>
                        </td>
                        <td>
                            <!-- [TestAssert: Scenario - UserJourney-2] -->
                            <pre class="log">skipped because of previous errors</pre>
                        </td>
                        <td>Skipped in 0s</td>
                    </tr>
                    <tr>
                        <td>
                            <pre class="log">Then add new payment method</pre>
                        </td>
                        <td>
                            <!-- [TestAssert: Scenario - UserJourney-2] -->
                            <pre class="log">skipped because of previous errors</pre>
                        </td>
                        <td>Skipped in 0s</td>
                    </tr>
                    <tr>
                        <td>
                            <pre class="log">When billing address is different from shipping address</pre>
                        </td>
                        <td>
                            <!-- [TestAct: Scenario - UserJourney-2] -->
                            <pre class="log">skipped because of previous errors</pre>
                        </td>
                        <td>Skipped in 0s</td>
                    </tr>
                    <tr>
                        <td>
                            <pre class="log">Then enter valid billing address and click continue</pre>
                        </td>
                        <td>
                            <!-- [TestAssert: Scenario - UserJourney-2] -->
                            <pre class="log">skipped because of previous errors</pre>
                        </td>
                        <td>Skipped in 0s</td>
                    </tr>
                    <tr>
                        <td>
                            <pre class="log">Then Press Continue to Reach Ordersummary Screen</pre>
                        </td>
                        <td>
                            <!-- [TestAssert: Scenario - UserJourney-2] -->
                            <pre class="log">skipped because of previous errors</pre>
                        </td>
                        <td>Skipped in 0s</td>
                    </tr>
                    <tr>
                        <td>
                            <pre class="log">Then verify user is in Order summary page shippingaddress,Voucher discount,UPS Parcel,Totalcost,Vat and totalquantity</pre>
                        </td>
                        <td>
                            <!-- [TestAssert: Scenario - UserJourney-2] -->
                            <pre class="log">skipped because of previous errors</pre>
                        </td>
                        <td>Skipped in 0s</td>
                    </tr>
                    <tr>
                        <td>
                            <pre class="log">Then User clicks on Paynow</pre>
                        </td>
                        <td>
                            <!-- [TestAssert: Scenario - UserJourney-2] -->
                            <pre class="log">skipped because of previous errors</pre>
                        </td>
                        <td>Skipped in 0s</td>
                    </tr>
                    <tr>
                        <td>
                            <pre class="log">Then verify user is on payment screen</pre>
                        </td>
                        <td>
                            <!-- [TestAssert: Scenario - UserJourney-2] -->
                            <pre class="log">skipped because of previous errors</pre>
                        </td>
                        <td>Skipped in 0s</td>
                    </tr>
                    <tr>
                        <td>
                            <pre class="log">When Invalid card data is entered</pre>
                        </td>
                        <td>
                            <!-- [TestAct: Scenario - UserJourney-2] -->
                            <pre class="log">skipped because of previous errors</pre>
                        </td>
                        <td>Skipped in 0s</td>
                    </tr>
                    <tr>
                        <td>
                            <pre class="log">Then verify user gets a failed message</pre>
                        </td>
                        <td>
                            <!-- [TestAssert: Scenario - UserJourney-2] -->
                            <pre class="log">skipped because of previous errors</pre>
                        </td>
                        <td>Skipped in 0s</td>
                    </tr>
                    <tr>
                        <td>
                            <pre class="log">When Valid card data is entered</pre>
                        </td>
                        <td>
                            <!-- [TestAct: Scenario - UserJourney-2] -->
                            <pre class="log">skipped because of previous errors</pre>
                        </td>
                        <td>Skipped in 0s</td>
                    </tr>
                    <tr>
                        <td>
                            <pre class="log">Then Verify user is able to complete transaction</pre>
                        </td>
                        <td>
                            <!-- [TestAssert: Scenario - UserJourney-2] -->
                            <pre class="log">skipped because of previous errors</pre>
                        </td>
                        <td>Skipped in 0.003s</td>
                    </tr>
            </table>
            <a name="t1476074462.0" />
            <h3>Scenario: UserJourney-3 (in Philips.CDP.Automation.IAP.Tests.Workflows, UJ03)</h3>
                <div class="description">
                    tags: mytag
                </div>
            <ul>
                <li>Status: Failed</li>
                <li>Start time: 8/2/2016 7:23:21 PM</li>
                <li>Execution time (sec): 44.751</li>
                <li>Thread: #0</li>
                <li>Error: Assert.Fail failed. Failure Message: 
Object reference not set to an instance of an object.
    at Philips.H2H.Foundation.AutomationCore.MobilePageInstance.GetTextById(String sId) in d:\MM\Latest\CDP_TestAutomation\CDP_TestAutomation\CDP_TestAutomation\Src\Src\01Foundation\Common\Mobile\MobilePageInstance.cs:line 259
   at Philips.SIG.Automation.Android.CDP.IAPTestPlugin.LoginScreen.GetScreenTitle() in d:\MM\Latest\CDP_TestAutomation\CDP_TestAutomation\CDP_TestAutomation\Src\Src\02TestAuthoring API\CDP_TestPlugin\LoginScreen.cs:line 213
   at Philips.CDP.Automation.IAP.Tests.Regression.UJ01.GivenUserIsOnTheHomeScreen() in d:\MM\Latest\CDP_TestAutomation\CDP_TestAutomation\CDP_TestAutomation\Src\Src\03Test\WorkFlowTests\UJ01.cs:line 72</li>
            </ul>
            <table class="testEvents">
                <tr>
                    <th>Steps</th>
                    <th>Trace</th>
                    <th>Result</th>
                </tr>
                    <tr>
                        <td>
                            <pre class="log">Given User is on the Home Screen</pre>
                        </td>
                        <td>
                            <!-- [TestArrange: Scenario - UserJourney-3] -->
                            <pre class="log">Current Activity is Android Launcher activity / Iap Application Crashed.
error: Assert.Fail failed. Failure Message: 
Object reference not set to an instance of an object.
    at Philips.H2H.Foundation.AutomationCore.MobilePageInstance.GetTextById(String sId) in d:\MM\Latest\CDP_TestAutomation\CDP_TestAutomation\CDP_TestAutomation\Src\Src\01Foundation\Common\Mobile\MobilePageInstance.cs:line 259
   at Philips.SIG.Automation.Android.CDP.IAPTestPlugin.LoginScreen.GetScreenTitle() in d:\MM\Latest\CDP_TestAutomation\CDP_TestAutomation\CDP_TestAutomation\Src\Src\02TestAuthoring API\CDP_TestPlugin\LoginScreen.cs:line 213
   at Philips.CDP.Automation.IAP.Tests.Regression.UJ01.GivenUserIsOnTheHomeScreen() in d:\MM\Latest\CDP_TestAutomation\CDP_TestAutomation\CDP_TestAutomation\Src\Src\03Test\WorkFlowTests\UJ01.cs:line 72</pre>
                                <div class="errorMessage">Assert.Fail failed. Failure Message: 
Object reference not set to an instance of an object.
    at Philips.H2H.Foundation.AutomationCore.MobilePageInstance.GetTextById(String sId) in d:\MM\Latest\CDP_TestAutomation\CDP_TestAutomation\CDP_TestAutomation\Src\Src\01Foundation\Common\Mobile\MobilePageInstance.cs:line 259
   at Philips.SIG.Automation.Android.CDP.IAPTestPlugin.LoginScreen.GetScreenTitle() in d:\MM\Latest\CDP_TestAutomation\CDP_TestAutomation\CDP_TestAutomation\Src\Src\02TestAuthoring API\CDP_TestPlugin\LoginScreen.cs:line 213
   at Philips.CDP.Automation.IAP.Tests.Regression.UJ01.GivenUserIsOnTheHomeScreen() in d:\MM\Latest\CDP_TestAutomation\CDP_TestAutomation\CDP_TestAutomation\Src\Src\03Test\WorkFlowTests\UJ01.cs:line 72</div>
                                <pre class="stackTrace">Microsoft.VisualStudio.TestTools.UnitTesting.AssertFailedException: Assert.Fail failed. Failure Message: 
Object reference not set to an instance of an object.
    at Philips.H2H.Foundation.AutomationCore.MobilePageInstance.GetTextById(String sId) in d:\MM\Latest\CDP_TestAutomation\CDP_TestAutomation\CDP_TestAutomation\Src\Src\01Foundation\Common\Mobile\MobilePageInstance.cs:line 259
   at Philips.SIG.Automation.Android.CDP.IAPTestPlugin.LoginScreen.GetScreenTitle() in d:\MM\Latest\CDP_TestAutomation\CDP_TestAutomation\CDP_TestAutomation\Src\Src\02TestAuthoring API\CDP_TestPlugin\LoginScreen.cs:line 213
   at Philips.CDP.Automation.IAP.Tests.Regression.UJ01.GivenUserIsOnTheHomeScreen() in d:\MM\Latest\CDP_TestAutomation\CDP_TestAutomation\CDP_TestAutomation\Src\Src\03Test\WorkFlowTests\UJ01.cs:line 72
   at Microsoft.VisualStudio.TestTools.UnitTesting.Assert.HandleFailure(String assertionName, String message)
   at Microsoft.VisualStudio.TestTools.UnitTesting.Assert.Fail(String message)
   at Philips.H2H.Foundation.AutomationCore.Logger.Fail(String text) in d:\MM\Latest\CDP_TestAutomation\CDP_TestAutomation\CDP_TestAutomation\Src\Src\01Foundation\Common\Logging\Logger.cs:line 54
   at Philips.CDP.Automation.IAP.Tests.Workflows.IapReport.Fail(String message, Exception e) in d:\MM\Latest\CDP_TestAutomation\CDP_TestAutomation\CDP_TestAutomation\Src\Src\03Test\WorkFlowTests\IapReport.cs:line 41
   at Philips.CDP.Automation.IAP.Tests.Regression.UJ01.GivenUserIsOnTheHomeScreen() in d:\MM\Latest\CDP_TestAutomation\CDP_TestAutomation\CDP_TestAutomation\Src\Src\03Test\WorkFlowTests\UJ01.cs:line 89
   at TechTalk.SpecFlow.Bindings.BindingInvoker.InvokeBinding(IBinding binding, IContextManager contextManager, Object[] arguments, ITestTracer testTracer, TimeSpan&amp; duration)
   at TechTalk.SpecFlow.Infrastructure.TestExecutionEngine.ExecuteStepMatch(BindingMatch match, Object[] arguments)
   at TechTalk.SpecFlow.Infrastructure.TestExecutionEngine.ExecuteStep(StepInstance stepInstance)
   at TechTalk.SpecFlow.Infrastructure.TestExecutionEngine.OnAfterLastStep()
   at Philips.CDP.Automation.IAP.Tests.Workflows.UJ03Feature.ScenarioCleanup() in d:\MM\Latest\CDP_TestAutomation\CDP_TestAutomation\CDP_TestAutomation\Src\Src\03Test\WorkFlowTests\UJ03.feature.cs:line 0
   at Philips.CDP.Automation.IAP.Tests.Workflows.UJ03Feature.UserJourney_3() in d:\MM\Latest\CDP_TestAutomation\CDP_TestAutomation\CDP_TestAutomation\Src\Src\03Test\WorkFlowTests\UJ03.feature:line 31
   at TechTalk.SpecRun.Framework.TaskExecutors.StaticOrInstanceMethodExecutor.ExecuteInternal(ITestThreadExecutionContext testThreadExecutionContext) in c:\TeamCity\BuildAgent\work\245a3e4d646c0875\TechTalk.SpecRun.Framework.Interfaces\TaskExecutors\StaticOrInstanceMethodExecutor.cs:line 40
   at TechTalk.SpecRun.Framework.TestAssemblyExecutor.ExecuteTestNodeTask(TestNode testNode, ITaskExecutor task, TraceEventType eventType) in c:\TeamCity\BuildAgent\work\245a3e4d646c0875\TechTalk.SpecRun.Framework.Executor\TestAssemblyExecutor.cs:line 215</pre>
                        </td>
                        <td>Failed in 44.74s</td>
                    </tr>
                    <tr>
                        <td>
                            <pre class="log">And is a first time user</pre>
                        </td>
                        <td>
                            <!-- [TestArrange: Scenario - UserJourney-3] -->
                            <pre class="log">skipped because of previous errors</pre>
                        </td>
                        <td>Skipped in 0s</td>
                    </tr>
                    <tr>
                        <td>
                            <pre class="log">When User selects country store and clicks on Shop Now</pre>
                        </td>
                        <td>
                            <!-- [TestAct: Scenario - UserJourney-3] -->
                            <pre class="log">skipped because of previous errors</pre>
                        </td>
                        <td>Skipped in 0s</td>
                    </tr>
                    <tr>
                        <td>
                            <pre class="log">Then verify user is in product catalog view</pre>
                        </td>
                        <td>
                            <!-- [TestAssert: Scenario - UserJourney-3] -->
                            <pre class="log">skipped because of previous errors</pre>
                        </td>
                        <td>Skipped in 0.001s</td>
                    </tr>
                    <tr>
                        <td>
                            <pre class="log">And select &quot;HX9042/64&quot; from product catalog view</pre>
                        </td>
                        <td>
                            <!-- [TestAssert: Scenario - UserJourney-3] -->
                            <pre class="log">skipped because of previous errors</pre>
                        </td>
                        <td>Skipped in 0s</td>
                    </tr>
                    <tr>
                        <td>
                            <pre class="log">And select &quot;HX8071/10&quot; from product catalog view</pre>
                        </td>
                        <td>
                            <!-- [TestAssert: Scenario - UserJourney-3] -->
                            <pre class="log">skipped because of previous errors</pre>
                        </td>
                        <td>Skipped in 0s</td>
                    </tr>
                    <tr>
                        <td>
                            <pre class="log">Then Verify shopping cart has &quot;Sonicare AdaptiveClean Standard sonic toothbrush heads&quot;</pre>
                        </td>
                        <td>
                            <!-- [TestAssert: Scenario - UserJourney-3] -->
                            <pre class="log">skipped because of previous errors</pre>
                        </td>
                        <td>Skipped in 0s</td>
                    </tr>
                    <tr>
                        <td>
                            <pre class="log">Then Verify shopping cart has &quot;Sonicare TongueCare+ Tongue cleaning starter kit&quot;</pre>
                        </td>
                        <td>
                            <!-- [TestAssert: Scenario - UserJourney-3] -->
                            <pre class="log">skipped because of previous errors</pre>
                        </td>
                        <td>Skipped in 0.001s</td>
                    </tr>
                    <tr>
                        <td>
                            <pre class="log">When User increments quantity of &quot;Sonicare AdaptiveClean Standard sonic toothbrush heads&quot; to &quot;3&quot;</pre>
                        </td>
                        <td>
                            <!-- [TestAct: Scenario - UserJourney-3] -->
                            <pre class="log">skipped because of previous errors</pre>
                        </td>
                        <td>Skipped in 0s</td>
                    </tr>
                    <tr>
                        <td>
                            <pre class="log">When User increments quantity of &quot;Sonicare TongueCare+ Tongue cleaning starter kit&quot; to &quot;4&quot;</pre>
                        </td>
                        <td>
                            <!-- [TestAct: Scenario - UserJourney-3] -->
                            <pre class="log">skipped because of previous errors</pre>
                        </td>
                        <td>Skipped in 0s</td>
                    </tr>
                    <tr>
                        <td>
                            <pre class="log">Then verify delivery and VAT</pre>
                        </td>
                        <td>
                            <!-- [TestAssert: Scenario - UserJourney-3] -->
                            <pre class="log">skipped because of previous errors</pre>
                        </td>
                        <td>Skipped in 0s</td>
                    </tr>
                    <tr>
                        <td>
                            <pre class="log">Then verify the total number of product list and the total cost</pre>
                        </td>
                        <td>
                            <!-- [TestAssert: Scenario - UserJourney-3] -->
                            <pre class="log">skipped because of previous errors</pre>
                        </td>
                        <td>Skipped in 0s</td>
                    </tr>
                    <tr>
                        <td>
                            <pre class="log">Then user clicks on checkout</pre>
                        </td>
                        <td>
                            <!-- [TestAssert: Scenario - UserJourney-3] -->
                            <pre class="log">skipped because of previous errors</pre>
                        </td>
                        <td>Skipped in 0.001s</td>
                    </tr>
                    <tr>
                        <td>
                            <pre class="log">Then Verify that the user is in address screen</pre>
                        </td>
                        <td>
                            <!-- [TestAssert: Scenario - UserJourney-3] -->
                            <pre class="log">skipped because of previous errors</pre>
                        </td>
                        <td>Skipped in 0s</td>
                    </tr>
                    <tr>
                        <td>
                            <pre class="log">When invalid shipping address is entered</pre>
                        </td>
                        <td>
                            <!-- [TestAct: Scenario - UserJourney-3] -->
                            <pre class="log">skipped because of previous errors</pre>
                        </td>
                        <td>Skipped in 0s</td>
                    </tr>
                    <tr>
                        <td>
                            <pre class="log">Then verify error message is seen</pre>
                        </td>
                        <td>
                            <!-- [TestAssert: Scenario - UserJourney-3] -->
                            <pre class="log">skipped because of previous errors</pre>
                        </td>
                        <td>Skipped in 0s</td>
                    </tr>
                    <tr>
                        <td>
                            <pre class="log">Then add new payment method</pre>
                        </td>
                        <td>
                            <!-- [TestAssert: Scenario - UserJourney-3] -->
                            <pre class="log">skipped because of previous errors</pre>
                        </td>
                        <td>Skipped in 0s</td>
                    </tr>
                    <tr>
                        <td>
                            <pre class="log">When billing address is different from shipping address</pre>
                        </td>
                        <td>
                            <!-- [TestAct: Scenario - UserJourney-3] -->
                            <pre class="log">skipped because of previous errors</pre>
                        </td>
                        <td>Skipped in 0s</td>
                    </tr>
                    <tr>
                        <td>
                            <pre class="log">When invalid billing address is entered</pre>
                        </td>
                        <td>
                            <!-- [TestAct: Scenario - UserJourney-3] -->
                            <pre class="log">skipped because of previous errors</pre>
                        </td>
                        <td>Skipped in 0s</td>
                    </tr>
                    <tr>
                        <td>
                            <pre class="log">Then verify error message is seen</pre>
                        </td>
                        <td>
                            <!-- [TestAssert: Scenario - UserJourney-3] -->
                            <pre class="log">skipped because of previous errors</pre>
                        </td>
                        <td>Skipped in 0.001s</td>
                    </tr>
                    <tr>
                        <td>
                            <pre class="log">Then verify user is in Order summary page shippingaddress,Voucher discount,UPS Parcel,Totalcost,Vat and totalquantity</pre>
                        </td>
                        <td>
                            <!-- [TestAssert: Scenario - UserJourney-3] -->
                            <pre class="log">skipped because of previous errors</pre>
                        </td>
                        <td>Skipped in 0s</td>
                    </tr>
                    <tr>
                        <td>
                            <pre class="log">Then User clicks on Paynow</pre>
                        </td>
                        <td>
                            <!-- [TestAssert: Scenario - UserJourney-3] -->
                            <pre class="log">skipped because of previous errors</pre>
                        </td>
                        <td>Skipped in 0s</td>
                    </tr>
                    <tr>
                        <td>
                            <pre class="log">Then verify user is on payment screen</pre>
                        </td>
                        <td>
                            <!-- [TestAssert: Scenario - UserJourney-3] -->
                            <pre class="log">skipped because of previous errors</pre>
                        </td>
                        <td>Skipped in 0s</td>
                    </tr>
                    <tr>
                        <td>
                            <pre class="log">When Valid card data is entered</pre>
                        </td>
                        <td>
                            <!-- [TestAct: Scenario - UserJourney-3] -->
                            <pre class="log">skipped because of previous errors</pre>
                        </td>
                        <td>Skipped in 0.002s</td>
                    </tr>
            </table>
            <a name="t-1256165560.0" />
            <h3>Scenario: UserJourney-4 (in Philips.CDP.Automation.IAP.Tests.Workflows, UJ04)</h3>
                <div class="description">
                    tags: mytag
                </div>
            <ul>
                <li>Status: Failed</li>
                <li>Start time: 8/2/2016 7:24:06 PM</li>
                <li>Execution time (sec): 37.553</li>
                <li>Thread: #0</li>
                <li>Error: Assert.Fail failed. Failure Message: 
Object reference not set to an instance of an object.
    at Philips.H2H.Foundation.AutomationCore.MobilePageInstance.GetTextById(String sId) in d:\MM\Latest\CDP_TestAutomation\CDP_TestAutomation\CDP_TestAutomation\Src\Src\01Foundation\Common\Mobile\MobilePageInstance.cs:line 259
   at Philips.SIG.Automation.Android.CDP.IAPTestPlugin.LoginScreen.GetScreenTitle() in d:\MM\Latest\CDP_TestAutomation\CDP_TestAutomation\CDP_TestAutomation\Src\Src\02TestAuthoring API\CDP_TestPlugin\LoginScreen.cs:line 213
   at Philips.CDP.Automation.IAP.Tests.Regression.UJ01.GivenUserIsOnTheHomeScreen() in d:\MM\Latest\CDP_TestAutomation\CDP_TestAutomation\CDP_TestAutomation\Src\Src\03Test\WorkFlowTests\UJ01.cs:line 72</li>
            </ul>
            <table class="testEvents">
                <tr>
                    <th>Steps</th>
                    <th>Trace</th>
                    <th>Result</th>
                </tr>
                    <tr>
                        <td>
                            <pre class="log">Given User is on the Home Screen</pre>
                        </td>
                        <td>
                            <!-- [TestArrange: Scenario - UserJourney-4] -->
                            <pre class="log">Current Activity is Android Launcher activity / Iap Application Crashed.
error: Assert.Fail failed. Failure Message: 
Object reference not set to an instance of an object.
    at Philips.H2H.Foundation.AutomationCore.MobilePageInstance.GetTextById(String sId) in d:\MM\Latest\CDP_TestAutomation\CDP_TestAutomation\CDP_TestAutomation\Src\Src\01Foundation\Common\Mobile\MobilePageInstance.cs:line 259
   at Philips.SIG.Automation.Android.CDP.IAPTestPlugin.LoginScreen.GetScreenTitle() in d:\MM\Latest\CDP_TestAutomation\CDP_TestAutomation\CDP_TestAutomation\Src\Src\02TestAuthoring API\CDP_TestPlugin\LoginScreen.cs:line 213
   at Philips.CDP.Automation.IAP.Tests.Regression.UJ01.GivenUserIsOnTheHomeScreen() in d:\MM\Latest\CDP_TestAutomation\CDP_TestAutomation\CDP_TestAutomation\Src\Src\03Test\WorkFlowTests\UJ01.cs:line 72</pre>
                                <div class="errorMessage">Assert.Fail failed. Failure Message: 
Object reference not set to an instance of an object.
    at Philips.H2H.Foundation.AutomationCore.MobilePageInstance.GetTextById(String sId) in d:\MM\Latest\CDP_TestAutomation\CDP_TestAutomation\CDP_TestAutomation\Src\Src\01Foundation\Common\Mobile\MobilePageInstance.cs:line 259
   at Philips.SIG.Automation.Android.CDP.IAPTestPlugin.LoginScreen.GetScreenTitle() in d:\MM\Latest\CDP_TestAutomation\CDP_TestAutomation\CDP_TestAutomation\Src\Src\02TestAuthoring API\CDP_TestPlugin\LoginScreen.cs:line 213
   at Philips.CDP.Automation.IAP.Tests.Regression.UJ01.GivenUserIsOnTheHomeScreen() in d:\MM\Latest\CDP_TestAutomation\CDP_TestAutomation\CDP_TestAutomation\Src\Src\03Test\WorkFlowTests\UJ01.cs:line 72</div>
                                <pre class="stackTrace">Microsoft.VisualStudio.TestTools.UnitTesting.AssertFailedException: Assert.Fail failed. Failure Message: 
Object reference not set to an instance of an object.
    at Philips.H2H.Foundation.AutomationCore.MobilePageInstance.GetTextById(String sId) in d:\MM\Latest\CDP_TestAutomation\CDP_TestAutomation\CDP_TestAutomation\Src\Src\01Foundation\Common\Mobile\MobilePageInstance.cs:line 259
   at Philips.SIG.Automation.Android.CDP.IAPTestPlugin.LoginScreen.GetScreenTitle() in d:\MM\Latest\CDP_TestAutomation\CDP_TestAutomation\CDP_TestAutomation\Src\Src\02TestAuthoring API\CDP_TestPlugin\LoginScreen.cs:line 213
   at Philips.CDP.Automation.IAP.Tests.Regression.UJ01.GivenUserIsOnTheHomeScreen() in d:\MM\Latest\CDP_TestAutomation\CDP_TestAutomation\CDP_TestAutomation\Src\Src\03Test\WorkFlowTests\UJ01.cs:line 72
   at Microsoft.VisualStudio.TestTools.UnitTesting.Assert.HandleFailure(String assertionName, String message)
   at Microsoft.VisualStudio.TestTools.UnitTesting.Assert.Fail(String message)
   at Philips.H2H.Foundation.AutomationCore.Logger.Fail(String text) in d:\MM\Latest\CDP_TestAutomation\CDP_TestAutomation\CDP_TestAutomation\Src\Src\01Foundation\Common\Logging\Logger.cs:line 54
   at Philips.CDP.Automation.IAP.Tests.Workflows.IapReport.Fail(String message, Exception e) in d:\MM\Latest\CDP_TestAutomation\CDP_TestAutomation\CDP_TestAutomation\Src\Src\03Test\WorkFlowTests\IapReport.cs:line 41
   at Philips.CDP.Automation.IAP.Tests.Regression.UJ01.GivenUserIsOnTheHomeScreen() in d:\MM\Latest\CDP_TestAutomation\CDP_TestAutomation\CDP_TestAutomation\Src\Src\03Test\WorkFlowTests\UJ01.cs:line 89
   at TechTalk.SpecFlow.Bindings.BindingInvoker.InvokeBinding(IBinding binding, IContextManager contextManager, Object[] arguments, ITestTracer testTracer, TimeSpan&amp; duration)
   at TechTalk.SpecFlow.Infrastructure.TestExecutionEngine.ExecuteStepMatch(BindingMatch match, Object[] arguments)
   at TechTalk.SpecFlow.Infrastructure.TestExecutionEngine.ExecuteStep(StepInstance stepInstance)
   at TechTalk.SpecFlow.Infrastructure.TestExecutionEngine.OnAfterLastStep()
   at Philips.CDP.Automation.IAP.Tests.Workflows.UJ04Feature.ScenarioCleanup() in d:\MM\Latest\CDP_TestAutomation\CDP_TestAutomation\CDP_TestAutomation\Src\Src\03Test\WorkFlowTests\UJ04.feature.cs:line 0
   at Philips.CDP.Automation.IAP.Tests.Workflows.UJ04Feature.UserJourney_4() in d:\MM\Latest\CDP_TestAutomation\CDP_TestAutomation\CDP_TestAutomation\Src\Src\03Test\WorkFlowTests\UJ04.feature:line 33
   at TechTalk.SpecRun.Framework.TaskExecutors.StaticOrInstanceMethodExecutor.ExecuteInternal(ITestThreadExecutionContext testThreadExecutionContext) in c:\TeamCity\BuildAgent\work\245a3e4d646c0875\TechTalk.SpecRun.Framework.Interfaces\TaskExecutors\StaticOrInstanceMethodExecutor.cs:line 40
   at TechTalk.SpecRun.Framework.TestAssemblyExecutor.ExecuteTestNodeTask(TestNode testNode, ITaskExecutor task, TraceEventType eventType) in c:\TeamCity\BuildAgent\work\245a3e4d646c0875\TechTalk.SpecRun.Framework.Executor\TestAssemblyExecutor.cs:line 215</pre>
                        </td>
                        <td>Failed in 37.542s</td>
                    </tr>
                    <tr>
                        <td>
                            <pre class="log">Given User is a first time user</pre>
                        </td>
                        <td>
                            <!-- [TestArrange: Scenario - UserJourney-4] -->
                            <pre class="log">skipped because of previous errors</pre>
                        </td>
                        <td>Skipped in 0s</td>
                    </tr>
                    <tr>
                        <td>
                            <pre class="log">When User selects country store and clicks on Shop Now</pre>
                        </td>
                        <td>
                            <!-- [TestAct: Scenario - UserJourney-4] -->
                            <pre class="log">skipped because of previous errors</pre>
                        </td>
                        <td>Skipped in 0s</td>
                    </tr>
                    <tr>
                        <td>
                            <pre class="log">Then verify user is in product catalog view</pre>
                        </td>
                        <td>
                            <!-- [TestAssert: Scenario - UserJourney-4] -->
                            <pre class="log">skipped because of previous errors</pre>
                        </td>
                        <td>Skipped in 0s</td>
                    </tr>
                    <tr>
                        <td>
                            <pre class="log">And select &quot;HX8331/11&quot; from product catalog view</pre>
                        </td>
                        <td>
                            <!-- [TestAssert: Scenario - UserJourney-4] -->
                            <pre class="log">skipped because of previous errors</pre>
                        </td>
                        <td>Skipped in 0s</td>
                    </tr>
                    <tr>
                        <td>
                            <pre class="log">Then Verify user is in shopping cart view</pre>
                        </td>
                        <td>
                            <!-- [TestAssert: Scenario - UserJourney-4] -->
                            <pre class="log">skipped because of previous errors</pre>
                        </td>
                        <td>Skipped in 0.001s</td>
                    </tr>
                    <tr>
                        <td>
                            <pre class="log">Then Verify the product image, name ,price</pre>
                        </td>
                        <td>
                            <!-- [TestAssert: Scenario - UserJourney-4] -->
                            <pre class="log">skipped because of previous errors</pre>
                        </td>
                        <td>Skipped in 0s</td>
                    </tr>
                    <tr>
                        <td>
                            <pre class="log">Then go to shopping cart</pre>
                        </td>
                        <td>
                            <!-- [TestAssert: Scenario - UserJourney-4] -->
                            <pre class="log">skipped because of previous errors</pre>
                        </td>
                        <td>Skipped in 0s</td>
                    </tr>
                    <tr>
                        <td>
                            <pre class="log">When User increments quantity of &quot;Sonicare AirFloss Pro - Interdental cleaner&quot; to &quot;2&quot;</pre>
                        </td>
                        <td>
                            <!-- [TestAct: Scenario - UserJourney-4] -->
                            <pre class="log">skipped because of previous errors</pre>
                        </td>
                        <td>Skipped in 0s</td>
                    </tr>
                    <tr>
                        <td>
                            <pre class="log">Then verify delivery and VAT</pre>
                        </td>
                        <td>
                            <!-- [TestAssert: Scenario - UserJourney-4] -->
                            <pre class="log">skipped because of previous errors</pre>
                        </td>
                        <td>Skipped in 0s</td>
                    </tr>
                    <tr>
                        <td>
                            <pre class="log">Then verify the total number of product list and the total cost</pre>
                        </td>
                        <td>
                            <!-- [TestAssert: Scenario - UserJourney-4] -->
                            <pre class="log">skipped because of previous errors</pre>
                        </td>
                        <td>Skipped in 0s</td>
                    </tr>
                    <tr>
                        <td>
                            <pre class="log">When user clicks on checkout</pre>
                        </td>
                        <td>
                            <!-- [TestAct: Scenario - UserJourney-4] -->
                            <pre class="log">skipped because of previous errors</pre>
                        </td>
                        <td>Skipped in 0s</td>
                    </tr>
                    <tr>
                        <td>
                            <pre class="log">Then Verify that the user is in address screen</pre>
                        </td>
                        <td>
                            <!-- [TestAssert: Scenario - UserJourney-4] -->
                            <pre class="log">skipped because of previous errors</pre>
                        </td>
                        <td>Skipped in 0.001s</td>
                    </tr>
                    <tr>
                        <td>
                            <pre class="log">Then enter valid shipping address and click cancel</pre>
                        </td>
                        <td>
                            <!-- [TestAssert: Scenario - UserJourney-4] -->
                            <pre class="log">skipped because of previous errors</pre>
                        </td>
                        <td>Skipped in 0s</td>
                    </tr>
                    <tr>
                        <td>
                            <pre class="log">Then Verify user is in address screen</pre>
                        </td>
                        <td>
                            <!-- [TestAssert: Scenario - UserJourney-4] -->
                            <pre class="log">skipped because of previous errors</pre>
                        </td>
                        <td>Skipped in 0s</td>
                    </tr>
                    <tr>
                        <td>
                            <pre class="log">Then select add a new address</pre>
                        </td>
                        <td>
                            <!-- [TestAssert: Scenario - UserJourney-4] -->
                            <pre class="log">skipped because of previous errors</pre>
                        </td>
                        <td>Skipped in 0s</td>
                    </tr>
                    <tr>
                        <td>
                            <pre class="log">Then enter valid shipping address and click continue</pre>
                        </td>
                        <td>
                            <!-- [TestAssert: Scenario - UserJourney-4] -->
                            <pre class="log">skipped because of previous errors</pre>
                        </td>
                        <td>Skipped in 0s</td>
                    </tr>
                    <tr>
                        <td>
                            <pre class="log">Then add new payment method</pre>
                        </td>
                        <td>
                            <!-- [TestAssert: Scenario - UserJourney-4] -->
                            <pre class="log">skipped because of previous errors</pre>
                        </td>
                        <td>Skipped in 0s</td>
                    </tr>
                    <tr>
                        <td>
                            <pre class="log">When billing address is same as shipping address, click on continue</pre>
                        </td>
                        <td>
                            <!-- [TestAct: Scenario - UserJourney-4] -->
                            <pre class="log">skipped because of previous errors</pre>
                        </td>
                        <td>Skipped in 0.001s</td>
                    </tr>
                    <tr>
                        <td>
                            <pre class="log">Then Verify user is in order summary page</pre>
                        </td>
                        <td>
                            <!-- [TestAssert: Scenario - UserJourney-4] -->
                            <pre class="log">skipped because of previous errors</pre>
                        </td>
                        <td>Skipped in 0s</td>
                    </tr>
                    <tr>
                        <td>
                            <pre class="log">Then verify user is in Order summary page shippingaddress,Voucher discount,UPS Parcel,Totalcost,Vat and totalquantity</pre>
                        </td>
                        <td>
                            <!-- [TestAssert: Scenario - UserJourney-4] -->
                            <pre class="log">skipped because of previous errors</pre>
                        </td>
                        <td>Skipped in 0s</td>
                    </tr>
                    <tr>
                        <td>
                            <pre class="log">When user clicks on pay now</pre>
                        </td>
                        <td>
                            <!-- [TestAct: Scenario - UserJourney-4] -->
                            <pre class="log">skipped because of previous errors</pre>
                        </td>
                        <td>Skipped in 0s</td>
                    </tr>
                    <tr>
                        <td>
                            <pre class="log">Then enter card details that would fail</pre>
                        </td>
                        <td>
                            <!-- [TestAssert: Scenario - UserJourney-4] -->
                            <pre class="log">skipped because of previous errors</pre>
                        </td>
                        <td>Skipped in 0s</td>
                    </tr>
                    <tr>
                        <td>
                            <pre class="log">And Card payment was not successful</pre>
                        </td>
                        <td>
                            <!-- [TestAssert: Scenario - UserJourney-4] -->
                            <pre class="log">skipped because of previous errors</pre>
                        </td>
                        <td>Skipped in 0s</td>
                    </tr>
                    <tr>
                        <td>
                            <pre class="log">When user selects back</pre>
                        </td>
                        <td>
                            <!-- [TestAct: Scenario - UserJourney-4] -->
                            <pre class="log">skipped because of previous errors</pre>
                        </td>
                        <td>Skipped in 0s</td>
                    </tr>
                    <tr>
                        <td>
                            <pre class="log">Then Verify user is in shopping cart view</pre>
                        </td>
                        <td>
                            <!-- [TestAssert: Scenario - UserJourney-4] -->
                            <pre class="log">skipped because of previous errors</pre>
                        </td>
                        <td>Skipped in 0.002s</td>
                    </tr>
            </table>
            <a name="t306832110.0" />
            <h3>Scenario: UserJourney-5 (in Philips.CDP.Automation.IAP.Tests.Workflows, UJ05)</h3>
                <div class="description">
                    tags: mytag
                </div>
            <ul>
                <li>Status: Failed</li>
                <li>Start time: 8/2/2016 7:24:44 PM</li>
                <li>Execution time (sec): 39.3367326</li>
                <li>Thread: #0</li>
                <li>Error: Assert.Fail failed. Failure Message: 
Object reference not set to an instance of an object.
    at Philips.H2H.Foundation.AutomationCore.MobilePageInstance.GetTextById(String sId) in d:\MM\Latest\CDP_TestAutomation\CDP_TestAutomation\CDP_TestAutomation\Src\Src\01Foundation\Common\Mobile\MobilePageInstance.cs:line 259
   at Philips.SIG.Automation.Android.CDP.IAPTestPlugin.LoginScreen.GetScreenTitle() in d:\MM\Latest\CDP_TestAutomation\CDP_TestAutomation\CDP_TestAutomation\Src\Src\02TestAuthoring API\CDP_TestPlugin\LoginScreen.cs:line 213
   at Philips.CDP.Automation.IAP.Tests.Regression.UJ01.GivenUserIsOnTheHomeScreen() in d:\MM\Latest\CDP_TestAutomation\CDP_TestAutomation\CDP_TestAutomation\Src\Src\03Test\WorkFlowTests\UJ01.cs:line 72</li>
            </ul>
            <table class="testEvents">
                <tr>
                    <th>Steps</th>
                    <th>Trace</th>
                    <th>Result</th>
                </tr>
                    <tr>
                        <td>
                            <pre class="log">Given User is on the Home Screen</pre>
                        </td>
                        <td>
                            <!-- [TestArrange: Scenario - UserJourney-5] -->
                            <pre class="log">Current Activity is Android Launcher activity / Iap Application Crashed.
error: Assert.Fail failed. Failure Message: 
Object reference not set to an instance of an object.
    at Philips.H2H.Foundation.AutomationCore.MobilePageInstance.GetTextById(String sId) in d:\MM\Latest\CDP_TestAutomation\CDP_TestAutomation\CDP_TestAutomation\Src\Src\01Foundation\Common\Mobile\MobilePageInstance.cs:line 259
   at Philips.SIG.Automation.Android.CDP.IAPTestPlugin.LoginScreen.GetScreenTitle() in d:\MM\Latest\CDP_TestAutomation\CDP_TestAutomation\CDP_TestAutomation\Src\Src\02TestAuthoring API\CDP_TestPlugin\LoginScreen.cs:line 213
   at Philips.CDP.Automation.IAP.Tests.Regression.UJ01.GivenUserIsOnTheHomeScreen() in d:\MM\Latest\CDP_TestAutomation\CDP_TestAutomation\CDP_TestAutomation\Src\Src\03Test\WorkFlowTests\UJ01.cs:line 72</pre>
                                <div class="errorMessage">Assert.Fail failed. Failure Message: 
Object reference not set to an instance of an object.
    at Philips.H2H.Foundation.AutomationCore.MobilePageInstance.GetTextById(String sId) in d:\MM\Latest\CDP_TestAutomation\CDP_TestAutomation\CDP_TestAutomation\Src\Src\01Foundation\Common\Mobile\MobilePageInstance.cs:line 259
   at Philips.SIG.Automation.Android.CDP.IAPTestPlugin.LoginScreen.GetScreenTitle() in d:\MM\Latest\CDP_TestAutomation\CDP_TestAutomation\CDP_TestAutomation\Src\Src\02TestAuthoring API\CDP_TestPlugin\LoginScreen.cs:line 213
   at Philips.CDP.Automation.IAP.Tests.Regression.UJ01.GivenUserIsOnTheHomeScreen() in d:\MM\Latest\CDP_TestAutomation\CDP_TestAutomation\CDP_TestAutomation\Src\Src\03Test\WorkFlowTests\UJ01.cs:line 72</div>
                                <pre class="stackTrace">Microsoft.VisualStudio.TestTools.UnitTesting.AssertFailedException: Assert.Fail failed. Failure Message: 
Object reference not set to an instance of an object.
    at Philips.H2H.Foundation.AutomationCore.MobilePageInstance.GetTextById(String sId) in d:\MM\Latest\CDP_TestAutomation\CDP_TestAutomation\CDP_TestAutomation\Src\Src\01Foundation\Common\Mobile\MobilePageInstance.cs:line 259
   at Philips.SIG.Automation.Android.CDP.IAPTestPlugin.LoginScreen.GetScreenTitle() in d:\MM\Latest\CDP_TestAutomation\CDP_TestAutomation\CDP_TestAutomation\Src\Src\02TestAuthoring API\CDP_TestPlugin\LoginScreen.cs:line 213
   at Philips.CDP.Automation.IAP.Tests.Regression.UJ01.GivenUserIsOnTheHomeScreen() in d:\MM\Latest\CDP_TestAutomation\CDP_TestAutomation\CDP_TestAutomation\Src\Src\03Test\WorkFlowTests\UJ01.cs:line 72
   at Microsoft.VisualStudio.TestTools.UnitTesting.Assert.HandleFailure(String assertionName, String message)
   at Microsoft.VisualStudio.TestTools.UnitTesting.Assert.Fail(String message)
   at Philips.H2H.Foundation.AutomationCore.Logger.Fail(String text) in d:\MM\Latest\CDP_TestAutomation\CDP_TestAutomation\CDP_TestAutomation\Src\Src\01Foundation\Common\Logging\Logger.cs:line 54
   at Philips.CDP.Automation.IAP.Tests.Workflows.IapReport.Fail(String message, Exception e) in d:\MM\Latest\CDP_TestAutomation\CDP_TestAutomation\CDP_TestAutomation\Src\Src\03Test\WorkFlowTests\IapReport.cs:line 41
   at Philips.CDP.Automation.IAP.Tests.Regression.UJ01.GivenUserIsOnTheHomeScreen() in d:\MM\Latest\CDP_TestAutomation\CDP_TestAutomation\CDP_TestAutomation\Src\Src\03Test\WorkFlowTests\UJ01.cs:line 89
   at TechTalk.SpecFlow.Bindings.BindingInvoker.InvokeBinding(IBinding binding, IContextManager contextManager, Object[] arguments, ITestTracer testTracer, TimeSpan&amp; duration)
   at TechTalk.SpecFlow.Infrastructure.TestExecutionEngine.ExecuteStepMatch(BindingMatch match, Object[] arguments)
   at TechTalk.SpecFlow.Infrastructure.TestExecutionEngine.ExecuteStep(StepInstance stepInstance)
   at TechTalk.SpecFlow.Infrastructure.TestExecutionEngine.OnAfterLastStep()
   at Philips.CDP.Automation.IAP.Tests.Workflows.UJ05Feature.ScenarioCleanup() in d:\MM\Latest\CDP_TestAutomation\CDP_TestAutomation\CDP_TestAutomation\Src\Src\03Test\WorkFlowTests\UJ05.feature.cs:line 0
   at Philips.CDP.Automation.IAP.Tests.Workflows.UJ05Feature.UserJourney_5() in d:\MM\Latest\CDP_TestAutomation\CDP_TestAutomation\CDP_TestAutomation\Src\Src\03Test\WorkFlowTests\UJ05.feature:line 37
   at TechTalk.SpecRun.Framework.TaskExecutors.StaticOrInstanceMethodExecutor.ExecuteInternal(ITestThreadExecutionContext testThreadExecutionContext) in c:\TeamCity\BuildAgent\work\245a3e4d646c0875\TechTalk.SpecRun.Framework.Interfaces\TaskExecutors\StaticOrInstanceMethodExecutor.cs:line 40
   at TechTalk.SpecRun.Framework.TestAssemblyExecutor.ExecuteTestNodeTask(TestNode testNode, ITaskExecutor task, TraceEventType eventType) in c:\TeamCity\BuildAgent\work\245a3e4d646c0875\TechTalk.SpecRun.Framework.Executor\TestAssemblyExecutor.cs:line 215</pre>
                        </td>
                        <td>Failed in 39.325s</td>
                    </tr>
                    <tr>
                        <td>
                            <pre class="log">Given User is a second time user</pre>
                        </td>
                        <td>
                            <!-- [TestArrange: Scenario - UserJourney-5] -->
                            <pre class="log">skipped because of previous errors</pre>
                        </td>
                        <td>Skipped in 0s</td>
                    </tr>
                    <tr>
                        <td>
                            <pre class="log">When User selects country store and clicks on Shop Now</pre>
                        </td>
                        <td>
                            <!-- [TestAct: Scenario - UserJourney-5] -->
                            <pre class="log">skipped because of previous errors</pre>
                        </td>
                        <td>Skipped in 0s</td>
                    </tr>
                    <tr>
                        <td>
                            <pre class="log">Then verify user is in product catalog view</pre>
                        </td>
                        <td>
                            <!-- [TestAssert: Scenario - UserJourney-5] -->
                            <pre class="log">skipped because of previous errors</pre>
                        </td>
                        <td>Skipped in 0s</td>
                    </tr>
                    <tr>
                        <td>
                            <pre class="log">And select &quot;HX9042/64&quot; from product catalog view</pre>
                        </td>
                        <td>
                            <!-- [TestAssert: Scenario - UserJourney-5] -->
                            <pre class="log">skipped because of previous errors</pre>
                        </td>
                        <td>Skipped in 0.001s</td>
                    </tr>
                    <tr>
                        <td>
                            <pre class="log">And select &quot;HX8071/10&quot; from product catalog view</pre>
                        </td>
                        <td>
                            <!-- [TestAssert: Scenario - UserJourney-5] -->
                            <pre class="log">skipped because of previous errors</pre>
                        </td>
                        <td>Skipped in 0s</td>
                    </tr>
                    <tr>
                        <td>
                            <pre class="log">Then Verify user is in shopping cart view</pre>
                        </td>
                        <td>
                            <!-- [TestAssert: Scenario - UserJourney-5] -->
                            <pre class="log">skipped because of previous errors</pre>
                        </td>
                        <td>Skipped in 0s</td>
                    </tr>
                    <tr>
                        <td>
                            <pre class="log">Then Verify the product image, name ,price</pre>
                        </td>
                        <td>
                            <!-- [TestAssert: Scenario - UserJourney-5] -->
                            <pre class="log">skipped because of previous errors</pre>
                        </td>
                        <td>Skipped in 0s</td>
                    </tr>
                    <tr>
                        <td>
                            <pre class="log">Then go to shopping cart</pre>
                        </td>
                        <td>
                            <!-- [TestAssert: Scenario - UserJourney-5] -->
                            <pre class="log">skipped because of previous errors</pre>
                        </td>
                        <td>Skipped in 0.001s</td>
                    </tr>
                    <tr>
                        <td>
                            <pre class="log">Then verify delivery and VAT</pre>
                        </td>
                        <td>
                            <!-- [TestAssert: Scenario - UserJourney-5] -->
                            <pre class="log">skipped because of previous errors</pre>
                        </td>
                        <td>Skipped in 0s</td>
                    </tr>
                    <tr>
                        <td>
                            <pre class="log">When user clicks on checkout</pre>
                        </td>
                        <td>
                            <!-- [TestAct: Scenario - UserJourney-5] -->
                            <pre class="log">skipped because of previous errors</pre>
                        </td>
                        <td>Skipped in 0s</td>
                    </tr>
                    <tr>
                        <td>
                            <pre class="log">Then Verify that the user is in Select Address screen</pre>
                        </td>
                        <td>
                            <!-- [TestAssert: Scenario - UserJourney-5] -->
                            <pre class="log">skipped because of previous errors</pre>
                        </td>
                        <td>Skipped in 0.001s</td>
                    </tr>
                    <tr>
                        <td>
                            <pre class="log">Then verify previous used shipping address is selected</pre>
                        </td>
                        <td>
                            <!-- [TestAssert: Scenario - UserJourney-5] -->
                            <pre class="log">skipped because of previous errors</pre>
                        </td>
                        <td>Skipped in 0s</td>
                    </tr>
                    <tr>
                        <td>
                            <pre class="log">Then scroll to see other registered shipping addresses</pre>
                        </td>
                        <td>
                            <!-- [TestAssert: Scenario - UserJourney-5] -->
                            <pre class="log">skipped because of previous errors</pre>
                        </td>
                        <td>Skipped in 0s</td>
                    </tr>
                    <tr>
                        <td>
                            <pre class="log">Then select a different registered shipping address</pre>
                        </td>
                        <td>
                            <!-- [TestAssert: Scenario - UserJourney-5] -->
                            <pre class="log">skipped because of previous errors</pre>
                        </td>
                        <td>Skipped in 0.001s</td>
                    </tr>
                    <tr>
                        <td>
                            <pre class="log">Then verify Select Shipping address is present</pre>
                        </td>
                        <td>
                            <!-- [TestAssert: Scenario - UserJourney-5] -->
                            <pre class="log">skipped because of previous errors</pre>
                        </td>
                        <td>Skipped in 0s</td>
                    </tr>
                    <tr>
                        <td>
                            <pre class="log">Then click on Deliver to this address</pre>
                        </td>
                        <td>
                            <!-- [TestAssert: Scenario - UserJourney-5] -->
                            <pre class="log">skipped because of previous errors</pre>
                        </td>
                        <td>Skipped in 0s</td>
                    </tr>
                    <tr>
                        <td>
                            <pre class="log">Then Let the Billing address is same as Shipping Address and All fields are auto-populated and Click Continue</pre>
                        </td>
                        <td>
                            <!-- [TestAssert: Scenario - UserJourney-5] -->
                            <pre class="log">skipped because of previous errors</pre>
                        </td>
                        <td>Skipped in 0.001s</td>
                    </tr>
                    <tr>
                        <td>
                            <pre class="log">Then Press Continue to Reach Ordersummary Screen</pre>
                        </td>
                        <td>
                            <!-- [TestAssert: Scenario - UserJourney-5] -->
                            <pre class="log">skipped because of previous errors</pre>
                        </td>
                        <td>Skipped in 0s</td>
                    </tr>
                    <tr>
                        <td>
                            <pre class="log">Then verify user is in Order summary page shippingaddress,Voucher discount,UPS Parcel,Totalcost,Vat and totalquantity</pre>
                        </td>
                        <td>
                            <!-- [TestAssert: Scenario - UserJourney-5] -->
                            <pre class="log">skipped because of previous errors</pre>
                        </td>
                        <td>Skipped in 0s</td>
                    </tr>
                    <tr>
                        <td>
                            <pre class="log">Then Click on Cancel in Order Summary</pre>
                        </td>
                        <td>
                            <!-- [TestAssert: Scenario - UserJourney-5] -->
                            <pre class="log">skipped because of previous errors</pre>
                        </td>
                        <td>Skipped in 0.002s</td>
                    </tr>
            </table>
            <a name="t2146530828.0" />
            <h3>Scenario: UserJourney-6 (in Philips.CDP.Automation.IAP.Tests.Workflows, UJ06)</h3>
                <div class="description">
                    tags: mytag
                </div>
            <ul>
                <li>Status: Failed</li>
                <li>Start time: 8/2/2016 7:25:23 PM</li>
                <li>Execution time (sec): 37.6065198</li>
                <li>Thread: #0</li>
                <li>Error: Assert.Fail failed. Failure Message: 
Object reference not set to an instance of an object.
    at Philips.H2H.Foundation.AutomationCore.MobilePageInstance.GetTextById(String sId) in d:\MM\Latest\CDP_TestAutomation\CDP_TestAutomation\CDP_TestAutomation\Src\Src\01Foundation\Common\Mobile\MobilePageInstance.cs:line 259
   at Philips.SIG.Automation.Android.CDP.IAPTestPlugin.LoginScreen.GetScreenTitle() in d:\MM\Latest\CDP_TestAutomation\CDP_TestAutomation\CDP_TestAutomation\Src\Src\02TestAuthoring API\CDP_TestPlugin\LoginScreen.cs:line 213
   at Philips.CDP.Automation.IAP.Tests.Regression.UJ01.GivenUserIsOnTheHomeScreen() in d:\MM\Latest\CDP_TestAutomation\CDP_TestAutomation\CDP_TestAutomation\Src\Src\03Test\WorkFlowTests\UJ01.cs:line 72</li>
            </ul>
            <table class="testEvents">
                <tr>
                    <th>Steps</th>
                    <th>Trace</th>
                    <th>Result</th>
                </tr>
                    <tr>
                        <td>
                            <pre class="log">Given User is on the Home Screen</pre>
                        </td>
                        <td>
                            <!-- [TestArrange: Scenario - UserJourney-6] -->
                            <pre class="log">Current Activity is Android Launcher activity / Iap Application Crashed.
error: Assert.Fail failed. Failure Message: 
Object reference not set to an instance of an object.
    at Philips.H2H.Foundation.AutomationCore.MobilePageInstance.GetTextById(String sId) in d:\MM\Latest\CDP_TestAutomation\CDP_TestAutomation\CDP_TestAutomation\Src\Src\01Foundation\Common\Mobile\MobilePageInstance.cs:line 259
   at Philips.SIG.Automation.Android.CDP.IAPTestPlugin.LoginScreen.GetScreenTitle() in d:\MM\Latest\CDP_TestAutomation\CDP_TestAutomation\CDP_TestAutomation\Src\Src\02TestAuthoring API\CDP_TestPlugin\LoginScreen.cs:line 213
   at Philips.CDP.Automation.IAP.Tests.Regression.UJ01.GivenUserIsOnTheHomeScreen() in d:\MM\Latest\CDP_TestAutomation\CDP_TestAutomation\CDP_TestAutomation\Src\Src\03Test\WorkFlowTests\UJ01.cs:line 72</pre>
                                <div class="errorMessage">Assert.Fail failed. Failure Message: 
Object reference not set to an instance of an object.
    at Philips.H2H.Foundation.AutomationCore.MobilePageInstance.GetTextById(String sId) in d:\MM\Latest\CDP_TestAutomation\CDP_TestAutomation\CDP_TestAutomation\Src\Src\01Foundation\Common\Mobile\MobilePageInstance.cs:line 259
   at Philips.SIG.Automation.Android.CDP.IAPTestPlugin.LoginScreen.GetScreenTitle() in d:\MM\Latest\CDP_TestAutomation\CDP_TestAutomation\CDP_TestAutomation\Src\Src\02TestAuthoring API\CDP_TestPlugin\LoginScreen.cs:line 213
   at Philips.CDP.Automation.IAP.Tests.Regression.UJ01.GivenUserIsOnTheHomeScreen() in d:\MM\Latest\CDP_TestAutomation\CDP_TestAutomation\CDP_TestAutomation\Src\Src\03Test\WorkFlowTests\UJ01.cs:line 72</div>
                                <pre class="stackTrace">Microsoft.VisualStudio.TestTools.UnitTesting.AssertFailedException: Assert.Fail failed. Failure Message: 
Object reference not set to an instance of an object.
    at Philips.H2H.Foundation.AutomationCore.MobilePageInstance.GetTextById(String sId) in d:\MM\Latest\CDP_TestAutomation\CDP_TestAutomation\CDP_TestAutomation\Src\Src\01Foundation\Common\Mobile\MobilePageInstance.cs:line 259
   at Philips.SIG.Automation.Android.CDP.IAPTestPlugin.LoginScreen.GetScreenTitle() in d:\MM\Latest\CDP_TestAutomation\CDP_TestAutomation\CDP_TestAutomation\Src\Src\02TestAuthoring API\CDP_TestPlugin\LoginScreen.cs:line 213
   at Philips.CDP.Automation.IAP.Tests.Regression.UJ01.GivenUserIsOnTheHomeScreen() in d:\MM\Latest\CDP_TestAutomation\CDP_TestAutomation\CDP_TestAutomation\Src\Src\03Test\WorkFlowTests\UJ01.cs:line 72
   at Microsoft.VisualStudio.TestTools.UnitTesting.Assert.HandleFailure(String assertionName, String message)
   at Microsoft.VisualStudio.TestTools.UnitTesting.Assert.Fail(String message)
   at Philips.H2H.Foundation.AutomationCore.Logger.Fail(String text) in d:\MM\Latest\CDP_TestAutomation\CDP_TestAutomation\CDP_TestAutomation\Src\Src\01Foundation\Common\Logging\Logger.cs:line 54
   at Philips.CDP.Automation.IAP.Tests.Workflows.IapReport.Fail(String message, Exception e) in d:\MM\Latest\CDP_TestAutomation\CDP_TestAutomation\CDP_TestAutomation\Src\Src\03Test\WorkFlowTests\IapReport.cs:line 41
   at Philips.CDP.Automation.IAP.Tests.Regression.UJ01.GivenUserIsOnTheHomeScreen() in d:\MM\Latest\CDP_TestAutomation\CDP_TestAutomation\CDP_TestAutomation\Src\Src\03Test\WorkFlowTests\UJ01.cs:line 89
   at TechTalk.SpecFlow.Bindings.BindingInvoker.InvokeBinding(IBinding binding, IContextManager contextManager, Object[] arguments, ITestTracer testTracer, TimeSpan&amp; duration)
   at TechTalk.SpecFlow.Infrastructure.TestExecutionEngine.ExecuteStepMatch(BindingMatch match, Object[] arguments)
   at TechTalk.SpecFlow.Infrastructure.TestExecutionEngine.ExecuteStep(StepInstance stepInstance)
   at TechTalk.SpecFlow.Infrastructure.TestExecutionEngine.OnAfterLastStep()
   at Philips.CDP.Automation.IAP.Tests.Workflows.UJ06Feature.ScenarioCleanup() in d:\MM\Latest\CDP_TestAutomation\CDP_TestAutomation\CDP_TestAutomation\Src\Src\03Test\WorkFlowTests\UJ06.feature.cs:line 0
   at Philips.CDP.Automation.IAP.Tests.Workflows.UJ06Feature.UserJourney_6() in d:\MM\Latest\CDP_TestAutomation\CDP_TestAutomation\CDP_TestAutomation\Src\Src\03Test\WorkFlowTests\UJ06.feature:line 32
   at TechTalk.SpecRun.Framework.TaskExecutors.StaticOrInstanceMethodExecutor.ExecuteInternal(ITestThreadExecutionContext testThreadExecutionContext) in c:\TeamCity\BuildAgent\work\245a3e4d646c0875\TechTalk.SpecRun.Framework.Interfaces\TaskExecutors\StaticOrInstanceMethodExecutor.cs:line 40
   at TechTalk.SpecRun.Framework.TestAssemblyExecutor.ExecuteTestNodeTask(TestNode testNode, ITaskExecutor task, TraceEventType eventType) in c:\TeamCity\BuildAgent\work\245a3e4d646c0875\TechTalk.SpecRun.Framework.Executor\TestAssemblyExecutor.cs:line 215</pre>
                        </td>
                        <td>Failed in 37.583s</td>
                    </tr>
                    <tr>
                        <td>
                            <pre class="log">Given User is a second time user</pre>
                        </td>
                        <td>
                            <!-- [TestArrange: Scenario - UserJourney-6] -->
                            <pre class="log">skipped because of previous errors</pre>
                        </td>
                        <td>Skipped in 0.001s</td>
                    </tr>
                    <tr>
                        <td>
                            <pre class="log">When User selects country store and clicks on Shop Now</pre>
                        </td>
                        <td>
                            <!-- [TestAct: Scenario - UserJourney-6] -->
                            <pre class="log">skipped because of previous errors</pre>
                        </td>
                        <td>Skipped in 0s</td>
                    </tr>
                    <tr>
                        <td>
                            <pre class="log">Then verify user is in product catalog view</pre>
                        </td>
                        <td>
                            <!-- [TestAssert: Scenario - UserJourney-6] -->
                            <pre class="log">skipped because of previous errors</pre>
                        </td>
                        <td>Skipped in 0s</td>
                    </tr>
                    <tr>
                        <td>
                            <pre class="log">Then go to shopping cart</pre>
                        </td>
                        <td>
                            <!-- [TestAssert: Scenario - UserJourney-6] -->
                            <pre class="log">skipped because of previous errors</pre>
                        </td>
                        <td>Skipped in 0s</td>
                    </tr>
                    <tr>
                        <td>
                            <pre class="log">And select &quot;HX9042/64&quot; from product catalog view</pre>
                        </td>
                        <td>
                            <!-- [TestAssert: Scenario - UserJourney-6] -->
                            <pre class="log">skipped because of previous errors</pre>
                        </td>
                        <td>Skipped in 0s</td>
                    </tr>
                    <tr>
                        <td>
                            <pre class="log">And select &quot;HX8071/10&quot; from product catalog view</pre>
                        </td>
                        <td>
                            <!-- [TestAssert: Scenario - UserJourney-6] -->
                            <pre class="log">skipped because of previous errors</pre>
                        </td>
                        <td>Skipped in 0s</td>
                    </tr>
                    <tr>
                        <td>
                            <pre class="log">Then Verify user is in shopping cart view</pre>
                        </td>
                        <td>
                            <!-- [TestAssert: Scenario - UserJourney-6] -->
                            <pre class="log">skipped because of previous errors</pre>
                        </td>
                        <td>Skipped in 0.001s</td>
                    </tr>
                    <tr>
                        <td>
                            <pre class="log">Then Verify the product image, name ,price</pre>
                        </td>
                        <td>
                            <!-- [TestAssert: Scenario - UserJourney-6] -->
                            <pre class="log">skipped because of previous errors</pre>
                        </td>
                        <td>Skipped in 0s</td>
                    </tr>
                    <tr>
                        <td>
                            <pre class="log">Then go to shopping cart</pre>
                        </td>
                        <td>
                            <!-- [TestAssert: Scenario - UserJourney-6] -->
                            <pre class="log">skipped because of previous errors</pre>
                        </td>
                        <td>Skipped in 0s</td>
                    </tr>
                    <tr>
                        <td>
                            <pre class="log">When User increments quantity of &quot;Sonicare AdaptiveClean Standard sonic toothbrush heads&quot; to &quot;3&quot;</pre>
                        </td>
                        <td>
                            <!-- [TestAct: Scenario - UserJourney-6] -->
                            <pre class="log">skipped because of previous errors</pre>
                        </td>
                        <td>Skipped in 0s</td>
                    </tr>
                    <tr>
                        <td>
                            <pre class="log">When User increments quantity of &quot;Sonicare TongueCare+ Tongue cleaning starter kit&quot; to &quot;4&quot;</pre>
                        </td>
                        <td>
                            <!-- [TestAct: Scenario - UserJourney-6] -->
                            <pre class="log">skipped because of previous errors</pre>
                        </td>
                        <td>Skipped in 0s</td>
                    </tr>
                    <tr>
                        <td>
                            <pre class="log">Then verify delivery and VAT</pre>
                        </td>
                        <td>
                            <!-- [TestAssert: Scenario - UserJourney-6] -->
                            <pre class="log">skipped because of previous errors</pre>
                        </td>
                        <td>Skipped in 0s</td>
                    </tr>
                    <tr>
                        <td>
                            <pre class="log">Then verify the total number of product list and the total cost</pre>
                        </td>
                        <td>
                            <!-- [TestAssert: Scenario - UserJourney-6] -->
                            <pre class="log">skipped because of previous errors</pre>
                        </td>
                        <td>Skipped in 0.001s</td>
                    </tr>
                    <tr>
                        <td>
                            <pre class="log">When user clicks on checkout</pre>
                        </td>
                        <td>
                            <!-- [TestAct: Scenario - UserJourney-6] -->
                            <pre class="log">skipped because of previous errors</pre>
                        </td>
                        <td>Skipped in 0s</td>
                    </tr>
                    <tr>
                        <td>
                            <pre class="log">Then verify previous shipping address is selected</pre>
                        </td>
                        <td>
                            <!-- [TestAssert: Scenario - UserJourney-6] -->
                            <pre class="log">skipped because of previous errors</pre>
                        </td>
                        <td>Skipped in 0s</td>
                    </tr>
                    <tr>
                        <td>
                            <pre class="log">Then click on &quot;Deliver to this address&quot;</pre>
                        </td>
                        <td>
                            <!-- [TestAssert: Scenario - UserJourney-6] -->
                            <pre class="log">No matching step definition found for the step. Use the following code to create one:
        [Then(@&quot;click on &quot;&quot;(.*)&quot;&quot;&quot;)]
        public void ThenClickOn(string p0)
        {
            ScenarioContext.Current.Pending();
        }</pre>
                        </td>
                        <td>Pending in 0.01s</td>
                    </tr>
                    <tr>
                        <td>
                            <pre class="log">Then click on continue</pre>
                        </td>
                        <td>
                            <!-- [TestAssert: Scenario - UserJourney-6] -->
                            <pre class="log">skipped because of previous errors</pre>
                        </td>
                        <td>Skipped in 0s</td>
                    </tr>
                    <tr>
                        <td>
                            <pre class="log">Then Verify user is in order summary page</pre>
                        </td>
                        <td>
                            <!-- [TestAssert: Scenario - UserJourney-6] -->
                            <pre class="log">skipped because of previous errors</pre>
                        </td>
                        <td>Skipped in 0s</td>
                    </tr>
                    <tr>
                        <td>
                            <pre class="log">Then User clicks on Paynow</pre>
                        </td>
                        <td>
                            <!-- [TestAssert: Scenario - UserJourney-6] -->
                            <pre class="log">skipped because of previous errors</pre>
                        </td>
                        <td>Skipped in 0s</td>
                    </tr>
                    <tr>
                        <td>
                            <pre class="log">Then verify user is on payment screen</pre>
                        </td>
                        <td>
                            <!-- [TestAssert: Scenario - UserJourney-6] -->
                            <pre class="log">skipped because of previous errors</pre>
                        </td>
                        <td>Skipped in 0s</td>
                    </tr>
                    <tr>
                        <td>
                            <pre class="log">When Valid card data is entered</pre>
                        </td>
                        <td>
                            <!-- [TestAct: Scenario - UserJourney-6] -->
                            <pre class="log">skipped because of previous errors</pre>
                        </td>
                        <td>Skipped in 0.001s</td>
                    </tr>
                    <tr>
                        <td>
                            <pre class="log">Then Verify user is able to complete transaction</pre>
                        </td>
                        <td>
                            <!-- [TestAssert: Scenario - UserJourney-6] -->
                            <pre class="log">skipped because of previous errors</pre>
                        </td>
                        <td>Skipped in 0s</td>
                    </tr>
                    <tr>
                        <td>
                            <pre class="log">Then verify user is in product catalog view</pre>
                        </td>
                        <td>
                            <!-- [TestAssert: Scenario - UserJourney-6] -->
                            <pre class="log">skipped because of previous errors</pre>
                        </td>
                        <td>Skipped in 0.005s</td>
                    </tr>
            </table>
            <a name="t-585183978.0" />
            <h3>Scenario: UserJourney-7 (in Philips.CDP.Automation.IAP.Tests.Workflows, UJ07)</h3>
                <div class="description">
                    tags: mytag
                </div>
            <ul>
                <li>Status: Failed</li>
                <li>Start time: 8/2/2016 7:26:01 PM</li>
                <li>Execution time (sec): 38.0136012</li>
                <li>Thread: #0</li>
                <li>Error: Assert.Fail failed. Failure Message: 
Object reference not set to an instance of an object.
    at Philips.H2H.Foundation.AutomationCore.MobilePageInstance.GetTextById(String sId) in d:\MM\Latest\CDP_TestAutomation\CDP_TestAutomation\CDP_TestAutomation\Src\Src\01Foundation\Common\Mobile\MobilePageInstance.cs:line 259
   at Philips.SIG.Automation.Android.CDP.IAPTestPlugin.LoginScreen.GetScreenTitle() in d:\MM\Latest\CDP_TestAutomation\CDP_TestAutomation\CDP_TestAutomation\Src\Src\02TestAuthoring API\CDP_TestPlugin\LoginScreen.cs:line 213
   at Philips.CDP.Automation.IAP.Tests.Regression.UJ01.GivenUserIsOnTheHomeScreen() in d:\MM\Latest\CDP_TestAutomation\CDP_TestAutomation\CDP_TestAutomation\Src\Src\03Test\WorkFlowTests\UJ01.cs:line 72</li>
            </ul>
            <table class="testEvents">
                <tr>
                    <th>Steps</th>
                    <th>Trace</th>
                    <th>Result</th>
                </tr>
                    <tr>
                        <td>
                            <pre class="log">Given User is on the Home Screen</pre>
                        </td>
                        <td>
                            <!-- [TestArrange: Scenario - UserJourney-7] -->
                            <pre class="log">Current Activity is Android Launcher activity / Iap Application Crashed.
error: Assert.Fail failed. Failure Message: 
Object reference not set to an instance of an object.
    at Philips.H2H.Foundation.AutomationCore.MobilePageInstance.GetTextById(String sId) in d:\MM\Latest\CDP_TestAutomation\CDP_TestAutomation\CDP_TestAutomation\Src\Src\01Foundation\Common\Mobile\MobilePageInstance.cs:line 259
   at Philips.SIG.Automation.Android.CDP.IAPTestPlugin.LoginScreen.GetScreenTitle() in d:\MM\Latest\CDP_TestAutomation\CDP_TestAutomation\CDP_TestAutomation\Src\Src\02TestAuthoring API\CDP_TestPlugin\LoginScreen.cs:line 213
   at Philips.CDP.Automation.IAP.Tests.Regression.UJ01.GivenUserIsOnTheHomeScreen() in d:\MM\Latest\CDP_TestAutomation\CDP_TestAutomation\CDP_TestAutomation\Src\Src\03Test\WorkFlowTests\UJ01.cs:line 72</pre>
                                <div class="errorMessage">Assert.Fail failed. Failure Message: 
Object reference not set to an instance of an object.
    at Philips.H2H.Foundation.AutomationCore.MobilePageInstance.GetTextById(String sId) in d:\MM\Latest\CDP_TestAutomation\CDP_TestAutomation\CDP_TestAutomation\Src\Src\01Foundation\Common\Mobile\MobilePageInstance.cs:line 259
   at Philips.SIG.Automation.Android.CDP.IAPTestPlugin.LoginScreen.GetScreenTitle() in d:\MM\Latest\CDP_TestAutomation\CDP_TestAutomation\CDP_TestAutomation\Src\Src\02TestAuthoring API\CDP_TestPlugin\LoginScreen.cs:line 213
   at Philips.CDP.Automation.IAP.Tests.Regression.UJ01.GivenUserIsOnTheHomeScreen() in d:\MM\Latest\CDP_TestAutomation\CDP_TestAutomation\CDP_TestAutomation\Src\Src\03Test\WorkFlowTests\UJ01.cs:line 72</div>
                                <pre class="stackTrace">Microsoft.VisualStudio.TestTools.UnitTesting.AssertFailedException: Assert.Fail failed. Failure Message: 
Object reference not set to an instance of an object.
    at Philips.H2H.Foundation.AutomationCore.MobilePageInstance.GetTextById(String sId) in d:\MM\Latest\CDP_TestAutomation\CDP_TestAutomation\CDP_TestAutomation\Src\Src\01Foundation\Common\Mobile\MobilePageInstance.cs:line 259
   at Philips.SIG.Automation.Android.CDP.IAPTestPlugin.LoginScreen.GetScreenTitle() in d:\MM\Latest\CDP_TestAutomation\CDP_TestAutomation\CDP_TestAutomation\Src\Src\02TestAuthoring API\CDP_TestPlugin\LoginScreen.cs:line 213
   at Philips.CDP.Automation.IAP.Tests.Regression.UJ01.GivenUserIsOnTheHomeScreen() in d:\MM\Latest\CDP_TestAutomation\CDP_TestAutomation\CDP_TestAutomation\Src\Src\03Test\WorkFlowTests\UJ01.cs:line 72
   at Microsoft.VisualStudio.TestTools.UnitTesting.Assert.HandleFailure(String assertionName, String message)
   at Microsoft.VisualStudio.TestTools.UnitTesting.Assert.Fail(String message)
   at Philips.H2H.Foundation.AutomationCore.Logger.Fail(String text) in d:\MM\Latest\CDP_TestAutomation\CDP_TestAutomation\CDP_TestAutomation\Src\Src\01Foundation\Common\Logging\Logger.cs:line 54
   at Philips.CDP.Automation.IAP.Tests.Workflows.IapReport.Fail(String message, Exception e) in d:\MM\Latest\CDP_TestAutomation\CDP_TestAutomation\CDP_TestAutomation\Src\Src\03Test\WorkFlowTests\IapReport.cs:line 41
   at Philips.CDP.Automation.IAP.Tests.Regression.UJ01.GivenUserIsOnTheHomeScreen() in d:\MM\Latest\CDP_TestAutomation\CDP_TestAutomation\CDP_TestAutomation\Src\Src\03Test\WorkFlowTests\UJ01.cs:line 89
   at TechTalk.SpecFlow.Bindings.BindingInvoker.InvokeBinding(IBinding binding, IContextManager contextManager, Object[] arguments, ITestTracer testTracer, TimeSpan&amp; duration)
   at TechTalk.SpecFlow.Infrastructure.TestExecutionEngine.ExecuteStepMatch(BindingMatch match, Object[] arguments)
   at TechTalk.SpecFlow.Infrastructure.TestExecutionEngine.ExecuteStep(StepInstance stepInstance)
   at TechTalk.SpecFlow.Infrastructure.TestExecutionEngine.OnAfterLastStep()
   at Philips.CDP.Automation.IAP.Tests.Workflows.UJ07Feature.ScenarioCleanup() in d:\MM\Latest\CDP_TestAutomation\CDP_TestAutomation\CDP_TestAutomation\Src\Src\03Test\WorkFlowTests\UJ07.feature.cs:line 0
   at Philips.CDP.Automation.IAP.Tests.Workflows.UJ07Feature.UserJourney_7() in d:\MM\Latest\CDP_TestAutomation\CDP_TestAutomation\CDP_TestAutomation\Src\Src\03Test\WorkFlowTests\UJ07.feature:line 28
   at TechTalk.SpecRun.Framework.TaskExecutors.StaticOrInstanceMethodExecutor.ExecuteInternal(ITestThreadExecutionContext testThreadExecutionContext) in c:\TeamCity\BuildAgent\work\245a3e4d646c0875\TechTalk.SpecRun.Framework.Interfaces\TaskExecutors\StaticOrInstanceMethodExecutor.cs:line 40
   at TechTalk.SpecRun.Framework.TestAssemblyExecutor.ExecuteTestNodeTask(TestNode testNode, ITaskExecutor task, TraceEventType eventType) in c:\TeamCity\BuildAgent\work\245a3e4d646c0875\TechTalk.SpecRun.Framework.Executor\TestAssemblyExecutor.cs:line 215</pre>
                        </td>
                        <td>Failed in 38.006s</td>
                    </tr>
                    <tr>
                        <td>
                            <pre class="log">Given User is a second time user</pre>
                        </td>
                        <td>
                            <!-- [TestArrange: Scenario - UserJourney-7] -->
                            <pre class="log">skipped because of previous errors</pre>
                        </td>
                        <td>Skipped in 0s</td>
                    </tr>
                    <tr>
                        <td>
                            <pre class="log">When User selects country store and clicks on Shop Now</pre>
                        </td>
                        <td>
                            <!-- [TestAct: Scenario - UserJourney-7] -->
                            <pre class="log">skipped because of previous errors</pre>
                        </td>
                        <td>Skipped in 0s</td>
                    </tr>
                    <tr>
                        <td>
                            <pre class="log">Then verify user is in product catalog view</pre>
                        </td>
                        <td>
                            <!-- [TestAssert: Scenario - UserJourney-7] -->
                            <pre class="log">skipped because of previous errors</pre>
                        </td>
                        <td>Skipped in 0s</td>
                    </tr>
                    <tr>
                        <td>
                            <pre class="log">Then go to shopping cart</pre>
                        </td>
                        <td>
                            <!-- [TestAssert: Scenario - UserJourney-7] -->
                            <pre class="log">skipped because of previous errors</pre>
                        </td>
                        <td>Skipped in 0s</td>
                    </tr>
                    <tr>
                        <td>
                            <pre class="log">And select &quot;HX9042/64&quot; from product catalog view</pre>
                        </td>
                        <td>
                            <!-- [TestAssert: Scenario - UserJourney-7] -->
                            <pre class="log">skipped because of previous errors</pre>
                        </td>
                        <td>Skipped in 0s</td>
                    </tr>
                    <tr>
                        <td>
                            <pre class="log">And select &quot;HX8331/11&quot; from product catalog view</pre>
                        </td>
                        <td>
                            <!-- [TestAssert: Scenario - UserJourney-7] -->
                            <pre class="log">skipped because of previous errors</pre>
                        </td>
                        <td>Skipped in 0s</td>
                    </tr>
                    <tr>
                        <td>
                            <pre class="log">Then Verify user is in shopping cart view</pre>
                        </td>
                        <td>
                            <!-- [TestAssert: Scenario - UserJourney-7] -->
                            <pre class="log">skipped because of previous errors</pre>
                        </td>
                        <td>Skipped in 0s</td>
                    </tr>
                    <tr>
                        <td>
                            <pre class="log">Then Verify the product image, name ,price</pre>
                        </td>
                        <td>
                            <!-- [TestAssert: Scenario - UserJourney-7] -->
                            <pre class="log">skipped because of previous errors</pre>
                        </td>
                        <td>Skipped in 0s</td>
                    </tr>
                    <tr>
                        <td>
                            <pre class="log">Then go to shopping cart</pre>
                        </td>
                        <td>
                            <!-- [TestAssert: Scenario - UserJourney-7] -->
                            <pre class="log">skipped because of previous errors</pre>
                        </td>
                        <td>Skipped in 0s</td>
                    </tr>
                    <tr>
                        <td>
                            <pre class="log">Then verify delivery and VAT</pre>
                        </td>
                        <td>
                            <!-- [TestAssert: Scenario - UserJourney-7] -->
                            <pre class="log">skipped because of previous errors</pre>
                        </td>
                        <td>Skipped in 0.001s</td>
                    </tr>
                    <tr>
                        <td>
                            <pre class="log">Then verify the total number of product list and the total cost</pre>
                        </td>
                        <td>
                            <!-- [TestAssert: Scenario - UserJourney-7] -->
                            <pre class="log">skipped because of previous errors</pre>
                        </td>
                        <td>Skipped in 0s</td>
                    </tr>
                    <tr>
                        <td>
                            <pre class="log">When user clicks on checkout</pre>
                        </td>
                        <td>
                            <!-- [TestAct: Scenario - UserJourney-7] -->
                            <pre class="log">skipped because of previous errors</pre>
                        </td>
                        <td>Skipped in 0.001s</td>
                    </tr>
                    <tr>
                        <td>
                            <pre class="log">Then verify user is able to delete another address</pre>
                        </td>
                        <td>
                            <!-- [TestAssert: Scenario - UserJourney-7] -->
                            <pre class="log">skipped because of previous errors</pre>
                        </td>
                        <td>Skipped in 0s</td>
                    </tr>
                    <tr>
                        <td>
                            <pre class="log">Then verify user cannot delete if only one address is present</pre>
                        </td>
                        <td>
                            <!-- [TestAssert: Scenario - UserJourney-7] -->
                            <pre class="log">skipped because of previous errors</pre>
                        </td>
                        <td>Skipped in 0s</td>
                    </tr>
                    <tr>
                        <td>
                            <pre class="log">Then click on &quot;Deliver to this address&quot;</pre>
                        </td>
                        <td>
                            <!-- [TestAssert: Scenario - UserJourney-7] -->
                            <pre class="log">No matching step definition found for the step. Use the following code to create one:
        [Then(@&quot;click on &quot;&quot;(.*)&quot;&quot;&quot;)]
        public void ThenClickOn(string p0)
        {
            ScenarioContext.Current.Pending();
        }</pre>
                        </td>
                        <td>Pending in 0.001s</td>
                    </tr>
                    <tr>
                        <td>
                            <pre class="log">Then Verify user is in order summary page</pre>
                        </td>
                        <td>
                            <!-- [TestAssert: Scenario - UserJourney-7] -->
                            <pre class="log">skipped because of previous errors</pre>
                        </td>
                        <td>Skipped in 0s</td>
                    </tr>
                    <tr>
                        <td>
                            <pre class="log">Then User clicks on Paynow</pre>
                        </td>
                        <td>
                            <!-- [TestAssert: Scenario - UserJourney-7] -->
                            <pre class="log">skipped because of previous errors</pre>
                        </td>
                        <td>Skipped in 0s</td>
                    </tr>
                    <tr>
                        <td>
                            <pre class="log">Then verify user is on payment screen</pre>
                        </td>
                        <td>
                            <!-- [TestAssert: Scenario - UserJourney-7] -->
                            <pre class="log">skipped because of previous errors</pre>
                        </td>
                        <td>Skipped in 0s</td>
                    </tr>
                    <tr>
                        <td>
                            <pre class="log">When Valid card data is entered</pre>
                        </td>
                        <td>
                            <!-- [TestAct: Scenario - UserJourney-7] -->
                            <pre class="log">skipped because of previous errors</pre>
                        </td>
                        <td>Skipped in 0s</td>
                    </tr>
                    <tr>
                        <td>
                            <pre class="log">Then Verify user is able to complete transaction</pre>
                        </td>
                        <td>
                            <!-- [TestAssert: Scenario - UserJourney-7] -->
                            <pre class="log">skipped because of previous errors</pre>
                        </td>
                        <td>Skipped in 0.002s</td>
                    </tr>
            </table>
            <a name="t977682616.0" />
            <h3>Scenario: UserJourney-8 (in Philips.CDP.Automation.IAP.Tests.Workflows, UJ08)</h3>
                <div class="description">
                    tags: mytag
                </div>
            <ul>
                <li>Status: Failed</li>
                <li>Start time: 8/2/2016 7:26:39 PM</li>
                <li>Execution time (sec): 38.5036992</li>
                <li>Thread: #0</li>
                <li>Error: Assert.Fail failed. Failure Message: 
Object reference not set to an instance of an object.
    at Philips.H2H.Foundation.AutomationCore.MobilePageInstance.GetTextById(String sId) in d:\MM\Latest\CDP_TestAutomation\CDP_TestAutomation\CDP_TestAutomation\Src\Src\01Foundation\Common\Mobile\MobilePageInstance.cs:line 259
   at Philips.SIG.Automation.Android.CDP.IAPTestPlugin.LoginScreen.GetScreenTitle() in d:\MM\Latest\CDP_TestAutomation\CDP_TestAutomation\CDP_TestAutomation\Src\Src\02TestAuthoring API\CDP_TestPlugin\LoginScreen.cs:line 213
   at Philips.CDP.Automation.IAP.Tests.Regression.UJ01.GivenUserIsOnTheHomeScreen() in d:\MM\Latest\CDP_TestAutomation\CDP_TestAutomation\CDP_TestAutomation\Src\Src\03Test\WorkFlowTests\UJ01.cs:line 72</li>
            </ul>
            <table class="testEvents">
                <tr>
                    <th>Steps</th>
                    <th>Trace</th>
                    <th>Result</th>
                </tr>
                    <tr>
                        <td>
                            <pre class="log">Given User is on the Home Screen</pre>
                        </td>
                        <td>
                            <!-- [TestArrange: Scenario - UserJourney-8] -->
                            <pre class="log">Current Activity is Android Launcher activity / Iap Application Crashed.
error: Assert.Fail failed. Failure Message: 
Object reference not set to an instance of an object.
    at Philips.H2H.Foundation.AutomationCore.MobilePageInstance.GetTextById(String sId) in d:\MM\Latest\CDP_TestAutomation\CDP_TestAutomation\CDP_TestAutomation\Src\Src\01Foundation\Common\Mobile\MobilePageInstance.cs:line 259
   at Philips.SIG.Automation.Android.CDP.IAPTestPlugin.LoginScreen.GetScreenTitle() in d:\MM\Latest\CDP_TestAutomation\CDP_TestAutomation\CDP_TestAutomation\Src\Src\02TestAuthoring API\CDP_TestPlugin\LoginScreen.cs:line 213
   at Philips.CDP.Automation.IAP.Tests.Regression.UJ01.GivenUserIsOnTheHomeScreen() in d:\MM\Latest\CDP_TestAutomation\CDP_TestAutomation\CDP_TestAutomation\Src\Src\03Test\WorkFlowTests\UJ01.cs:line 72</pre>
                                <div class="errorMessage">Assert.Fail failed. Failure Message: 
Object reference not set to an instance of an object.
    at Philips.H2H.Foundation.AutomationCore.MobilePageInstance.GetTextById(String sId) in d:\MM\Latest\CDP_TestAutomation\CDP_TestAutomation\CDP_TestAutomation\Src\Src\01Foundation\Common\Mobile\MobilePageInstance.cs:line 259
   at Philips.SIG.Automation.Android.CDP.IAPTestPlugin.LoginScreen.GetScreenTitle() in d:\MM\Latest\CDP_TestAutomation\CDP_TestAutomation\CDP_TestAutomation\Src\Src\02TestAuthoring API\CDP_TestPlugin\LoginScreen.cs:line 213
   at Philips.CDP.Automation.IAP.Tests.Regression.UJ01.GivenUserIsOnTheHomeScreen() in d:\MM\Latest\CDP_TestAutomation\CDP_TestAutomation\CDP_TestAutomation\Src\Src\03Test\WorkFlowTests\UJ01.cs:line 72</div>
                                <pre class="stackTrace">Microsoft.VisualStudio.TestTools.UnitTesting.AssertFailedException: Assert.Fail failed. Failure Message: 
Object reference not set to an instance of an object.
    at Philips.H2H.Foundation.AutomationCore.MobilePageInstance.GetTextById(String sId) in d:\MM\Latest\CDP_TestAutomation\CDP_TestAutomation\CDP_TestAutomation\Src\Src\01Foundation\Common\Mobile\MobilePageInstance.cs:line 259
   at Philips.SIG.Automation.Android.CDP.IAPTestPlugin.LoginScreen.GetScreenTitle() in d:\MM\Latest\CDP_TestAutomation\CDP_TestAutomation\CDP_TestAutomation\Src\Src\02TestAuthoring API\CDP_TestPlugin\LoginScreen.cs:line 213
   at Philips.CDP.Automation.IAP.Tests.Regression.UJ01.GivenUserIsOnTheHomeScreen() in d:\MM\Latest\CDP_TestAutomation\CDP_TestAutomation\CDP_TestAutomation\Src\Src\03Test\WorkFlowTests\UJ01.cs:line 72
   at Microsoft.VisualStudio.TestTools.UnitTesting.Assert.HandleFailure(String assertionName, String message)
   at Microsoft.VisualStudio.TestTools.UnitTesting.Assert.Fail(String message)
   at Philips.H2H.Foundation.AutomationCore.Logger.Fail(String text) in d:\MM\Latest\CDP_TestAutomation\CDP_TestAutomation\CDP_TestAutomation\Src\Src\01Foundation\Common\Logging\Logger.cs:line 54
   at Philips.CDP.Automation.IAP.Tests.Workflows.IapReport.Fail(String message, Exception e) in d:\MM\Latest\CDP_TestAutomation\CDP_TestAutomation\CDP_TestAutomation\Src\Src\03Test\WorkFlowTests\IapReport.cs:line 41
   at Philips.CDP.Automation.IAP.Tests.Regression.UJ01.GivenUserIsOnTheHomeScreen() in d:\MM\Latest\CDP_TestAutomation\CDP_TestAutomation\CDP_TestAutomation\Src\Src\03Test\WorkFlowTests\UJ01.cs:line 89
   at TechTalk.SpecFlow.Bindings.BindingInvoker.InvokeBinding(IBinding binding, IContextManager contextManager, Object[] arguments, ITestTracer testTracer, TimeSpan&amp; duration)
   at TechTalk.SpecFlow.Infrastructure.TestExecutionEngine.ExecuteStepMatch(BindingMatch match, Object[] arguments)
   at TechTalk.SpecFlow.Infrastructure.TestExecutionEngine.ExecuteStep(StepInstance stepInstance)
   at TechTalk.SpecFlow.Infrastructure.TestExecutionEngine.OnAfterLastStep()
   at Philips.CDP.Automation.IAP.Tests.Workflows.UJ08Feature.ScenarioCleanup() in d:\MM\Latest\CDP_TestAutomation\CDP_TestAutomation\CDP_TestAutomation\Src\Src\03Test\WorkFlowTests\UJ08.feature.cs:line 0
   at Philips.CDP.Automation.IAP.Tests.Workflows.UJ08Feature.UserJourney_8() in d:\MM\Latest\CDP_TestAutomation\CDP_TestAutomation\CDP_TestAutomation\Src\Src\03Test\WorkFlowTests\UJ08.feature:line 33
   at TechTalk.SpecRun.Framework.TaskExecutors.StaticOrInstanceMethodExecutor.ExecuteInternal(ITestThreadExecutionContext testThreadExecutionContext) in c:\TeamCity\BuildAgent\work\245a3e4d646c0875\TechTalk.SpecRun.Framework.Interfaces\TaskExecutors\StaticOrInstanceMethodExecutor.cs:line 40
   at TechTalk.SpecRun.Framework.TestAssemblyExecutor.ExecuteTestNodeTask(TestNode testNode, ITaskExecutor task, TraceEventType eventType) in c:\TeamCity\BuildAgent\work\245a3e4d646c0875\TechTalk.SpecRun.Framework.Executor\TestAssemblyExecutor.cs:line 215</pre>
                        </td>
                        <td>Failed in 38.496s</td>
                    </tr>
                    <tr>
                        <td>
                            <pre class="log">Given User is a second time user</pre>
                        </td>
                        <td>
                            <!-- [TestArrange: Scenario - UserJourney-8] -->
                            <pre class="log">skipped because of previous errors</pre>
                        </td>
                        <td>Skipped in 0s</td>
                    </tr>
                    <tr>
                        <td>
                            <pre class="log">When User selects country store and clicks on Shop Now</pre>
                        </td>
                        <td>
                            <!-- [TestAct: Scenario - UserJourney-8] -->
                            <pre class="log">skipped because of previous errors</pre>
                        </td>
                        <td>Skipped in 0s</td>
                    </tr>
                    <tr>
                        <td>
                            <pre class="log">Then verify user is in product catalog view</pre>
                        </td>
                        <td>
                            <!-- [TestAssert: Scenario - UserJourney-8] -->
                            <pre class="log">skipped because of previous errors</pre>
                        </td>
                        <td>Skipped in 0.001s</td>
                    </tr>
                    <tr>
                        <td>
                            <pre class="log">And select &quot;HX9042/64&quot; from product catalog view</pre>
                        </td>
                        <td>
                            <!-- [TestAssert: Scenario - UserJourney-8] -->
                            <pre class="log">skipped because of previous errors</pre>
                        </td>
                        <td>Skipped in 0s</td>
                    </tr>
                    <tr>
                        <td>
                            <pre class="log">And select &quot;HX8331/11&quot; from product catalog view</pre>
                        </td>
                        <td>
                            <!-- [TestAssert: Scenario - UserJourney-8] -->
                            <pre class="log">skipped because of previous errors</pre>
                        </td>
                        <td>Skipped in 0s</td>
                    </tr>
                    <tr>
                        <td>
                            <pre class="log">Then Verify user is in shopping cart view</pre>
                        </td>
                        <td>
                            <!-- [TestAssert: Scenario - UserJourney-8] -->
                            <pre class="log">skipped because of previous errors</pre>
                        </td>
                        <td>Skipped in 0s</td>
                    </tr>
                    <tr>
                        <td>
                            <pre class="log">Then verify max quantity of &quot;HX9042/64&quot; matches hybris</pre>
                        </td>
                        <td>
                            <!-- [TestAssert: Scenario - UserJourney-8] -->
                            <pre class="log">skipped because of previous errors</pre>
                        </td>
                        <td>Skipped in 0s</td>
                    </tr>
                    <tr>
                        <td>
                            <pre class="log">Then verify max quantity of &quot;HX8331/11&quot; matches hybris</pre>
                        </td>
                        <td>
                            <!-- [TestAssert: Scenario - UserJourney-8] -->
                            <pre class="log">skipped because of previous errors</pre>
                        </td>
                        <td>Skipped in 0.001s</td>
                    </tr>
                    <tr>
                        <td>
                            <pre class="log">Then verify delivery and VAT</pre>
                        </td>
                        <td>
                            <!-- [TestAssert: Scenario - UserJourney-8] -->
                            <pre class="log">skipped because of previous errors</pre>
                        </td>
                        <td>Skipped in 0s</td>
                    </tr>
                    <tr>
                        <td>
                            <pre class="log">Then verify the total number of product list and the total cost</pre>
                        </td>
                        <td>
                            <!-- [TestAssert: Scenario - UserJourney-8] -->
                            <pre class="log">skipped because of previous errors</pre>
                        </td>
                        <td>Skipped in 0s</td>
                    </tr>
                    <tr>
                        <td>
                            <pre class="log">Then user clicks on checkout</pre>
                        </td>
                        <td>
                            <!-- [TestAssert: Scenario - UserJourney-8] -->
                            <pre class="log">skipped because of previous errors</pre>
                        </td>
                        <td>Skipped in 0s</td>
                    </tr>
                    <tr>
                        <td>
                            <pre class="log">Then click on Deliver to this address</pre>
                        </td>
                        <td>
                            <!-- [TestAssert: Scenario - UserJourney-8] -->
                            <pre class="log">skipped because of previous errors</pre>
                        </td>
                        <td>Skipped in 0s</td>
                    </tr>
                    <tr>
                        <td>
                            <pre class="log">Then click on Use this payment method</pre>
                        </td>
                        <td>
                            <!-- [TestAssert: Scenario - UserJourney-8] -->
                            <pre class="log">skipped because of previous errors</pre>
                        </td>
                        <td>Skipped in 0.001s</td>
                    </tr>
                    <tr>
                        <td>
                            <pre class="log">Then Verify user is in order summary page</pre>
                        </td>
                        <td>
                            <!-- [TestAssert: Scenario - UserJourney-8] -->
                            <pre class="log">skipped because of previous errors</pre>
                        </td>
                        <td>Skipped in 0s</td>
                    </tr>
                    <tr>
                        <td>
                            <pre class="log">Then delete &quot;Sonicare AirFloss Pro - Interdental cleaner&quot; from cart</pre>
                        </td>
                        <td>
                            <!-- [TestAssert: Scenario - UserJourney-8] -->
                            <pre class="log">skipped because of previous errors</pre>
                        </td>
                        <td>Skipped in 0s</td>
                    </tr>
                    <tr>
                        <td>
                            <pre class="log">Then press continue shopping</pre>
                        </td>
                        <td>
                            <!-- [TestAssert: Scenario - UserJourney-8] -->
                            <pre class="log">skipped because of previous errors</pre>
                        </td>
                        <td>Skipped in 0s</td>
                    </tr>
                    <tr>
                        <td>
                            <pre class="log">And select &quot;HX8071/10&quot; from product catalog view</pre>
                        </td>
                        <td>
                            <!-- [TestAssert: Scenario - UserJourney-8] -->
                            <pre class="log">skipped because of previous errors</pre>
                        </td>
                        <td>Skipped in 0s</td>
                    </tr>
                    <tr>
                        <td>
                            <pre class="log">Then add product to cart</pre>
                        </td>
                        <td>
                            <!-- [TestAssert: Scenario - UserJourney-8] -->
                            <pre class="log">skipped because of previous errors</pre>
                        </td>
                        <td>Skipped in 0s</td>
                    </tr>
                    <tr>
                        <td>
                            <pre class="log">Then user clicks on checkout</pre>
                        </td>
                        <td>
                            <!-- [TestAssert: Scenario - UserJourney-8] -->
                            <pre class="log">skipped because of previous errors</pre>
                        </td>
                        <td>Skipped in 0.001s</td>
                    </tr>
                    <tr>
                        <td>
                            <pre class="log">Then click on Deliver to this address</pre>
                        </td>
                        <td>
                            <!-- [TestAssert: Scenario - UserJourney-8] -->
                            <pre class="log">skipped because of previous errors</pre>
                        </td>
                        <td>Skipped in 0s</td>
                    </tr>
                    <tr>
                        <td>
                            <pre class="log">Then click on Use this payment method</pre>
                        </td>
                        <td>
                            <!-- [TestAssert: Scenario - UserJourney-8] -->
                            <pre class="log">skipped because of previous errors</pre>
                        </td>
                        <td>Skipped in 0s</td>
                    </tr>
                    <tr>
                        <td>
                            <pre class="log">Then Verify user is in order summary page</pre>
                        </td>
                        <td>
                            <!-- [TestAssert: Scenario - UserJourney-8] -->
                            <pre class="log">skipped because of previous errors</pre>
                        </td>
                        <td>Skipped in 0s</td>
                    </tr>
                    <tr>
                        <td>
                            <pre class="log">Then User clicks on Paynow</pre>
                        </td>
                        <td>
                            <!-- [TestAssert: Scenario - UserJourney-8] -->
                            <pre class="log">skipped because of previous errors</pre>
                        </td>
                        <td>Skipped in 0s</td>
                    </tr>
                    <tr>
                        <td>
                            <pre class="log">When user selects back</pre>
                        </td>
                        <td>
                            <!-- [TestAct: Scenario - UserJourney-8] -->
                            <pre class="log">skipped because of previous errors</pre>
                        </td>
                        <td>Skipped in 0s</td>
                    </tr>
                    <tr>
                        <td>
                            <pre class="log">Then Verify user is in shopping cart view</pre>
                        </td>
                        <td>
                            <!-- [TestAssert: Scenario - UserJourney-8] -->
                            <pre class="log">skipped because of previous errors</pre>
                        </td>
                        <td>Skipped in 0.002s</td>
                    </tr>
            </table>
            <a name="t-2014325690.0" />
            <h3>Scenario: UserJourney-9 (in Philips.CDP.Automation.IAP.Tests.Workflows, UJ09)</h3>
                <div class="description">
                    tags: mytag
                </div>
            <ul>
                <li>Status: Failed</li>
                <li>Start time: 8/2/2016 7:27:17 PM</li>
                <li>Execution time (sec): 38.022603</li>
                <li>Thread: #0</li>
                <li>Error: Assert.Fail failed. Failure Message: 
Object reference not set to an instance of an object.
    at Philips.H2H.Foundation.AutomationCore.MobilePageInstance.GetTextById(String sId) in d:\MM\Latest\CDP_TestAutomation\CDP_TestAutomation\CDP_TestAutomation\Src\Src\01Foundation\Common\Mobile\MobilePageInstance.cs:line 259
   at Philips.SIG.Automation.Android.CDP.IAPTestPlugin.LoginScreen.GetScreenTitle() in d:\MM\Latest\CDP_TestAutomation\CDP_TestAutomation\CDP_TestAutomation\Src\Src\02TestAuthoring API\CDP_TestPlugin\LoginScreen.cs:line 213
   at Philips.CDP.Automation.IAP.Tests.Regression.UJ01.GivenUserIsOnTheHomeScreen() in d:\MM\Latest\CDP_TestAutomation\CDP_TestAutomation\CDP_TestAutomation\Src\Src\03Test\WorkFlowTests\UJ01.cs:line 72</li>
            </ul>
            <table class="testEvents">
                <tr>
                    <th>Steps</th>
                    <th>Trace</th>
                    <th>Result</th>
                </tr>
                    <tr>
                        <td>
                            <pre class="log">Given User is on the Home Screen</pre>
                        </td>
                        <td>
                            <!-- [TestArrange: Scenario - UserJourney-9] -->
                            <pre class="log">Current Activity is Android Launcher activity / Iap Application Crashed.
error: Assert.Fail failed. Failure Message: 
Object reference not set to an instance of an object.
    at Philips.H2H.Foundation.AutomationCore.MobilePageInstance.GetTextById(String sId) in d:\MM\Latest\CDP_TestAutomation\CDP_TestAutomation\CDP_TestAutomation\Src\Src\01Foundation\Common\Mobile\MobilePageInstance.cs:line 259
   at Philips.SIG.Automation.Android.CDP.IAPTestPlugin.LoginScreen.GetScreenTitle() in d:\MM\Latest\CDP_TestAutomation\CDP_TestAutomation\CDP_TestAutomation\Src\Src\02TestAuthoring API\CDP_TestPlugin\LoginScreen.cs:line 213
   at Philips.CDP.Automation.IAP.Tests.Regression.UJ01.GivenUserIsOnTheHomeScreen() in d:\MM\Latest\CDP_TestAutomation\CDP_TestAutomation\CDP_TestAutomation\Src\Src\03Test\WorkFlowTests\UJ01.cs:line 72</pre>
                                <div class="errorMessage">Assert.Fail failed. Failure Message: 
Object reference not set to an instance of an object.
    at Philips.H2H.Foundation.AutomationCore.MobilePageInstance.GetTextById(String sId) in d:\MM\Latest\CDP_TestAutomation\CDP_TestAutomation\CDP_TestAutomation\Src\Src\01Foundation\Common\Mobile\MobilePageInstance.cs:line 259
   at Philips.SIG.Automation.Android.CDP.IAPTestPlugin.LoginScreen.GetScreenTitle() in d:\MM\Latest\CDP_TestAutomation\CDP_TestAutomation\CDP_TestAutomation\Src\Src\02TestAuthoring API\CDP_TestPlugin\LoginScreen.cs:line 213
   at Philips.CDP.Automation.IAP.Tests.Regression.UJ01.GivenUserIsOnTheHomeScreen() in d:\MM\Latest\CDP_TestAutomation\CDP_TestAutomation\CDP_TestAutomation\Src\Src\03Test\WorkFlowTests\UJ01.cs:line 72</div>
                                <pre class="stackTrace">Microsoft.VisualStudio.TestTools.UnitTesting.AssertFailedException: Assert.Fail failed. Failure Message: 
Object reference not set to an instance of an object.
    at Philips.H2H.Foundation.AutomationCore.MobilePageInstance.GetTextById(String sId) in d:\MM\Latest\CDP_TestAutomation\CDP_TestAutomation\CDP_TestAutomation\Src\Src\01Foundation\Common\Mobile\MobilePageInstance.cs:line 259
   at Philips.SIG.Automation.Android.CDP.IAPTestPlugin.LoginScreen.GetScreenTitle() in d:\MM\Latest\CDP_TestAutomation\CDP_TestAutomation\CDP_TestAutomation\Src\Src\02TestAuthoring API\CDP_TestPlugin\LoginScreen.cs:line 213
   at Philips.CDP.Automation.IAP.Tests.Regression.UJ01.GivenUserIsOnTheHomeScreen() in d:\MM\Latest\CDP_TestAutomation\CDP_TestAutomation\CDP_TestAutomation\Src\Src\03Test\WorkFlowTests\UJ01.cs:line 72
   at Microsoft.VisualStudio.TestTools.UnitTesting.Assert.HandleFailure(String assertionName, String message)
   at Microsoft.VisualStudio.TestTools.UnitTesting.Assert.Fail(String message)
   at Philips.H2H.Foundation.AutomationCore.Logger.Fail(String text) in d:\MM\Latest\CDP_TestAutomation\CDP_TestAutomation\CDP_TestAutomation\Src\Src\01Foundation\Common\Logging\Logger.cs:line 54
   at Philips.CDP.Automation.IAP.Tests.Workflows.IapReport.Fail(String message, Exception e) in d:\MM\Latest\CDP_TestAutomation\CDP_TestAutomation\CDP_TestAutomation\Src\Src\03Test\WorkFlowTests\IapReport.cs:line 41
   at Philips.CDP.Automation.IAP.Tests.Regression.UJ01.GivenUserIsOnTheHomeScreen() in d:\MM\Latest\CDP_TestAutomation\CDP_TestAutomation\CDP_TestAutomation\Src\Src\03Test\WorkFlowTests\UJ01.cs:line 89
   at TechTalk.SpecFlow.Bindings.BindingInvoker.InvokeBinding(IBinding binding, IContextManager contextManager, Object[] arguments, ITestTracer testTracer, TimeSpan&amp; duration)
   at TechTalk.SpecFlow.Infrastructure.TestExecutionEngine.ExecuteStepMatch(BindingMatch match, Object[] arguments)
   at TechTalk.SpecFlow.Infrastructure.TestExecutionEngine.ExecuteStep(StepInstance stepInstance)
   at TechTalk.SpecFlow.Infrastructure.TestExecutionEngine.OnAfterLastStep()
   at Philips.CDP.Automation.IAP.Tests.Workflows.UJ09Feature.ScenarioCleanup() in d:\MM\Latest\CDP_TestAutomation\CDP_TestAutomation\CDP_TestAutomation\Src\Src\03Test\WorkFlowTests\UJ09.feature.cs:line 0
   at Philips.CDP.Automation.IAP.Tests.Workflows.UJ09Feature.UserJourney_9() in d:\MM\Latest\CDP_TestAutomation\CDP_TestAutomation\CDP_TestAutomation\Src\Src\03Test\WorkFlowTests\UJ09.feature:line 26
   at TechTalk.SpecRun.Framework.TaskExecutors.StaticOrInstanceMethodExecutor.ExecuteInternal(ITestThreadExecutionContext testThreadExecutionContext) in c:\TeamCity\BuildAgent\work\245a3e4d646c0875\TechTalk.SpecRun.Framework.Interfaces\TaskExecutors\StaticOrInstanceMethodExecutor.cs:line 40
   at TechTalk.SpecRun.Framework.TestAssemblyExecutor.ExecuteTestNodeTask(TestNode testNode, ITaskExecutor task, TraceEventType eventType) in c:\TeamCity\BuildAgent\work\245a3e4d646c0875\TechTalk.SpecRun.Framework.Executor\TestAssemblyExecutor.cs:line 215</pre>
                        </td>
                        <td>Failed in 38.012s</td>
                    </tr>
                    <tr>
                        <td>
                            <pre class="log">Given User is a second time user</pre>
                        </td>
                        <td>
                            <!-- [TestArrange: Scenario - UserJourney-9] -->
                            <pre class="log">skipped because of previous errors</pre>
                        </td>
                        <td>Skipped in 0.001s</td>
                    </tr>
                    <tr>
                        <td>
                            <pre class="log">When User selects country store and clicks on Shop Now</pre>
                        </td>
                        <td>
                            <!-- [TestAct: Scenario - UserJourney-9] -->
                            <pre class="log">skipped because of previous errors</pre>
                        </td>
                        <td>Skipped in 0s</td>
                    </tr>
                    <tr>
                        <td>
                            <pre class="log">Then verify user is in product catalog view</pre>
                        </td>
                        <td>
                            <!-- [TestAssert: Scenario - UserJourney-9] -->
                            <pre class="log">skipped because of previous errors</pre>
                        </td>
                        <td>Skipped in 0s</td>
                    </tr>
                    <tr>
                        <td>
                            <pre class="log">Then go to shopping cart</pre>
                        </td>
                        <td>
                            <!-- [TestAssert: Scenario - UserJourney-9] -->
                            <pre class="log">skipped because of previous errors</pre>
                        </td>
                        <td>Skipped in 0s</td>
                    </tr>
                    <tr>
                        <td>
                            <pre class="log">And select &quot;HX8071/10&quot; from product catalog view</pre>
                        </td>
                        <td>
                            <!-- [TestAssert: Scenario - UserJourney-9] -->
                            <pre class="log">skipped because of previous errors</pre>
                        </td>
                        <td>Skipped in 0s</td>
                    </tr>
                    <tr>
                        <td>
                            <pre class="log">Then Verify user is in shopping cart view</pre>
                        </td>
                        <td>
                            <!-- [TestAssert: Scenario - UserJourney-9] -->
                            <pre class="log">skipped because of previous errors</pre>
                        </td>
                        <td>Skipped in 0s</td>
                    </tr>
                    <tr>
                        <td>
                            <pre class="log">Then verify delivery and VAT</pre>
                        </td>
                        <td>
                            <!-- [TestAssert: Scenario - UserJourney-9] -->
                            <pre class="log">skipped because of previous errors</pre>
                        </td>
                        <td>Skipped in 0s</td>
                    </tr>
                    <tr>
                        <td>
                            <pre class="log">Then verify the total number of product list and the total cost</pre>
                        </td>
                        <td>
                            <!-- [TestAssert: Scenario - UserJourney-9] -->
                            <pre class="log">skipped because of previous errors</pre>
                        </td>
                        <td>Skipped in 0s</td>
                    </tr>
                    <tr>
                        <td>
                            <pre class="log">Then user clicks on checkout</pre>
                        </td>
                        <td>
                            <!-- [TestAssert: Scenario - UserJourney-9] -->
                            <pre class="log">skipped because of previous errors</pre>
                        </td>
                        <td>Skipped in 0.001s</td>
                    </tr>
                    <tr>
                        <td>
                            <pre class="log">Then verify previous shipping address is selected</pre>
                        </td>
                        <td>
                            <!-- [TestAssert: Scenario - UserJourney-9] -->
                            <pre class="log">skipped because of previous errors</pre>
                        </td>
                        <td>Skipped in 0s</td>
                    </tr>
                    <tr>
                        <td>
                            <pre class="log">Then click on &quot;Deliver to this address&quot;</pre>
                        </td>
                        <td>
                            <!-- [TestAssert: Scenario - UserJourney-9] -->
                            <pre class="log">No matching step definition found for the step. Use the following code to create one:
        [Then(@&quot;click on &quot;&quot;(.*)&quot;&quot;&quot;)]
        public void ThenClickOn(string p0)
        {
            ScenarioContext.Current.Pending();
        }</pre>
                        </td>
                        <td>Pending in 0.002s</td>
                    </tr>
                    <tr>
                        <td>
                            <pre class="log">Then verify user is in Order summary page shippingaddress,Voucher discount,UPS Parcel,Totalcost,Vat and totalquantity</pre>
                        </td>
                        <td>
                            <!-- [TestAssert: Scenario - UserJourney-9] -->
                            <pre class="log">skipped because of previous errors</pre>
                        </td>
                        <td>Skipped in 0s</td>
                    </tr>
                    <tr>
                        <td>
                            <pre class="log">Then click cancel and return to shopping cart</pre>
                        </td>
                        <td>
                            <!-- [TestAssert: Scenario - UserJourney-9] -->
                            <pre class="log">skipped because of previous errors</pre>
                        </td>
                        <td>Skipped in 0s</td>
                    </tr>
                    <tr>
                        <td>
                            <pre class="log">Then user clicks on checkout</pre>
                        </td>
                        <td>
                            <!-- [TestAssert: Scenario - UserJourney-9] -->
                            <pre class="log">skipped because of previous errors</pre>
                        </td>
                        <td>Skipped in 0s</td>
                    </tr>
                    <tr>
                        <td>
                            <pre class="log">Then click on &quot;Deliver to this address&quot;</pre>
                        </td>
                        <td>
                            <!-- [TestAssert: Scenario - UserJourney-9] -->
                            <pre class="log">No matching step definition found for the step. Use the following code to create one:
        [Then(@&quot;click on &quot;&quot;(.*)&quot;&quot;&quot;)]
        public void ThenClickOn(string p0)
        {
            ScenarioContext.Current.Pending();
        }</pre>
                        </td>
                        <td>Pending in 0.002s</td>
                    </tr>
                    <tr>
                        <td>
                            <pre class="log">Then User clicks on Paynow</pre>
                        </td>
                        <td>
                            <!-- [TestAssert: Scenario - UserJourney-9] -->
                            <pre class="log">skipped because of previous errors</pre>
                        </td>
                        <td>Skipped in 0s</td>
                    </tr>
                    <tr>
                        <td>
                            <pre class="log">When Valid card data is entered</pre>
                        </td>
                        <td>
                            <!-- [TestAct: Scenario - UserJourney-9] -->
                            <pre class="log">skipped because of previous errors</pre>
                        </td>
                        <td>Skipped in 0.001s</td>
                    </tr>
                    <tr>
                        <td>
                            <pre class="log">Then Verify user is able to complete transaction</pre>
                        </td>
                        <td>
                            <!-- [TestAssert: Scenario - UserJourney-9] -->
                            <pre class="log">skipped because of previous errors</pre>
                        </td>
                        <td>Skipped in 0.001s</td>
                    </tr>
            </table>
            <a name="t-1668282660.0" />
            <h3>Scenario: UserJourney-10 (in Philips.CDP.Automation.IAP.Tests.Workflows, UJ10)</h3>
                <div class="description">
                    tags: mytag
                </div>
            <ul>
                <li>Status: Failed</li>
                <li>Start time: 8/2/2016 7:27:55 PM</li>
                <li>Execution time (sec): 39.317862</li>
                <li>Thread: #0</li>
                <li>Error: Assert.Fail failed. Failure Message: 
Object reference not set to an instance of an object.
    at Philips.H2H.Foundation.AutomationCore.MobilePageInstance.GetTextById(String sId) in d:\MM\Latest\CDP_TestAutomation\CDP_TestAutomation\CDP_TestAutomation\Src\Src\01Foundation\Common\Mobile\MobilePageInstance.cs:line 259
   at Philips.SIG.Automation.Android.CDP.IAPTestPlugin.LoginScreen.GetScreenTitle() in d:\MM\Latest\CDP_TestAutomation\CDP_TestAutomation\CDP_TestAutomation\Src\Src\02TestAuthoring API\CDP_TestPlugin\LoginScreen.cs:line 213
   at Philips.CDP.Automation.IAP.Tests.Regression.UJ01.GivenUserIsOnTheHomeScreen() in d:\MM\Latest\CDP_TestAutomation\CDP_TestAutomation\CDP_TestAutomation\Src\Src\03Test\WorkFlowTests\UJ01.cs:line 72</li>
            </ul>
            <table class="testEvents">
                <tr>
                    <th>Steps</th>
                    <th>Trace</th>
                    <th>Result</th>
                </tr>
                    <tr>
                        <td>
                            <pre class="log">Given User is on the Home Screen</pre>
                        </td>
                        <td>
                            <!-- [TestArrange: Scenario - UserJourney-10] -->
                            <pre class="log">Current Activity is Android Launcher activity / Iap Application Crashed.
error: Assert.Fail failed. Failure Message: 
Object reference not set to an instance of an object.
    at Philips.H2H.Foundation.AutomationCore.MobilePageInstance.GetTextById(String sId) in d:\MM\Latest\CDP_TestAutomation\CDP_TestAutomation\CDP_TestAutomation\Src\Src\01Foundation\Common\Mobile\MobilePageInstance.cs:line 259
   at Philips.SIG.Automation.Android.CDP.IAPTestPlugin.LoginScreen.GetScreenTitle() in d:\MM\Latest\CDP_TestAutomation\CDP_TestAutomation\CDP_TestAutomation\Src\Src\02TestAuthoring API\CDP_TestPlugin\LoginScreen.cs:line 213
   at Philips.CDP.Automation.IAP.Tests.Regression.UJ01.GivenUserIsOnTheHomeScreen() in d:\MM\Latest\CDP_TestAutomation\CDP_TestAutomation\CDP_TestAutomation\Src\Src\03Test\WorkFlowTests\UJ01.cs:line 72</pre>
                                <div class="errorMessage">Assert.Fail failed. Failure Message: 
Object reference not set to an instance of an object.
    at Philips.H2H.Foundation.AutomationCore.MobilePageInstance.GetTextById(String sId) in d:\MM\Latest\CDP_TestAutomation\CDP_TestAutomation\CDP_TestAutomation\Src\Src\01Foundation\Common\Mobile\MobilePageInstance.cs:line 259
   at Philips.SIG.Automation.Android.CDP.IAPTestPlugin.LoginScreen.GetScreenTitle() in d:\MM\Latest\CDP_TestAutomation\CDP_TestAutomation\CDP_TestAutomation\Src\Src\02TestAuthoring API\CDP_TestPlugin\LoginScreen.cs:line 213
   at Philips.CDP.Automation.IAP.Tests.Regression.UJ01.GivenUserIsOnTheHomeScreen() in d:\MM\Latest\CDP_TestAutomation\CDP_TestAutomation\CDP_TestAutomation\Src\Src\03Test\WorkFlowTests\UJ01.cs:line 72</div>
                                <pre class="stackTrace">Microsoft.VisualStudio.TestTools.UnitTesting.AssertFailedException: Assert.Fail failed. Failure Message: 
Object reference not set to an instance of an object.
    at Philips.H2H.Foundation.AutomationCore.MobilePageInstance.GetTextById(String sId) in d:\MM\Latest\CDP_TestAutomation\CDP_TestAutomation\CDP_TestAutomation\Src\Src\01Foundation\Common\Mobile\MobilePageInstance.cs:line 259
   at Philips.SIG.Automation.Android.CDP.IAPTestPlugin.LoginScreen.GetScreenTitle() in d:\MM\Latest\CDP_TestAutomation\CDP_TestAutomation\CDP_TestAutomation\Src\Src\02TestAuthoring API\CDP_TestPlugin\LoginScreen.cs:line 213
   at Philips.CDP.Automation.IAP.Tests.Regression.UJ01.GivenUserIsOnTheHomeScreen() in d:\MM\Latest\CDP_TestAutomation\CDP_TestAutomation\CDP_TestAutomation\Src\Src\03Test\WorkFlowTests\UJ01.cs:line 72
   at Microsoft.VisualStudio.TestTools.UnitTesting.Assert.HandleFailure(String assertionName, String message)
   at Microsoft.VisualStudio.TestTools.UnitTesting.Assert.Fail(String message)
   at Philips.H2H.Foundation.AutomationCore.Logger.Fail(String text) in d:\MM\Latest\CDP_TestAutomation\CDP_TestAutomation\CDP_TestAutomation\Src\Src\01Foundation\Common\Logging\Logger.cs:line 54
   at Philips.CDP.Automation.IAP.Tests.Workflows.IapReport.Fail(String message, Exception e) in d:\MM\Latest\CDP_TestAutomation\CDP_TestAutomation\CDP_TestAutomation\Src\Src\03Test\WorkFlowTests\IapReport.cs:line 41
   at Philips.CDP.Automation.IAP.Tests.Regression.UJ01.GivenUserIsOnTheHomeScreen() in d:\MM\Latest\CDP_TestAutomation\CDP_TestAutomation\CDP_TestAutomation\Src\Src\03Test\WorkFlowTests\UJ01.cs:line 89
   at TechTalk.SpecFlow.Bindings.BindingInvoker.InvokeBinding(IBinding binding, IContextManager contextManager, Object[] arguments, ITestTracer testTracer, TimeSpan&amp; duration)
   at TechTalk.SpecFlow.Infrastructure.TestExecutionEngine.ExecuteStepMatch(BindingMatch match, Object[] arguments)
   at TechTalk.SpecFlow.Infrastructure.TestExecutionEngine.ExecuteStep(StepInstance stepInstance)
   at TechTalk.SpecFlow.Infrastructure.TestExecutionEngine.OnAfterLastStep()
   at Philips.CDP.Automation.IAP.Tests.Workflows.UJ10Feature.ScenarioCleanup() in d:\MM\Latest\CDP_TestAutomation\CDP_TestAutomation\CDP_TestAutomation\Src\Src\03Test\WorkFlowTests\UJ10.feature.cs:line 0
   at Philips.CDP.Automation.IAP.Tests.Workflows.UJ10Feature.UserJourney_10() in d:\MM\Latest\CDP_TestAutomation\CDP_TestAutomation\CDP_TestAutomation\Src\Src\03Test\WorkFlowTests\UJ10.feature:line 47
   at TechTalk.SpecRun.Framework.TaskExecutors.StaticOrInstanceMethodExecutor.ExecuteInternal(ITestThreadExecutionContext testThreadExecutionContext) in c:\TeamCity\BuildAgent\work\245a3e4d646c0875\TechTalk.SpecRun.Framework.Interfaces\TaskExecutors\StaticOrInstanceMethodExecutor.cs:line 40
   at TechTalk.SpecRun.Framework.TestAssemblyExecutor.ExecuteTestNodeTask(TestNode testNode, ITaskExecutor task, TraceEventType eventType) in c:\TeamCity\BuildAgent\work\245a3e4d646c0875\TechTalk.SpecRun.Framework.Executor\TestAssemblyExecutor.cs:line 215</pre>
                        </td>
                        <td>Failed in 38.439s</td>
                    </tr>
                    <tr>
                        <td>
                            <pre class="log">Given User is a second time user</pre>
                        </td>
                        <td>
                            <!-- [TestArrange: Scenario - UserJourney-10] -->
                            <pre class="log">skipped because of previous errors</pre>
                        </td>
                        <td>Skipped in 0s</td>
                    </tr>
                    <tr>
                        <td>
                            <pre class="log">When User selects country store and clicks on Shop Now</pre>
                        </td>
                        <td>
                            <!-- [TestAct: Scenario - UserJourney-10] -->
                            <pre class="log">skipped because of previous errors</pre>
                        </td>
                        <td>Skipped in 0s</td>
                    </tr>
                    <tr>
                        <td>
                            <pre class="log">Then verify user is in product catalog view</pre>
                        </td>
                        <td>
                            <!-- [TestAssert: Scenario - UserJourney-10] -->
                            <pre class="log">skipped because of previous errors</pre>
                        </td>
                        <td>Skipped in 0.001s</td>
                    </tr>
                    <tr>
                        <td>
                            <pre class="log">And select &quot;HX9042/64&quot; from product catalog view</pre>
                        </td>
                        <td>
                            <!-- [TestAssert: Scenario - UserJourney-10] -->
                            <pre class="log">skipped because of previous errors</pre>
                        </td>
                        <td>Skipped in 0s</td>
                    </tr>
                    <tr>
                        <td>
                            <pre class="log">And select &quot;HX9002/64&quot; from product catalog view</pre>
                        </td>
                        <td>
                            <!-- [TestAssert: Scenario - UserJourney-10] -->
                            <pre class="log">skipped because of previous errors</pre>
                        </td>
                        <td>Skipped in 0s</td>
                    </tr>
                    <tr>
                        <td>
                            <pre class="log">When User Clicks on Continue Shopping</pre>
                        </td>
                        <td>
                            <!-- [TestAct: Scenario - UserJourney-10] -->
                            <pre class="log">skipped because of previous errors</pre>
                        </td>
                        <td>Skipped in 0s</td>
                    </tr>
                    <tr>
                        <td>
                            <pre class="log">Then verify user is in product catalog view</pre>
                        </td>
                        <td>
                            <!-- [TestAssert: Scenario - UserJourney-10] -->
                            <pre class="log">skipped because of previous errors</pre>
                        </td>
                        <td>Skipped in 0s</td>
                    </tr>
                    <tr>
                        <td>
                            <pre class="log">Then I go to home screen</pre>
                        </td>
                        <td>
                            <!-- [TestAssert: Scenario - UserJourney-10] -->
                            <pre class="log">No matching step definition found for the step. Use the following code to create one:
        [Then(@&quot;I go to home screen&quot;)]
        public void ThenIGoToHomeScreen()
        {
            ScenarioContext.Current.Pending();
        }</pre>
                        </td>
                        <td>Pending in 0.001s</td>
                    </tr>
                    <tr>
                        <td>
                            <pre class="log">Then Verify on repeated click of  Buy Now  feature</pre>
                        </td>
                        <td>
                            <!-- [TestAssert: Scenario - UserJourney-10] -->
                            <pre class="log">skipped because of previous errors</pre>
                        </td>
                        <td>Skipped in 0s</td>
                    </tr>
                    <tr>
                        <td>
                            <pre class="log">Then Verify the status of shopping icon when the app is sent to back ground and brought to foregound</pre>
                        </td>
                        <td>
                            <!-- [TestAssert: Scenario - UserJourney-10] -->
                            <pre class="log">No matching step definition found for the step. Use the following code to create one:
        [Then(@&quot;Verify the status of shopping icon when the app is sent to back ground and brought to foregound&quot;)]
        public void ThenVerifyTheStatusOfShoppingIconWhenTheAppIsSentToBackGroundAndBroughtToForegound()
        {
            ScenarioContext.Current.Pending();
        }</pre>
                        </td>
                        <td>Pending in 0.001s</td>
                    </tr>
                    <tr>
                        <td>
                            <pre class="log">Then Verify the status of shopping icon when the app is closed and relaunched</pre>
                        </td>
                        <td>
                            <!-- [TestAssert: Scenario - UserJourney-10] -->
                            <pre class="log">No matching step definition found for the step. Use the following code to create one:
        [Then(@&quot;Verify the status of shopping icon when the app is closed and relaunched&quot;)]
        public void ThenVerifyTheStatusOfShoppingIconWhenTheAppIsClosedAndRelaunched()
        {
            ScenarioContext.Current.Pending();
        }</pre>
                        </td>
                        <td>Pending in 0.001s</td>
                    </tr>
                    <tr>
                        <td>
                            <pre class="log">Then click on  shopping cart icon</pre>
                        </td>
                        <td>
                            <!-- [TestAssert: Scenario - UserJourney-10] -->
                            <pre class="log">No matching step definition found for the step. Use the following code to create one:
        [Then(@&quot;click on  shopping cart icon&quot;)]
        public void ThenClickOnShoppingCartIcon()
        {
            ScenarioContext.Current.Pending();
        }</pre>
                        </td>
                        <td>Pending in 0.001s</td>
                    </tr>
                    <tr>
                        <td>
                            <pre class="log">Then Verify shopping cart has &quot;Sonicare AdaptiveClean Standard sonic toothbrush heads&quot;</pre>
                        </td>
                        <td>
                            <!-- [TestAssert: Scenario - UserJourney-10] -->
                            <pre class="log">skipped because of previous errors</pre>
                        </td>
                        <td>Skipped in 0s</td>
                    </tr>
                    <tr>
                        <td>
                            <pre class="log">Then Verify shopping cart has &quot;Sonicare InterCare Standard sonic toothbrush heads&quot;</pre>
                        </td>
                        <td>
                            <!-- [TestAssert: Scenario - UserJourney-10] -->
                            <pre class="log">skipped because of previous errors</pre>
                        </td>
                        <td>Skipped in 0s</td>
                    </tr>
                    <tr>
                        <td>
                            <pre class="log">When User increments quantity of &quot;Sonicare AdaptiveClean Standard sonic toothbrush heads&quot; to &quot;2&quot;</pre>
                        </td>
                        <td>
                            <!-- [TestAct: Scenario - UserJourney-10] -->
                            <pre class="log">skipped because of previous errors</pre>
                        </td>
                        <td>Skipped in 0s</td>
                    </tr>
                    <tr>
                        <td>
                            <pre class="log">When User increments quantity of &quot;Sonicare InterCare Standard sonic toothbrush heads&quot; to &quot;2&quot;</pre>
                        </td>
                        <td>
                            <!-- [TestAct: Scenario - UserJourney-10] -->
                            <pre class="log">skipped because of previous errors</pre>
                        </td>
                        <td>Skipped in 0s</td>
                    </tr>
                    <tr>
                        <td>
                            <pre class="log">Then verify delivery and VAT</pre>
                        </td>
                        <td>
                            <!-- [TestAssert: Scenario - UserJourney-10] -->
                            <pre class="log">skipped because of previous errors</pre>
                        </td>
                        <td>Skipped in 0s</td>
                    </tr>
                    <tr>
                        <td>
                            <pre class="log">Then verify the total number of product list and the total cost</pre>
                        </td>
                        <td>
                            <!-- [TestAssert: Scenario - UserJourney-10] -->
                            <pre class="log">skipped because of previous errors</pre>
                        </td>
                        <td>Skipped in 0s</td>
                    </tr>
                    <tr>
                        <td>
                            <pre class="log">Then user clicks on checkout</pre>
                        </td>
                        <td>
                            <!-- [TestAssert: Scenario - UserJourney-10] -->
                            <pre class="log">skipped because of previous errors</pre>
                        </td>
                        <td>Skipped in 0s</td>
                    </tr>
                    <tr>
                        <td>
                            <pre class="log">Then verify previous shipping address is selected</pre>
                        </td>
                        <td>
                            <!-- [TestAssert: Scenario - UserJourney-10] -->
                            <pre class="log">skipped because of previous errors</pre>
                        </td>
                        <td>Skipped in 0s</td>
                    </tr>
                    <tr>
                        <td>
                            <pre class="log">Then select add a new address</pre>
                        </td>
                        <td>
                            <!-- [TestAssert: Scenario - UserJourney-10] -->
                            <pre class="log">skipped because of previous errors</pre>
                        </td>
                        <td>Skipped in 0.001s</td>
                    </tr>
                    <tr>
                        <td>
                            <pre class="log">When invalid shipping address is entered</pre>
                        </td>
                        <td>
                            <!-- [TestAct: Scenario - UserJourney-10] -->
                            <pre class="log">skipped because of previous errors</pre>
                        </td>
                        <td>Skipped in 0s</td>
                    </tr>
                    <tr>
                        <td>
                            <pre class="log">Then verify error message is seen</pre>
                        </td>
                        <td>
                            <!-- [TestAssert: Scenario - UserJourney-10] -->
                            <pre class="log">skipped because of previous errors</pre>
                        </td>
                        <td>Skipped in 0s</td>
                    </tr>
                    <tr>
                        <td>
                            <pre class="log">Then Enter a valid shipping address and click continue</pre>
                        </td>
                        <td>
                            <!-- [TestAssert: Scenario - UserJourney-10] -->
                            <pre class="log">skipped because of previous errors</pre>
                        </td>
                        <td>Skipped in 0s</td>
                    </tr>
                    <tr>
                        <td>
                            <pre class="log">When billing address is different from shipping address</pre>
                        </td>
                        <td>
                            <!-- [TestAct: Scenario - UserJourney-10] -->
                            <pre class="log">skipped because of previous errors</pre>
                        </td>
                        <td>Skipped in 0s</td>
                    </tr>
                    <tr>
                        <td>
                            <pre class="log">Then user clicks on cancel</pre>
                        </td>
                        <td>
                            <!-- [TestAssert: Scenario - UserJourney-10] -->
                            <pre class="log">No matching step definition found for the step. Use the following code to create one:
        [Then(@&quot;user clicks on cancel&quot;)]
        public void ThenUserClicksOnCancel()
        {
            ScenarioContext.Current.Pending();
        }</pre>
                        </td>
                        <td>Pending in 0s</td>
                    </tr>
                    <tr>
                        <td>
                            <pre class="log">Then Verify user is in shopping cart view</pre>
                        </td>
                        <td>
                            <!-- [TestAssert: Scenario - UserJourney-10] -->
                            <pre class="log">skipped because of previous errors</pre>
                        </td>
                        <td>Skipped in 0s</td>
                    </tr>
                    <tr>
                        <td>
                            <pre class="log">Then user clicks on checkout</pre>
                        </td>
                        <td>
                            <!-- [TestAssert: Scenario - UserJourney-10] -->
                            <pre class="log">skipped because of previous errors</pre>
                        </td>
                        <td>Skipped in 0.001s</td>
                    </tr>
                    <tr>
                        <td>
                            <pre class="log">Then verify previous shipping address is selected</pre>
                        </td>
                        <td>
                            <!-- [TestAssert: Scenario - UserJourney-10] -->
                            <pre class="log">skipped because of previous errors</pre>
                        </td>
                        <td>Skipped in 0s</td>
                    </tr>
                    <tr>
                        <td>
                            <pre class="log">Then click on Deliver to this address</pre>
                        </td>
                        <td>
                            <!-- [TestAssert: Scenario - UserJourney-10] -->
                            <pre class="log">skipped because of previous errors</pre>
                        </td>
                        <td>Skipped in 0s</td>
                    </tr>
                    <tr>
                        <td>
                            <pre class="log">When billing address is different from shipping address</pre>
                        </td>
                        <td>
                            <!-- [TestAct: Scenario - UserJourney-10] -->
                            <pre class="log">skipped because of previous errors</pre>
                        </td>
                        <td>Skipped in 0s</td>
                    </tr>
                    <tr>
                        <td>
                            <pre class="log">Then enter valid billing address and click continue</pre>
                        </td>
                        <td>
                            <!-- [TestAssert: Scenario - UserJourney-10] -->
                            <pre class="log">skipped because of previous errors</pre>
                        </td>
                        <td>Skipped in 0s</td>
                    </tr>
                    <tr>
                        <td>
                            <pre class="log">Then verify user is in Order summary page shippingaddress,Voucher discount,UPS Parcel,Totalcost,Vat and totalquantity</pre>
                        </td>
                        <td>
                            <!-- [TestAssert: Scenario - UserJourney-10] -->
                            <pre class="log">skipped because of previous errors</pre>
                        </td>
                        <td>Skipped in 0s</td>
                    </tr>
                    <tr>
                        <td>
                            <pre class="log">Then User clicks on Paynow</pre>
                        </td>
                        <td>
                            <!-- [TestAssert: Scenario - UserJourney-10] -->
                            <pre class="log">skipped because of previous errors</pre>
                        </td>
                        <td>Skipped in 0s</td>
                    </tr>
                    <tr>
                        <td>
                            <pre class="log">Then verify user is on payment screen</pre>
                        </td>
                        <td>
                            <!-- [TestAssert: Scenario - UserJourney-10] -->
                            <pre class="log">skipped because of previous errors</pre>
                        </td>
                        <td>Skipped in 0s</td>
                    </tr>
                    <tr>
                        <td>
                            <pre class="log">When Invalid card data is entered</pre>
                        </td>
                        <td>
                            <!-- [TestAct: Scenario - UserJourney-10] -->
                            <pre class="log">skipped because of previous errors</pre>
                        </td>
                        <td>Skipped in 0s</td>
                    </tr>
                    <tr>
                        <td>
                            <pre class="log">Then verify user gets a failed message</pre>
                        </td>
                        <td>
                            <!-- [TestAssert: Scenario - UserJourney-10] -->
                            <pre class="log">skipped because of previous errors</pre>
                        </td>
                        <td>Skipped in 0.001s</td>
                    </tr>
            </table>
	</body>
</html>
</a><div style='position: absolute; top:0px; right:10px; z-index: 1000; text-align: right; font-size: small; color: #FF5555'>
Generated by an evaluation version of SpecRun.<br />
This version can be used for evaluation purposes only.<br />
For obtaining a registered license please visit <a href='http://www.specflow.org/plus'>http://www.specflow.org/plus</a>.
</div>
