DEBUG 2016-08-01 21:23:07,548 - BIN Path of the Assembly: C:\drive\CDP_TestAutomation\CDP_TestAutomation\Src\Bin
DEBUG 2016-08-01 21:23:07,557 - Log Path of the Test Execution: C:\drive\CDP_TestAutomation\CDP_TestAutomation\TestReports\2016_08_01_21_23\
DEBUG 2016-08-01 21:23:07,557 - Unlocking Android device for test execution.....
DEBUG 2016-08-01 21:23:07,557 - UiAutomation Script Path: C:\drive\CDP_TestAutomation\CDP_TestAutomation\Src\Bin\UIAutomation
DEBUG 2016-08-01 21:23:07,558 - Pushing UIAutomator JAR to the Android Test device
DEBUG 2016-08-01 21:23:07,558 - Pushing file from source : C:\drive\CDP_TestAutomation\CDP_TestAutomation\Src\Bin\UIAutomation\ECPUIAutomatorTest.jar to destination : /data/local/tmp/
DEBUG 2016-08-01 21:23:07,761 - 
DEBUG 2016-08-01 21:23:07,761 - error: device '3404609ad67c314f' not found

DEBUG 2016-08-01 21:23:07,813 - Exception while Killing Process: 26664 Exception: Process with an Id of 26664 is not running.
ERROR 2016-08-01 21:23:13,846 - Could not unlock the device, stopping Test Execution.
DEBUG 2016-08-01 21:23:13,928 - BIN Path of the Assembly: C:\drive\CDP_TestAutomation\CDP_TestAutomation\Src\Bin
DEBUG 2016-08-01 21:23:13,928 - Log Path of the Test Execution: C:\drive\CDP_TestAutomation\CDP_TestAutomation\TestReports\2016_08_01_21_23\
DEBUG 2016-08-01 21:23:13,928 - Unlocking Android device for test execution.....
DEBUG 2016-08-01 21:23:13,928 - UiAutomation Script Path: C:\drive\CDP_TestAutomation\CDP_TestAutomation\Src\Bin\UIAutomation
DEBUG 2016-08-01 21:23:13,928 - Pushing UIAutomator JAR to the Android Test device
DEBUG 2016-08-01 21:23:13,928 - Pushing file from source : C:\drive\CDP_TestAutomation\CDP_TestAutomation\Src\Bin\UIAutomation\ECPUIAutomatorTest.jar to destination : /data/local/tmp/
DEBUG 2016-08-01 21:23:14,086 - 
DEBUG 2016-08-01 21:23:14,086 - error: device '3404609ad67c314f' not found

DEBUG 2016-08-01 21:23:14,108 - Exception while Killing Process: 25328 Exception: Process with an Id of 25328 is not running.
ERROR 2016-08-01 21:23:20,109 - Could not unlock the device, stopping Test Execution.
